[INFO ] 2016-10-09 02:46:34.360 [main] Fuzzification - INFO - The file created is : 'src/main/resources/fcl/bully_verbal.fcl'
[INFO ] 2016-10-09 02:46:36.683 [main] Fuzzification - INFO - The file created is : 'src/main/resources/fcl/victim_cyberbullying.fcl'
[INFO ] 2016-10-09 02:46:36.750 [main] Fuzzification - INFO - The file created is : 'src/main/resources/fcl/bully_physical.fcl'
[INFO ] 2016-10-09 02:46:37.832 [main] Fuzzification - INFO - The file created is : 'src/main/resources/fcl/victim_cyberbullying.fcl'
[INFO ] 2016-10-09 02:46:38.352 [main] Fuzzification - INFO - The file created is : 'src/main/resources/fcl/bully_cyberbullying.fcl'
[INFO ] 2016-10-09 02:46:40.214 [main] Fuzzification - INFO - The file created is : 'src/main/resources/fcl/victim_verbal.fcl'
[INFO ] 2016-10-09 02:46:40.649 [main] Fuzzification - INFO - The file created is : 'src/main/resources/fcl/victim_cyberbullying.fcl'
[INFO ] 2016-10-09 02:46:41.354 [main] Fuzzification - INFO - The file created is : 'src/main/resources/fcl/victim_cyberbullying.fcl'
[INFO ] 2016-10-09 02:46:42.342 [main] Fuzzification - INFO - The file created is : 'src/main/resources/fcl/victim_cyberbullying.fcl'
[INFO ] 2016-10-09 02:46:42.870 [main] Fuzzification - INFO - The file created is : 'src/main/resources/fcl/bully_cyberbullying.fcl'
[INFO ] 2016-10-09 02:46:43.272 [main] Fuzzification - INFO - The file created is : 'src/main/resources/fcl/victim_cyberbullying.fcl'
[INFO ] 2016-10-09 02:46:43.654 [main] Fuzzification - INFO - The file created is : 'src/main/resources/fcl/bully_cyberbullying.fcl'
[INFO ] 2016-10-09 02:46:44.927 [main] Fuzzification - INFO - The file created is : 'src/main/resources/fcl/bully_physical.fcl'
[INFO ] 2016-10-09 02:46:46.618 [main] Fuzzification - INFO - The file created is : 'src/main/resources/fcl/victim_cyberbullying.fcl'
[INFO ] 2016-10-09 02:46:47.196 [main] Fuzzification - INFO - The file created is : 'src/main/resources/fcl/bully_cyberbullying.fcl'
[INFO ] 2016-10-09 02:46:48.392 [main] Fuzzification - INFO - The file created is : 'src/main/resources/fcl/bully_cyberbullying.fcl'
[INFO ] 2016-10-09 02:46:51.096 [main] Fuzzification - INFO - The file created is : 'src/main/resources/fcl/victim_cyberbullying.fcl'
[INFO ] 2016-10-09 02:46:51.719 [main] Fuzzification - INFO - The file created is : 'src/main/resources/fcl/victim_cyberbullying.fcl'
[INFO ] 2016-10-09 02:46:51.758 [main] Fuzzification - INFO - The file created is : 'src/main/resources/fcl/bully_physical.fcl'
[INFO ] 2016-10-09 02:46:52.201 [main] Fuzzification - INFO - The file created is : 'src/main/resources/fcl/victim_physical.fcl'
[INFO ] 2016-10-09 02:46:54.522 [main] Fuzzification - INFO - The file created is : 'src/main/resources/fcl/victim_cyberbullying.fcl'
[INFO ] 2016-10-09 02:46:54.716 [main] Fuzzification - INFO - The file created is : 'src/main/resources/fcl/victim_cyberbullying.fcl'
[INFO ] 2016-10-09 02:46:54.999 [main] Fuzzification - INFO - The file created is : 'src/main/resources/fcl/victim_verbal.fcl'
[INFO ] 2016-10-09 02:46:56.420 [main] Fuzzification - INFO - The file created is : 'src/main/resources/fcl/victim_physical.fcl'
[INFO ] 2016-10-09 02:46:57.040 [main] Fuzzification - INFO - The file created is : 'src/main/resources/fcl/bully_verbal.fcl'
[INFO ] 2016-10-09 02:46:57.191 [main] Fuzzification - INFO - The file created is : 'src/main/resources/fcl/victim_cyberbullying.fcl'
[INFO ] 2016-10-09 02:46:58.623 [main] Fuzzification - INFO - The file created is : 'src/main/resources/fcl/victim_cyberbullying.fcl'
[INFO ] 2016-10-09 02:46:58.777 [main] Fuzzification - INFO - The file created is : 'src/main/resources/fcl/victim_cyberbullying.fcl'
[INFO ] 2016-10-09 02:46:59.151 [main] Fuzzification - INFO - The file created is : 'src/main/resources/fcl/victim_physical.fcl'
[INFO ] 2016-10-09 02:47:00.414 [main] Fuzzification - INFO - The file created is : 'src/main/resources/fcl/victim_cyberbullying.fcl'
[INFO ] 2016-10-09 02:47:03.082 [main] Fuzzification - INFO - The file created is : 'src/main/resources/fcl/victim_cyberbullying.fcl'
[INFO ] 2016-10-09 02:47:04.328 [main] Fuzzification - INFO - The file created is : 'src/main/resources/fcl/bully_cyberbullying.fcl'
[INFO ] 2016-10-09 02:47:04.666 [main] Fuzzification - INFO - The file created is : 'src/main/resources/fcl/victim_cyberbullying.fcl'
[INFO ] 2016-10-09 02:47:07.012 [main] Fuzzification - INFO - The file created is : 'src/main/resources/fcl/victim_verbal.fcl'
[INFO ] 2016-10-09 02:47:09.165 [main] Fuzzification - INFO - The file created is : 'src/main/resources/fcl/victim_cyberbullying.fcl'
[INFO ] 2016-10-09 02:47:10.041 [main] Fuzzification - INFO - The file created is : 'src/main/resources/fcl/victim_cyberbullying.fcl'
[INFO ] 2016-10-09 02:47:10.918 [main] Fuzzification - INFO - The file created is : 'src/main/resources/fcl/victim_physical.fcl'
[INFO ] 2016-10-09 02:47:11.831 [main] Fuzzification - INFO - The file created is : 'src/main/resources/fcl/victim_physical.fcl'
[INFO ] 2016-10-09 02:47:12.618 [main] Fuzzification - INFO - The file created is : 'src/main/resources/fcl/bully_cyberbullying.fcl'
[INFO ] 2016-10-09 02:47:12.848 [main] Fuzzification - INFO - The file created is : 'src/main/resources/fcl/victim_verbal.fcl'
[INFO ] 2016-10-09 02:47:15.704 [main] Fuzzification - INFO - The file created is : 'src/main/resources/fcl/victim_cyberbullying.fcl'
[INFO ] 2016-10-09 02:47:16.028 [main] Fuzzification - INFO - The file created is : 'src/main/resources/fcl/bully_physical.fcl'
[INFO ] 2016-10-09 02:47:16.468 [main] Fuzzification - INFO - The file created is : 'src/main/resources/fcl/victim_cyberbullying.fcl'
[INFO ] 2016-10-09 02:47:17.524 [main] Fuzzification - INFO - The file created is : 'src/main/resources/fcl/victim_physical.fcl'
[INFO ] 2016-10-09 02:47:17.944 [main] Fuzzification - INFO - The file created is : 'src/main/resources/fcl/bully_verbal.fcl'
[INFO ] 2016-10-09 02:47:21.641 [main] Fuzzification - INFO - The file created is : 'src/main/resources/fcl/bully_verbal.fcl'
[INFO ] 2016-10-09 02:47:25.371 [main] Fuzzification - INFO - The file created is : 'src/main/resources/fcl/victim_verbal.fcl'
[INFO ] 2016-10-09 02:47:26.311 [main] Fuzzification - INFO - The file created is : 'src/main/resources/fcl/victim_cyberbullying.fcl'
[INFO ] 2016-10-09 02:47:27.541 [main] Fuzzification - INFO - The file created is : 'src/main/resources/fcl/victim_verbal.fcl'
[INFO ] 2016-10-09 02:47:28.618 [main] Fuzzification - INFO - The file created is : 'src/main/resources/fcl/victim_cyberbullying.fcl'
[INFO ] 2016-10-09 02:47:30.972 [main] Fuzzification - INFO - The file created is : 'src/main/resources/fcl/victim_verbal.fcl'
[INFO ] 2016-10-09 02:47:31.947 [main] Fuzzification - INFO - The file created is : 'src/main/resources/fcl/bully_cyberbullying.fcl'
[INFO ] 2016-10-09 02:47:32.274 [main] Fuzzification - INFO - The file created is : 'src/main/resources/fcl/victim_cyberbullying.fcl'
[INFO ] 2016-10-09 02:47:32.736 [main] Fuzzification - INFO - The file created is : 'src/main/resources/fcl/bully_cyberbullying.fcl'
[INFO ] 2016-10-09 02:47:32.901 [main] Fuzzification - INFO - The file created is : 'src/main/resources/fcl/victim_verbal.fcl'
[INFO ] 2016-10-09 02:47:33.273 [main] Fuzzification - INFO - The file created is : 'src/main/resources/fcl/victim_cyberbullying.fcl'
[INFO ] 2016-10-09 02:47:35.090 [main] Fuzzification - INFO - The file created is : 'src/main/resources/fcl/victim_cyberbullying.fcl'
[INFO ] 2016-10-09 02:47:35.624 [main] Fuzzification - INFO - The file created is : 'src/main/resources/fcl/victim_physical.fcl'
[INFO ] 2016-10-09 02:47:36.050 [main] Fuzzification - INFO - The file created is : 'src/main/resources/fcl/victim_cyberbullying.fcl'
[INFO ] 2016-10-09 02:47:36.408 [main] Fuzzification - INFO - The file created is : 'src/main/resources/fcl/victim_cyberbullying.fcl'
[INFO ] 2016-10-09 02:47:37.291 [main] Fuzzification - INFO - The file created is : 'src/main/resources/fcl/victim_cyberbullying.fcl'
[INFO ] 2016-10-09 02:47:38.762 [main] Fuzzification - INFO - The file created is : 'src/main/resources/fcl/victim_verbal.fcl'
[INFO ] 2016-10-09 02:47:39.182 [main] Fuzzification - INFO - The file created is : 'src/main/resources/fcl/victim_verbal.fcl'
[INFO ] 2016-10-09 02:47:40.737 [main] Fuzzification - INFO - The file created is : 'src/main/resources/fcl/victim_verbal.fcl'
[INFO ] 2016-10-09 02:47:41.356 [main] Fuzzification - INFO - The file created is : 'src/main/resources/fcl/bully_cyberbullying.fcl'
[INFO ] 2016-10-09 02:47:48.761 [main] Fuzzification - INFO - The file created is : 'src/main/resources/fcl/bully_verbal.fcl'
[INFO ] 2016-10-09 02:47:52.078 [main] Fuzzification - INFO - The file created is : 'src/main/resources/fcl/victim_cyberbullying.fcl'
[INFO ] 2016-10-09 02:48:02.776 [main] Fuzzification - INFO - The file created is : 'src/main/resources/fcl/victim_cyberbullying.fcl'
[INFO ] 2016-10-09 02:48:04.159 [main] Fuzzification - INFO - The file created is : 'src/main/resources/fcl/victim_verbal.fcl'
[INFO ] 2016-10-09 02:48:04.183 [main] Fuzzification - INFO - The file created is : 'src/main/resources/fcl/victim_verbal.fcl'
[INFO ] 2016-10-09 02:48:09.669 [main] Fuzzification - INFO - The file created is : 'src/main/resources/fcl/bully_verbal.fcl'
[INFO ] 2016-10-09 02:48:21.323 [main] Fuzzification - INFO - The file created is : 'src/main/resources/fcl/victim_cyberbullying.fcl'
[INFO ] 2016-10-09 02:48:23.227 [main] Fuzzification - INFO - The file created is : 'src/main/resources/fcl/victim_cyberbullying.fcl'
[INFO ] 2016-10-09 02:48:31.654 [main] Fuzzification - INFO - The file created is : 'src/main/resources/fcl/victim_cyberbullying.fcl'
[INFO ] 2016-10-09 02:48:31.677 [main] Fuzzification - INFO - The file created is : 'src/main/resources/fcl/victim_cyberbullying.fcl'
[INFO ] 2016-10-09 02:48:32.048 [main] Fuzzification - INFO - The file created is : 'src/main/resources/fcl/victim_cyberbullying.fcl'
[INFO ] 2016-10-09 02:48:42.490 [main] Fuzzification - INFO - The file created is : 'src/main/resources/fcl/victim_verbal.fcl'
[INFO ] 2016-10-09 02:48:42.647 [main] Fuzzification - INFO - The file created is : 'src/main/resources/fcl/victim_verbal.fcl'
[INFO ] 2016-10-09 02:48:42.848 [main] Fuzzification - INFO - The file created is : 'src/main/resources/fcl/victim_cyberbullying.fcl'
[INFO ] 2016-10-09 02:48:45.732 [main] Fuzzification - INFO - The file created is : 'src/main/resources/fcl/victim_verbal.fcl'
[INFO ] 2016-10-09 02:48:55.399 [main] Fuzzification - INFO - The file created is : 'src/main/resources/fcl/victim_cyberbullying.fcl'
[INFO ] 2016-10-09 02:48:55.451 [main] Fuzzification - INFO - The file created is : 'src/main/resources/fcl/victim_cyberbullying.fcl'
[INFO ] 2016-10-09 02:48:57.236 [main] Fuzzification - INFO - The file created is : 'src/main/resources/fcl/victim_verbal.fcl'
[INFO ] 2016-10-09 02:48:57.631 [main] Fuzzification - INFO - The file created is : 'src/main/resources/fcl/victim_cyberbullying.fcl'
[INFO ] 2016-10-09 02:49:00.032 [main] Fuzzification - INFO - The file created is : 'src/main/resources/fcl/victim_cyberbullying.fcl'
[INFO ] 2016-10-09 02:49:00.631 [main] Fuzzification - INFO - The file created is : 'src/main/resources/fcl/victim_cyberbullying.fcl'
[INFO ] 2016-10-09 02:49:04.108 [main] Fuzzification - INFO - The file created is : 'src/main/resources/fcl/victim_cyberbullying.fcl'
[INFO ] 2016-10-09 02:49:09.488 [main] Fuzzification - INFO - The file created is : 'src/main/resources/fcl/victim_verbal.fcl'
[INFO ] 2016-10-09 02:49:12.059 [main] Fuzzification - INFO - The file created is : 'src/main/resources/fcl/victim_cyberbullying.fcl'
[INFO ] 2016-10-09 02:49:16.013 [main] Fuzzification - INFO - The file created is : 'src/main/resources/fcl/victim_cyberbullying.fcl'
[INFO ] 2016-10-09 02:49:17.740 [main] Fuzzification - INFO - The file created is : 'src/main/resources/fcl/victim_cyberbullying.fcl'
[INFO ] 2016-10-09 02:49:18.181 [main] Fuzzification - INFO - The file created is : 'src/main/resources/fcl/victim_verbal.fcl'
[INFO ] 2016-10-09 02:49:18.421 [main] Fuzzification - INFO - The file created is : 'src/main/resources/fcl/victim_cyberbullying.fcl'
[INFO ] 2016-10-09 02:49:19.165 [main] Fuzzification - INFO - The file created is : 'src/main/resources/fcl/victim_cyberbullying.fcl'
[INFO ] 2016-10-09 02:49:20.435 [main] Fuzzification - INFO - The file created is : 'src/main/resources/fcl/victim_cyberbullying.fcl'
[INFO ] 2016-10-09 02:49:22.239 [main] Fuzzification - INFO - The file created is : 'src/main/resources/fcl/victim_cyberbullying.fcl'
[INFO ] 2016-10-09 02:49:25.942 [main] Fuzzification - INFO - The file created is : 'src/main/resources/fcl/victim_cyberbullying.fcl'
[INFO ] 2016-10-09 02:49:27.668 [main] Fuzzification - INFO - The file created is : 'src/main/resources/fcl/victim_physical.fcl'
[INFO ] 2016-10-09 02:49:28.857 [main] Fuzzification - INFO - The file created is : 'src/main/resources/fcl/victim_physical.fcl'
[INFO ] 2016-10-09 02:49:28.903 [main] Fuzzification - INFO - The file created is : 'src/main/resources/fcl/victim_cyberbullying.fcl'
[INFO ] 2016-10-09 02:49:35.169 [main] Fuzzification - INFO - The file created is : 'src/main/resources/fcl/victim_verbal.fcl'
[INFO ] 2016-10-09 02:49:37.653 [main] Fuzzification - INFO - The file created is : 'src/main/resources/fcl/victim_verbal.fcl'
[INFO ] 2016-10-09 02:49:38.913 [main] Fuzzification - INFO - The file created is : 'src/main/resources/fcl/victim_verbal.fcl'
[INFO ] 2016-10-09 02:49:39.930 [main] Fuzzification - INFO - The file created is : 'src/main/resources/fcl/victim_cyberbullying.fcl'
[INFO ] 2016-10-09 02:49:42.412 [main] Fuzzification - INFO - The file created is : 'src/main/resources/fcl/victim_cyberbullying.fcl'
[INFO ] 2016-10-09 02:49:47.556 [main] Fuzzification - INFO - The file created is : 'src/main/resources/fcl/victim_cyberbullying.fcl'
[INFO ] 2016-10-09 02:49:50.093 [main] Fuzzification - INFO - The file created is : 'src/main/resources/fcl/victim_cyberbullying.fcl'
[INFO ] 2016-10-09 02:49:55.112 [main] Fuzzification - INFO - The file created is : 'src/main/resources/fcl/victim_cyberbullying.fcl'
[INFO ] 2016-10-09 02:49:56.627 [main] Fuzzification - INFO - The file created is : 'src/main/resources/fcl/victim_verbal.fcl'
[INFO ] 2016-10-09 02:49:58.523 [main] Fuzzification - INFO - The file created is : 'src/main/resources/fcl/bully_cyberbullying.fcl'
[INFO ] 2016-10-09 02:49:59.348 [main] Fuzzification - INFO - The file created is : 'src/main/resources/fcl/victim_verbal.fcl'
[INFO ] 2016-10-09 02:50:03.277 [main] Fuzzification - INFO - The file created is : 'src/main/resources/fcl/victim_cyberbullying.fcl'
[INFO ] 2016-10-09 02:50:03.555 [main] Fuzzification - INFO - The file created is : 'src/main/resources/fcl/victim_cyberbullying.fcl'
[INFO ] 2016-10-09 02:50:05.489 [main] Fuzzification - INFO - The file created is : 'src/main/resources/fcl/victim_verbal.fcl'
[INFO ] 2016-10-09 02:50:07.258 [main] ReadTweets - INFO - CSV File written successfully
