[INFO ] 2016-12-23 10:59:40.960 [main] Fuzzification - INFO - The file created is : 'src/main/resources/fcl/victim_general.fcl'
[INFO ] 2016-12-23 10:59:41.252 [main] Fuzzification - INFO - The file created is : 'src/main/resources/fcl/victim_general.fcl'
[INFO ] 2016-12-23 10:59:41.335 [main] Fuzzification - INFO - The file created is : 'src/main/resources/fcl/victim_general.fcl'
[INFO ] 2016-12-23 10:59:41.377 [main] Fuzzification - INFO - The file created is : 'src/main/resources/fcl/victim_general.fcl'
[INFO ] 2016-12-23 10:59:41.412 [main] Fuzzification - INFO - The file created is : 'src/main/resources/fcl/victim_general.fcl'
[INFO ] 2016-12-23 10:59:41.477 [main] Fuzzification - INFO - The file created is : 'src/main/resources/fcl/victim_general.fcl'
[INFO ] 2016-12-23 10:59:41.509 [main] Fuzzification - INFO - The file created is : 'src/main/resources/fcl/victim_general.fcl'
[INFO ] 2016-12-23 10:59:41.560 [main] Fuzzification - INFO - The file created is : 'src/main/resources/fcl/victim_general.fcl'
[INFO ] 2016-12-23 10:59:41.598 [main] Fuzzification - INFO - The file created is : 'src/main/resources/fcl/victim_general.fcl'
[INFO ] 2016-12-23 10:59:41.664 [main] Fuzzification - INFO - The file created is : 'src/main/resources/fcl/victim_general.fcl'
[INFO ] 2016-12-23 10:59:41.707 [main] Fuzzification - INFO - The file created is : 'src/main/resources/fcl/victim_general.fcl'
[INFO ] 2016-12-23 10:59:41.946 [main] Fuzzification - INFO - The file created is : 'src/main/resources/fcl/victim_general.fcl'
[INFO ] 2016-12-23 10:59:42.027 [main] Fuzzification - INFO - The file created is : 'src/main/resources/fcl/victim_general.fcl'
[INFO ] 2016-12-23 10:59:42.079 [main] Fuzzification - INFO - The file created is : 'src/main/resources/fcl/victim_general.fcl'
[INFO ] 2016-12-23 10:59:42.118 [main] Fuzzification - INFO - The file created is : 'src/main/resources/fcl/victim_general.fcl'
[INFO ] 2016-12-23 10:59:42.146 [main] Fuzzification - INFO - The file created is : 'src/main/resources/fcl/victim_general.fcl'
[INFO ] 2016-12-23 10:59:42.172 [main] Fuzzification - INFO - The file created is : 'src/main/resources/fcl/victim_general.fcl'
[INFO ] 2016-12-23 10:59:42.198 [main] Fuzzification - INFO - The file created is : 'src/main/resources/fcl/victim_general.fcl'
[INFO ] 2016-12-23 10:59:42.520 [main] Fuzzification - INFO - The file created is : 'src/main/resources/fcl/victim_general.fcl'
[INFO ] 2016-12-23 10:59:42.557 [main] Fuzzification - INFO - The file created is : 'src/main/resources/fcl/victim_general.fcl'
[INFO ] 2016-12-23 10:59:42.598 [main] Fuzzification - INFO - The file created is : 'src/main/resources/fcl/victim_general.fcl'
[INFO ] 2016-12-23 10:59:42.649 [main] Fuzzification - INFO - The file created is : 'src/main/resources/fcl/victim_general.fcl'
[INFO ] 2016-12-23 10:59:42.721 [main] Fuzzification - INFO - The file created is : 'src/main/resources/fcl/victim_general.fcl'
[INFO ] 2016-12-23 10:59:42.748 [main] Fuzzification - INFO - The file created is : 'src/main/resources/fcl/victim_general.fcl'
[INFO ] 2016-12-23 10:59:42.804 [main] Fuzzification - INFO - The file created is : 'src/main/resources/fcl/victim_cyberbullying.fcl'
[INFO ] 2016-12-23 10:59:42.852 [main] Fuzzification - INFO - The file created is : 'src/main/resources/fcl/victim_general.fcl'
[INFO ] 2016-12-23 10:59:42.892 [main] Fuzzification - INFO - The file created is : 'src/main/resources/fcl/victim_general.fcl'
[INFO ] 2016-12-23 10:59:43.004 [main] Fuzzification - INFO - The file created is : 'src/main/resources/fcl/victim_general.fcl'
[INFO ] 2016-12-23 10:59:43.198 [main] Fuzzification - INFO - The file created is : 'src/main/resources/fcl/victim_general.fcl'
[INFO ] 2016-12-23 10:59:43.228 [main] Fuzzification - INFO - The file created is : 'src/main/resources/fcl/victim_general.fcl'
[INFO ] 2016-12-23 10:59:43.256 [main] Fuzzification - INFO - The file created is : 'src/main/resources/fcl/victim_general.fcl'
[INFO ] 2016-12-23 10:59:43.280 [main] Fuzzification - INFO - The file created is : 'src/main/resources/fcl/victim_general.fcl'
[INFO ] 2016-12-23 10:59:43.313 [main] Fuzzification - INFO - The file created is : 'src/main/resources/fcl/victim_general.fcl'
[INFO ] 2016-12-23 10:59:43.495 [main] Fuzzification - INFO - The file created is : 'src/main/resources/fcl/victim_general.fcl'
[INFO ] 2016-12-23 10:59:43.616 [main] Fuzzification - INFO - The file created is : 'src/main/resources/fcl/victim_general.fcl'
[INFO ] 2016-12-23 10:59:43.841 [main] Fuzzification - INFO - The file created is : 'src/main/resources/fcl/victim_general.fcl'
[INFO ] 2016-12-23 10:59:43.925 [main] Fuzzification - INFO - The file created is : 'src/main/resources/fcl/victim_general.fcl'
[INFO ] 2016-12-23 10:59:43.952 [main] Fuzzification - INFO - The file created is : 'src/main/resources/fcl/victim_general.fcl'
[INFO ] 2016-12-23 10:59:44.003 [main] Fuzzification - INFO - The file created is : 'src/main/resources/fcl/victim_general.fcl'
[INFO ] 2016-12-23 10:59:44.027 [main] Fuzzification - INFO - The file created is : 'src/main/resources/fcl/victim_general.fcl'
[INFO ] 2016-12-23 10:59:44.055 [main] Fuzzification - INFO - The file created is : 'src/main/resources/fcl/victim_general.fcl'
[INFO ] 2016-12-23 10:59:44.091 [main] Fuzzification - INFO - The file created is : 'src/main/resources/fcl/victim_general.fcl'
[INFO ] 2016-12-23 10:59:44.116 [main] Fuzzification - INFO - The file created is : 'src/main/resources/fcl/victim_general.fcl'
[INFO ] 2016-12-23 10:59:44.139 [main] Fuzzification - INFO - The file created is : 'src/main/resources/fcl/victim_general.fcl'
[INFO ] 2016-12-23 10:59:44.189 [main] Fuzzification - INFO - The file created is : 'src/main/resources/fcl/victim_general.fcl'
[INFO ] 2016-12-23 10:59:44.283 [main] Fuzzification - INFO - The file created is : 'src/main/resources/fcl/victim_general.fcl'
[INFO ] 2016-12-23 10:59:44.394 [main] Fuzzification - INFO - The file created is : 'src/main/resources/fcl/victim_general.fcl'
[INFO ] 2016-12-23 10:59:44.452 [main] Fuzzification - INFO - The file created is : 'src/main/resources/fcl/victim_general.fcl'
[INFO ] 2016-12-23 10:59:44.502 [main] Fuzzification - INFO - The file created is : 'src/main/resources/fcl/victim_general.fcl'
[INFO ] 2016-12-23 10:59:44.619 [main] Fuzzification - INFO - The file created is : 'src/main/resources/fcl/victim_general.fcl'
[INFO ] 2016-12-23 10:59:44.654 [main] Fuzzification - INFO - The file created is : 'src/main/resources/fcl/victim_general.fcl'
[INFO ] 2016-12-23 10:59:44.686 [main] Fuzzification - INFO - The file created is : 'src/main/resources/fcl/victim_general.fcl'
[INFO ] 2016-12-23 10:59:44.712 [main] Fuzzification - INFO - The file created is : 'src/main/resources/fcl/victim_general.fcl'
[INFO ] 2016-12-23 10:59:44.759 [main] Fuzzification - INFO - The file created is : 'src/main/resources/fcl/victim_general.fcl'
[INFO ] 2016-12-23 10:59:44.834 [main] Fuzzification - INFO - The file created is : 'src/main/resources/fcl/victim_general.fcl'
[INFO ] 2016-12-23 10:59:44.892 [main] Fuzzification - INFO - The file created is : 'src/main/resources/fcl/victim_general.fcl'
[INFO ] 2016-12-23 10:59:44.950 [main] Fuzzification - INFO - The file created is : 'src/main/resources/fcl/victim_general.fcl'
[INFO ] 2016-12-23 10:59:45.122 [main] Fuzzification - INFO - The file created is : 'src/main/resources/fcl/victim_general.fcl'
[INFO ] 2016-12-23 10:59:45.182 [main] Fuzzification - INFO - The file created is : 'src/main/resources/fcl/victim_general.fcl'
[INFO ] 2016-12-23 10:59:45.220 [main] Fuzzification - INFO - The file created is : 'src/main/resources/fcl/victim_general.fcl'
[INFO ] 2016-12-23 10:59:45.261 [main] Fuzzification - INFO - The file created is : 'src/main/resources/fcl/victim_general.fcl'
[INFO ] 2016-12-23 10:59:45.331 [main] Fuzzification - INFO - The file created is : 'src/main/resources/fcl/victim_general.fcl'
[INFO ] 2016-12-23 10:59:45.371 [main] Fuzzification - INFO - The file created is : 'src/main/resources/fcl/victim_general.fcl'
[INFO ] 2016-12-23 10:59:45.412 [main] Fuzzification - INFO - The file created is : 'src/main/resources/fcl/victim_general.fcl'
[INFO ] 2016-12-23 10:59:45.602 [main] Fuzzification - INFO - The file created is : 'src/main/resources/fcl/victim_general.fcl'
[INFO ] 2016-12-23 10:59:45.652 [main] Fuzzification - INFO - The file created is : 'src/main/resources/fcl/victim_general.fcl'
[INFO ] 2016-12-23 10:59:45.678 [main] Fuzzification - INFO - The file created is : 'src/main/resources/fcl/victim_general.fcl'
[INFO ] 2016-12-23 10:59:45.710 [main] Fuzzification - INFO - The file created is : 'src/main/resources/fcl/victim_general.fcl'
[INFO ] 2016-12-23 10:59:45.736 [main] Fuzzification - INFO - The file created is : 'src/main/resources/fcl/victim_general.fcl'
[INFO ] 2016-12-23 10:59:45.779 [main] Fuzzification - INFO - The file created is : 'src/main/resources/fcl/victim_general.fcl'
[INFO ] 2016-12-23 10:59:45.804 [main] Fuzzification - INFO - The file created is : 'src/main/resources/fcl/victim_general.fcl'
[INFO ] 2016-12-23 10:59:45.834 [main] Fuzzification - INFO - The file created is : 'src/main/resources/fcl/victim_general.fcl'
[INFO ] 2016-12-23 10:59:45.859 [main] Fuzzification - INFO - The file created is : 'src/main/resources/fcl/victim_general.fcl'
[INFO ] 2016-12-23 10:59:46.164 [main] Fuzzification - INFO - The file created is : 'src/main/resources/fcl/victim_general.fcl'
[INFO ] 2016-12-23 10:59:46.191 [main] Fuzzification - INFO - The file created is : 'src/main/resources/fcl/victim_general.fcl'
[INFO ] 2016-12-23 10:59:46.216 [main] Fuzzification - INFO - The file created is : 'src/main/resources/fcl/victim_general.fcl'
[INFO ] 2016-12-23 10:59:46.241 [main] Fuzzification - INFO - The file created is : 'src/main/resources/fcl/victim_general.fcl'
[INFO ] 2016-12-23 10:59:46.264 [main] Fuzzification - INFO - The file created is : 'src/main/resources/fcl/victim_general.fcl'
[INFO ] 2016-12-23 10:59:46.287 [main] Fuzzification - INFO - The file created is : 'src/main/resources/fcl/victim_general.fcl'
[INFO ] 2016-12-23 10:59:46.310 [main] Fuzzification - INFO - The file created is : 'src/main/resources/fcl/victim_general.fcl'
[INFO ] 2016-12-23 10:59:46.344 [main] Fuzzification - INFO - The file created is : 'src/main/resources/fcl/victim_general.fcl'
[INFO ] 2016-12-23 10:59:46.369 [main] Fuzzification - INFO - The file created is : 'src/main/resources/fcl/victim_physical.fcl'
[INFO ] 2016-12-23 10:59:46.428 [main] Fuzzification - INFO - The file created is : 'src/main/resources/fcl/victim_general.fcl'
[INFO ] 2016-12-23 10:59:46.452 [main] Fuzzification - INFO - The file created is : 'src/main/resources/fcl/victim_general.fcl'
[INFO ] 2016-12-23 10:59:46.481 [main] Fuzzification - INFO - The file created is : 'src/main/resources/fcl/victim_general.fcl'
[INFO ] 2016-12-23 10:59:46.505 [main] Fuzzification - INFO - The file created is : 'src/main/resources/fcl/victim_general.fcl'
[INFO ] 2016-12-23 10:59:46.537 [main] Fuzzification - INFO - The file created is : 'src/main/resources/fcl/victim_general.fcl'
[INFO ] 2016-12-23 10:59:46.569 [main] Fuzzification - INFO - The file created is : 'src/main/resources/fcl/victim_general.fcl'
[INFO ] 2016-12-23 10:59:46.924 [main] Fuzzification - INFO - The file created is : 'src/main/resources/fcl/victim_general.fcl'
[INFO ] 2016-12-23 10:59:46.980 [main] Fuzzification - INFO - The file created is : 'src/main/resources/fcl/victim_general.fcl'
[INFO ] 2016-12-23 10:59:47.021 [main] Fuzzification - INFO - The file created is : 'src/main/resources/fcl/victim_general.fcl'
[INFO ] 2016-12-23 10:59:47.051 [main] Fuzzification - INFO - The file created is : 'src/main/resources/fcl/victim_general.fcl'
[INFO ] 2016-12-23 10:59:47.074 [main] Fuzzification - INFO - The file created is : 'src/main/resources/fcl/victim_general.fcl'
[INFO ] 2016-12-23 10:59:47.246 [main] Fuzzification - INFO - The file created is : 'src/main/resources/fcl/victim_general.fcl'
[INFO ] 2016-12-23 10:59:47.285 [main] Fuzzification - INFO - The file created is : 'src/main/resources/fcl/victim_general.fcl'
[INFO ] 2016-12-23 10:59:47.308 [main] Fuzzification - INFO - The file created is : 'src/main/resources/fcl/victim_general.fcl'
[INFO ] 2016-12-23 10:59:47.360 [main] Fuzzification - INFO - The file created is : 'src/main/resources/fcl/victim_general.fcl'
[INFO ] 2016-12-23 10:59:47.436 [main] Fuzzification - INFO - The file created is : 'src/main/resources/fcl/victim_general.fcl'
[INFO ] 2016-12-23 10:59:47.459 [main] Fuzzification - INFO - The file created is : 'src/main/resources/fcl/victim_general.fcl'
[INFO ] 2016-12-23 10:59:47.485 [main] Fuzzification - INFO - The file created is : 'src/main/resources/fcl/victim_general.fcl'
[INFO ] 2016-12-23 10:59:47.512 [main] Fuzzification - INFO - The file created is : 'src/main/resources/fcl/victim_general.fcl'
[INFO ] 2016-12-23 10:59:47.544 [main] Fuzzification - INFO - The file created is : 'src/main/resources/fcl/victim_general.fcl'
[INFO ] 2016-12-23 10:59:47.665 [main] Fuzzification - INFO - The file created is : 'src/main/resources/fcl/victim_general.fcl'
[INFO ] 2016-12-23 10:59:47.787 [main] Fuzzification - INFO - The file created is : 'src/main/resources/fcl/victim_general.fcl'
[INFO ] 2016-12-23 10:59:47.810 [main] Fuzzification - INFO - The file created is : 'src/main/resources/fcl/victim_general.fcl'
[INFO ] 2016-12-23 10:59:47.837 [main] Fuzzification - INFO - The file created is : 'src/main/resources/fcl/bully_general.fcl'
[INFO ] 2016-12-23 10:59:47.894 [main] Fuzzification - INFO - The file created is : 'src/main/resources/fcl/victim_general.fcl'
[INFO ] 2016-12-23 10:59:47.922 [main] Fuzzification - INFO - The file created is : 'src/main/resources/fcl/victim_general.fcl'
[INFO ] 2016-12-23 10:59:48.078 [main] Fuzzification - INFO - The file created is : 'src/main/resources/fcl/victim_general.fcl'
[INFO ] 2016-12-23 10:59:48.150 [main] Fuzzification - INFO - The file created is : 'src/main/resources/fcl/victim_general.fcl'
[INFO ] 2016-12-23 10:59:48.207 [main] Fuzzification - INFO - The file created is : 'src/main/resources/fcl/victim_general.fcl'
[INFO ] 2016-12-23 10:59:48.231 [main] Fuzzification - INFO - The file created is : 'src/main/resources/fcl/victim_general.fcl'
[INFO ] 2016-12-23 10:59:48.422 [main] ReadTweets - INFO - CSV File written successfully
