[INFO ] 2017-02-16 10:38:30.107 [AWT-EventQueue-0] Fuzzification - INFO - The file created is : 'src/main/resources/fcl/victim_general.fcl'
[INFO ] 2017-02-16 10:38:30.691 [AWT-EventQueue-0] Fuzzification - INFO - The file created is : 'src/main/resources/fcl/victim_general.fcl'
[INFO ] 2017-02-16 10:38:30.897 [AWT-EventQueue-0] Fuzzification - INFO - The file created is : 'src/main/resources/fcl/victim_general.fcl'
[INFO ] 2017-02-16 10:38:30.992 [AWT-EventQueue-0] Fuzzification - INFO - The file created is : 'src/main/resources/fcl/victim_general.fcl'
[INFO ] 2017-02-16 10:38:31.231 [AWT-EventQueue-0] Fuzzification - INFO - The file created is : 'src/main/resources/fcl/victim_general.fcl'
[INFO ] 2017-02-16 10:40:41.316 [AWT-EventQueue-0] Fuzzification - INFO - The file created is : 'src/main/resources/fcl/victim_general.fcl'
[INFO ] 2017-02-16 10:40:41.759 [AWT-EventQueue-0] Fuzzification - INFO - The file created is : 'src/main/resources/fcl/victim_general.fcl'
[INFO ] 2017-02-16 10:40:41.952 [AWT-EventQueue-0] Fuzzification - INFO - The file created is : 'src/main/resources/fcl/victim_general.fcl'
[INFO ] 2017-02-16 10:40:42.134 [AWT-EventQueue-0] Fuzzification - INFO - The file created is : 'src/main/resources/fcl/victim_general.fcl'
[INFO ] 2017-02-16 10:40:42.429 [AWT-EventQueue-0] Fuzzification - INFO - The file created is : 'src/main/resources/fcl/victim_general.fcl'
[INFO ] 2017-02-16 10:42:28.948 [AWT-EventQueue-0] Fuzzification - INFO - The file created is : 'src/main/resources/fcl/victim_general.fcl'
[INFO ] 2017-02-16 10:42:29.231 [AWT-EventQueue-0] Fuzzification - INFO - The file created is : 'src/main/resources/fcl/victim_general.fcl'
[INFO ] 2017-02-16 10:42:29.414 [AWT-EventQueue-0] Fuzzification - INFO - The file created is : 'src/main/resources/fcl/victim_general.fcl'
[INFO ] 2017-02-16 10:43:19.105 [AWT-EventQueue-0] Fuzzification - INFO - The file created is : 'src/main/resources/fcl/victim_general.fcl'
[INFO ] 2017-02-16 10:43:19.511 [AWT-EventQueue-0] Fuzzification - INFO - The file created is : 'src/main/resources/fcl/victim_general.fcl'
[INFO ] 2017-02-16 10:43:19.628 [AWT-EventQueue-0] Fuzzification - INFO - The file created is : 'src/main/resources/fcl/victim_general.fcl'
[INFO ] 2017-02-16 10:44:33.583 [AWT-EventQueue-0] Fuzzification - INFO - The file created is : 'src/main/resources/fcl/victim_general.fcl'
[INFO ] 2017-02-16 10:44:53.013 [AWT-EventQueue-0] Fuzzification - INFO - The file created is : 'src/main/resources/fcl/victim_general.fcl'
[INFO ] 2017-02-16 10:44:53.396 [AWT-EventQueue-0] Fuzzification - INFO - The file created is : 'src/main/resources/fcl/victim_general.fcl'
[INFO ] 2017-02-16 10:44:53.509 [AWT-EventQueue-0] Fuzzification - INFO - The file created is : 'src/main/resources/fcl/victim_general.fcl'
[INFO ] 2017-02-16 10:48:21.923 [AWT-EventQueue-0] Fuzzification - INFO - The file created is : 'src/main/resources/fcl/victim_general.fcl'
[INFO ] 2017-02-16 10:48:22.672 [AWT-EventQueue-0] Fuzzification - INFO - The file created is : 'src/main/resources/fcl/victim_general.fcl'
[INFO ] 2017-02-16 10:54:33.454 [AWT-EventQueue-0] Fuzzification - INFO - The file created is : 'src/main/resources/fcl/victim_general.fcl'
[INFO ] 2017-02-16 10:54:34.141 [AWT-EventQueue-0] Fuzzification - INFO - The file created is : 'src/main/resources/fcl/victim_general.fcl'
[INFO ] 2017-02-16 13:44:48.162 [AWT-EventQueue-0] Fuzzification - INFO - The file created is : 'src/main/resources/fcl/victim_general.fcl'
[INFO ] 2017-02-16 13:44:48.502 [AWT-EventQueue-0] Fuzzification - INFO - The file created is : 'src/main/resources/fcl/victim_general.fcl'
[INFO ] 2017-02-16 13:44:48.643 [AWT-EventQueue-0] Fuzzification - INFO - The file created is : 'src/main/resources/fcl/victim_general.fcl'
[INFO ] 2017-02-16 13:44:48.720 [AWT-EventQueue-0] Fuzzification - INFO - The file created is : 'src/main/resources/fcl/victim_general.fcl'
[INFO ] 2017-02-16 13:44:48.872 [AWT-EventQueue-0] Fuzzification - INFO - The file created is : 'src/main/resources/fcl/victim_general.fcl'
[INFO ] 2017-02-16 13:44:48.977 [AWT-EventQueue-0] Fuzzification - INFO - The file created is : 'src/main/resources/fcl/victim_general.fcl'
[INFO ] 2017-02-16 13:45:00.203 [AWT-EventQueue-0] Fuzzification - INFO - The file created is : 'src/main/resources/fcl/victim_general.fcl'
[INFO ] 2017-02-16 13:45:00.375 [AWT-EventQueue-0] Fuzzification - INFO - The file created is : 'src/main/resources/fcl/victim_general.fcl'
[INFO ] 2017-02-16 13:46:01.526 [AWT-EventQueue-0] Fuzzification - INFO - The file created is : 'src/main/resources/fcl/victim_general.fcl'
[INFO ] 2017-02-16 15:22:39.224 [AWT-EventQueue-0] ReadTweets - pame--> File: tweets2017.txt.

[INFO ] 2017-02-16 15:27:25.567 [AWT-EventQueue-0] ReadTweets - pame--> File: E:\txtsBullyingTool\tweets2017.txt.

[INFO ] 2017-02-16 15:50:12.182 [AWT-EventQueue-0] ReadTweets - pame--> File: E:\txtsBullyingTool\tweets2017.txt.

[INFO ] 2017-02-16 15:51:08.258 [AWT-EventQueue-0] ReadTweets - pame--> File: E:\txtsBullyingTool\tweets2017.txt.

[INFO ] 2017-02-16 15:55:02.039 [AWT-EventQueue-0] ReadTweets - pame--> File: E:\txtsBullyingTool\tweets2017.txt.

[INFO ] 2017-02-16 15:59:14.778 [AWT-EventQueue-0] ReadTweets - pame--> File: E:\txtsBullyingTool\tweets2017.txt.

[INFO ] 2017-02-16 15:59:17.265 [AWT-EventQueue-0] Fuzzification - INFO - The file created is : 'src/main/resources/fcl/victim_general.fcl'
[INFO ] 2017-02-16 15:59:17.895 [AWT-EventQueue-0] Fuzzification - INFO - The file created is : 'src/main/resources/fcl/victim_general.fcl'
[INFO ] 2017-02-16 15:59:17.996 [AWT-EventQueue-0] Fuzzification - INFO - The file created is : 'src/main/resources/fcl/victim_general.fcl'
[INFO ] 2017-02-16 15:59:18.620 [AWT-EventQueue-0] Fuzzification - INFO - The file created is : 'src/main/resources/fcl/victim_general.fcl'
[INFO ] 2017-02-16 15:59:18.970 [AWT-EventQueue-0] Fuzzification - INFO - The file created is : 'src/main/resources/fcl/victim_general.fcl'
[INFO ] 2017-02-16 15:59:19.378 [AWT-EventQueue-0] Fuzzification - INFO - The file created is : 'src/main/resources/fcl/victim_general.fcl'
[INFO ] 2017-02-16 15:59:19.688 [AWT-EventQueue-0] Fuzzification - INFO - The file created is : 'src/main/resources/fcl/victim_general.fcl'
[INFO ] 2017-02-16 15:59:20.077 [AWT-EventQueue-0] Fuzzification - INFO - The file created is : 'src/main/resources/fcl/victim_general.fcl'
[INFO ] 2017-02-16 15:59:20.686 [AWT-EventQueue-0] Fuzzification - INFO - The file created is : 'src/main/resources/fcl/victim_general.fcl'
[INFO ] 2017-02-16 15:59:20.776 [AWT-EventQueue-0] Fuzzification - INFO - The file created is : 'src/main/resources/fcl/victim_general.fcl'
[INFO ] 2017-02-16 15:59:20.857 [AWT-EventQueue-0] Fuzzification - INFO - The file created is : 'src/main/resources/fcl/victim_general.fcl'
[INFO ] 2017-02-16 15:59:21.027 [AWT-EventQueue-0] Fuzzification - INFO - The file created is : 'src/main/resources/fcl/victim_general.fcl'
[INFO ] 2017-02-16 15:59:21.126 [AWT-EventQueue-0] Fuzzification - INFO - The file created is : 'src/main/resources/fcl/victim_general.fcl'
[INFO ] 2017-02-16 15:59:21.507 [AWT-EventQueue-0] Fuzzification - INFO - The file created is : 'src/main/resources/fcl/victim_general.fcl'
[INFO ] 2017-02-16 15:59:21.590 [AWT-EventQueue-0] Fuzzification - INFO - The file created is : 'src/main/resources/fcl/victim_general.fcl'
[INFO ] 2017-02-16 15:59:22.455 [AWT-EventQueue-0] Fuzzification - INFO - The file created is : 'src/main/resources/fcl/victim_general.fcl'
[INFO ] 2017-02-16 15:59:22.644 [AWT-EventQueue-0] Fuzzification - INFO - The file created is : 'src/main/resources/fcl/victim_general.fcl'
[INFO ] 2017-02-16 15:59:22.741 [AWT-EventQueue-0] Fuzzification - INFO - The file created is : 'src/main/resources/fcl/victim_general.fcl'
[INFO ] 2017-02-16 15:59:22.863 [AWT-EventQueue-0] Fuzzification - INFO - The file created is : 'src/main/resources/fcl/victim_general.fcl'
[INFO ] 2017-02-16 15:59:23.009 [AWT-EventQueue-0] Fuzzification - INFO - The file created is : 'src/main/resources/fcl/victim_general.fcl'
[INFO ] 2017-02-16 15:59:23.107 [AWT-EventQueue-0] Fuzzification - INFO - The file created is : 'src/main/resources/fcl/victim_general.fcl'
[INFO ] 2017-02-16 15:59:23.217 [AWT-EventQueue-0] Fuzzification - INFO - The file created is : 'src/main/resources/fcl/victim_general.fcl'
[INFO ] 2017-02-16 15:59:23.337 [AWT-EventQueue-0] Fuzzification - INFO - The file created is : 'src/main/resources/fcl/victim_general.fcl'
[INFO ] 2017-02-16 15:59:23.456 [AWT-EventQueue-0] Fuzzification - INFO - The file created is : 'src/main/resources/fcl/victim_general.fcl'
[INFO ] 2017-02-16 15:59:23.556 [AWT-EventQueue-0] Fuzzification - INFO - The file created is : 'src/main/resources/fcl/victim_general.fcl'
[INFO ] 2017-02-16 15:59:23.638 [AWT-EventQueue-0] Fuzzification - INFO - The file created is : 'src/main/resources/fcl/victim_general.fcl'
[INFO ] 2017-02-16 15:59:23.762 [AWT-EventQueue-0] Fuzzification - INFO - The file created is : 'src/main/resources/fcl/victim_general.fcl'
[INFO ] 2017-02-16 15:59:24.015 [AWT-EventQueue-0] Fuzzification - INFO - The file created is : 'src/main/resources/fcl/victim_general.fcl'
[INFO ] 2017-02-16 15:59:24.239 [AWT-EventQueue-0] Fuzzification - INFO - The file created is : 'src/main/resources/fcl/victim_general.fcl'
[INFO ] 2017-02-16 15:59:24.331 [AWT-EventQueue-0] Fuzzification - INFO - The file created is : 'src/main/resources/fcl/victim_general.fcl'
[INFO ] 2017-02-16 15:59:24.513 [AWT-EventQueue-0] Fuzzification - INFO - The file created is : 'src/main/resources/fcl/victim_general.fcl'
[INFO ] 2017-02-16 15:59:24.673 [AWT-EventQueue-0] Fuzzification - INFO - The file created is : 'src/main/resources/fcl/victim_general.fcl'
[INFO ] 2017-02-16 15:59:24.874 [AWT-EventQueue-0] Fuzzification - INFO - The file created is : 'src/main/resources/fcl/victim_general.fcl'
[INFO ] 2017-02-16 15:59:24.970 [AWT-EventQueue-0] Fuzzification - INFO - The file created is : 'src/main/resources/fcl/victim_general.fcl'
[INFO ] 2017-02-16 15:59:25.087 [AWT-EventQueue-0] Fuzzification - INFO - The file created is : 'src/main/resources/fcl/victim_general.fcl'
[INFO ] 2017-02-16 15:59:25.212 [AWT-EventQueue-0] Fuzzification - INFO - The file created is : 'src/main/resources/fcl/victim_general.fcl'
[INFO ] 2017-02-16 15:59:25.631 [AWT-EventQueue-0] Fuzzification - INFO - The file created is : 'src/main/resources/fcl/victim_general.fcl'
[INFO ] 2017-02-16 15:59:25.732 [AWT-EventQueue-0] Fuzzification - INFO - The file created is : 'src/main/resources/fcl/victim_general.fcl'
[INFO ] 2017-02-16 15:59:26.441 [AWT-EventQueue-0] Fuzzification - INFO - The file created is : 'src/main/resources/fcl/victim_general.fcl'
[INFO ] 2017-02-16 15:59:26.530 [AWT-EventQueue-0] Fuzzification - INFO - The file created is : 'src/main/resources/fcl/victim_general.fcl'
[INFO ] 2017-02-16 15:59:26.669 [AWT-EventQueue-0] Fuzzification - INFO - The file created is : 'src/main/resources/fcl/victim_general.fcl'
[INFO ] 2017-02-16 15:59:26.755 [AWT-EventQueue-0] Fuzzification - INFO - The file created is : 'src/main/resources/fcl/victim_general.fcl'
[INFO ] 2017-02-16 15:59:26.842 [AWT-EventQueue-0] Fuzzification - INFO - The file created is : 'src/main/resources/fcl/victim_general.fcl'
[INFO ] 2017-02-16 15:59:27.036 [AWT-EventQueue-0] Fuzzification - INFO - The file created is : 'src/main/resources/fcl/victim_general.fcl'
[INFO ] 2017-02-16 15:59:27.140 [AWT-EventQueue-0] Fuzzification - INFO - The file created is : 'src/main/resources/fcl/victim_general.fcl'
[INFO ] 2017-02-16 15:59:27.862 [AWT-EventQueue-0] Fuzzification - INFO - The file created is : 'src/main/resources/fcl/victim_general.fcl'
[INFO ] 2017-02-16 15:59:27.935 [AWT-EventQueue-0] Fuzzification - INFO - The file created is : 'src/main/resources/fcl/victim_general.fcl'
[INFO ] 2017-02-16 15:59:28.045 [AWT-EventQueue-0] Fuzzification - INFO - The file created is : 'src/main/resources/fcl/victim_general.fcl'
[INFO ] 2017-02-16 15:59:28.190 [AWT-EventQueue-0] Fuzzification - INFO - The file created is : 'src/main/resources/fcl/victim_general.fcl'
[INFO ] 2017-02-16 15:59:28.617 [AWT-EventQueue-0] Fuzzification - INFO - The file created is : 'src/main/resources/fcl/victim_general.fcl'
[INFO ] 2017-02-16 15:59:28.766 [AWT-EventQueue-0] Fuzzification - INFO - The file created is : 'src/main/resources/fcl/victim_cyberbullying.fcl'
[INFO ] 2017-02-16 15:59:28.879 [AWT-EventQueue-0] Fuzzification - INFO - The file created is : 'src/main/resources/fcl/victim_general.fcl'
[INFO ] 2017-02-16 15:59:29.026 [AWT-EventQueue-0] Fuzzification - INFO - The file created is : 'src/main/resources/fcl/victim_general.fcl'
[INFO ] 2017-02-16 15:59:29.400 [AWT-EventQueue-0] Fuzzification - INFO - The file created is : 'src/main/resources/fcl/victim_general.fcl'
[INFO ] 2017-02-16 15:59:29.691 [AWT-EventQueue-0] Fuzzification - INFO - The file created is : 'src/main/resources/fcl/victim_general.fcl'
[INFO ] 2017-02-16 15:59:29.777 [AWT-EventQueue-0] Fuzzification - INFO - The file created is : 'src/main/resources/fcl/victim_general.fcl'
[INFO ] 2017-02-16 15:59:29.851 [AWT-EventQueue-0] Fuzzification - INFO - The file created is : 'src/main/resources/fcl/victim_general.fcl'
[INFO ] 2017-02-16 15:59:30.016 [AWT-EventQueue-0] Fuzzification - INFO - The file created is : 'src/main/resources/fcl/victim_general.fcl'
[INFO ] 2017-02-16 15:59:30.303 [AWT-EventQueue-0] Fuzzification - INFO - The file created is : 'src/main/resources/fcl/victim_general.fcl'
[INFO ] 2017-02-16 15:59:30.460 [AWT-EventQueue-0] Fuzzification - INFO - The file created is : 'src/main/resources/fcl/victim_general.fcl'
[INFO ] 2017-02-16 15:59:30.555 [AWT-EventQueue-0] Fuzzification - INFO - The file created is : 'src/main/resources/fcl/victim_general.fcl'
[INFO ] 2017-02-16 15:59:30.706 [AWT-EventQueue-0] Fuzzification - INFO - The file created is : 'src/main/resources/fcl/bully_general.fcl'
[INFO ] 2017-02-16 15:59:31.124 [AWT-EventQueue-0] Fuzzification - INFO - The file created is : 'src/main/resources/fcl/victim_general.fcl'
[INFO ] 2017-02-16 15:59:31.242 [AWT-EventQueue-0] Fuzzification - INFO - The file created is : 'src/main/resources/fcl/victim_general.fcl'
[INFO ] 2017-02-16 15:59:31.904 [AWT-EventQueue-0] Fuzzification - INFO - The file created is : 'src/main/resources/fcl/victim_general.fcl'
[INFO ] 2017-02-16 15:59:32.016 [AWT-EventQueue-0] Fuzzification - INFO - The file created is : 'src/main/resources/fcl/victim_general.fcl'
[INFO ] 2017-02-16 15:59:32.142 [AWT-EventQueue-0] Fuzzification - INFO - The file created is : 'src/main/resources/fcl/victim_general.fcl'
[INFO ] 2017-02-16 15:59:32.332 [AWT-EventQueue-0] Fuzzification - INFO - The file created is : 'src/main/resources/fcl/victim_general.fcl'
[INFO ] 2017-02-16 15:59:32.441 [AWT-EventQueue-0] Fuzzification - INFO - The file created is : 'src/main/resources/fcl/victim_general.fcl'
[INFO ] 2017-02-16 15:59:32.519 [AWT-EventQueue-0] Fuzzification - INFO - The file created is : 'src/main/resources/fcl/victim_general.fcl'
[INFO ] 2017-02-16 15:59:32.595 [AWT-EventQueue-0] Fuzzification - INFO - The file created is : 'src/main/resources/fcl/victim_general.fcl'
[INFO ] 2017-02-16 15:59:32.673 [AWT-EventQueue-0] Fuzzification - INFO - The file created is : 'src/main/resources/fcl/victim_general.fcl'
[INFO ] 2017-02-16 15:59:32.881 [AWT-EventQueue-0] Fuzzification - INFO - The file created is : 'src/main/resources/fcl/victim_general.fcl'
[INFO ] 2017-02-16 15:59:33.002 [AWT-EventQueue-0] Fuzzification - INFO - The file created is : 'src/main/resources/fcl/victim_general.fcl'
[INFO ] 2017-02-16 15:59:33.089 [AWT-EventQueue-0] Fuzzification - INFO - The file created is : 'src/main/resources/fcl/victim_general.fcl'
[INFO ] 2017-02-16 15:59:33.333 [AWT-EventQueue-0] Fuzzification - INFO - The file created is : 'src/main/resources/fcl/victim_general.fcl'
[INFO ] 2017-02-16 15:59:33.533 [AWT-EventQueue-0] Fuzzification - INFO - The file created is : 'src/main/resources/fcl/victim_general.fcl'
[INFO ] 2017-02-16 15:59:33.812 [AWT-EventQueue-0] Fuzzification - INFO - The file created is : 'src/main/resources/fcl/victim_general.fcl'
[INFO ] 2017-02-16 15:59:33.988 [AWT-EventQueue-0] Fuzzification - INFO - The file created is : 'src/main/resources/fcl/victim_general.fcl'
[INFO ] 2017-02-16 15:59:34.083 [AWT-EventQueue-0] Fuzzification - INFO - The file created is : 'src/main/resources/fcl/victim_general.fcl'
[INFO ] 2017-02-16 15:59:34.322 [AWT-EventQueue-0] Fuzzification - INFO - The file created is : 'src/main/resources/fcl/victim_general.fcl'
[INFO ] 2017-02-16 15:59:34.407 [AWT-EventQueue-0] Fuzzification - INFO - The file created is : 'src/main/resources/fcl/victim_general.fcl'
[INFO ] 2017-02-16 15:59:34.614 [AWT-EventQueue-0] Fuzzification - INFO - The file created is : 'src/main/resources/fcl/victim_general.fcl'
[INFO ] 2017-02-16 15:59:34.776 [AWT-EventQueue-0] Fuzzification - INFO - The file created is : 'src/main/resources/fcl/victim_general.fcl'
[INFO ] 2017-02-16 15:59:34.889 [AWT-EventQueue-0] Fuzzification - INFO - The file created is : 'src/main/resources/fcl/victim_general.fcl'
[INFO ] 2017-02-16 15:59:34.972 [AWT-EventQueue-0] Fuzzification - INFO - The file created is : 'src/main/resources/fcl/victim_general.fcl'
[INFO ] 2017-02-16 15:59:35.125 [AWT-EventQueue-0] Fuzzification - INFO - The file created is : 'src/main/resources/fcl/victim_general.fcl'
[INFO ] 2017-02-16 15:59:35.522 [AWT-EventQueue-0] Fuzzification - INFO - The file created is : 'src/main/resources/fcl/victim_general.fcl'
[INFO ] 2017-02-16 15:59:35.703 [AWT-EventQueue-0] Fuzzification - INFO - The file created is : 'src/main/resources/fcl/victim_general.fcl'
[INFO ] 2017-02-16 15:59:36.028 [AWT-EventQueue-0] Fuzzification - INFO - The file created is : 'src/main/resources/fcl/victim_general.fcl'
[INFO ] 2017-02-16 15:59:36.102 [AWT-EventQueue-0] Fuzzification - INFO - The file created is : 'src/main/resources/fcl/victim_general.fcl'
[INFO ] 2017-02-16 15:59:36.252 [AWT-EventQueue-0] Fuzzification - INFO - The file created is : 'src/main/resources/fcl/victim_general.fcl'
[INFO ] 2017-02-16 15:59:36.547 [AWT-EventQueue-0] Fuzzification - INFO - The file created is : 'src/main/resources/fcl/victim_general.fcl'
[INFO ] 2017-02-16 15:59:36.622 [AWT-EventQueue-0] Fuzzification - INFO - The file created is : 'src/main/resources/fcl/victim_general.fcl'
[INFO ] 2017-02-16 15:59:36.699 [AWT-EventQueue-0] Fuzzification - INFO - The file created is : 'src/main/resources/fcl/victim_general.fcl'
[INFO ] 2017-02-16 15:59:36.993 [AWT-EventQueue-0] Fuzzification - INFO - The file created is : 'src/main/resources/fcl/victim_general.fcl'
[INFO ] 2017-02-16 15:59:37.318 [AWT-EventQueue-0] Fuzzification - INFO - The file created is : 'src/main/resources/fcl/victim_general.fcl'
[INFO ] 2017-02-16 15:59:37.485 [AWT-EventQueue-0] Fuzzification - INFO - The file created is : 'src/main/resources/fcl/victim_general.fcl'
[INFO ] 2017-02-16 15:59:37.560 [AWT-EventQueue-0] Fuzzification - INFO - The file created is : 'src/main/resources/fcl/victim_general.fcl'
[INFO ] 2017-02-16 15:59:37.847 [AWT-EventQueue-0] Fuzzification - INFO - The file created is : 'src/main/resources/fcl/victim_general.fcl'
[INFO ] 2017-02-16 15:59:38.062 [AWT-EventQueue-0] Fuzzification - INFO - The file created is : 'src/main/resources/fcl/victim_general.fcl'
[INFO ] 2017-02-16 15:59:38.379 [AWT-EventQueue-0] Fuzzification - INFO - The file created is : 'src/main/resources/fcl/victim_general.fcl'
[INFO ] 2017-02-16 15:59:38.466 [AWT-EventQueue-0] Fuzzification - INFO - The file created is : 'src/main/resources/fcl/victim_general.fcl'
[INFO ] 2017-02-16 15:59:38.548 [AWT-EventQueue-0] Fuzzification - INFO - The file created is : 'src/main/resources/fcl/victim_general.fcl'
[INFO ] 2017-02-16 15:59:38.862 [AWT-EventQueue-0] Fuzzification - INFO - The file created is : 'src/main/resources/fcl/victim_general.fcl'
[INFO ] 2017-02-16 15:59:39.270 [AWT-EventQueue-0] Fuzzification - INFO - The file created is : 'src/main/resources/fcl/victim_general.fcl'
[INFO ] 2017-02-16 15:59:39.454 [AWT-EventQueue-0] Fuzzification - INFO - The file created is : 'src/main/resources/fcl/victim_general.fcl'
[INFO ] 2017-02-16 15:59:39.970 [AWT-EventQueue-0] Fuzzification - INFO - The file created is : 'src/main/resources/fcl/victim_general.fcl'
[INFO ] 2017-02-16 15:59:40.124 [AWT-EventQueue-0] Fuzzification - INFO - The file created is : 'src/main/resources/fcl/victim_general.fcl'
[INFO ] 2017-02-16 15:59:40.724 [AWT-EventQueue-0] Fuzzification - INFO - The file created is : 'src/main/resources/fcl/victim_general.fcl'
[INFO ] 2017-02-16 15:59:40.820 [AWT-EventQueue-0] Fuzzification - INFO - The file created is : 'src/main/resources/fcl/victim_general.fcl'
[INFO ] 2017-02-16 15:59:41.011 [AWT-EventQueue-0] Fuzzification - INFO - The file created is : 'src/main/resources/fcl/victim_general.fcl'
[INFO ] 2017-02-16 15:59:41.088 [AWT-EventQueue-0] Fuzzification - INFO - The file created is : 'src/main/resources/fcl/victim_general.fcl'
[INFO ] 2017-02-16 15:59:41.165 [AWT-EventQueue-0] Fuzzification - INFO - The file created is : 'src/main/resources/fcl/victim_general.fcl'
[INFO ] 2017-02-16 15:59:41.352 [AWT-EventQueue-0] Fuzzification - INFO - The file created is : 'src/main/resources/fcl/victim_general.fcl'
[INFO ] 2017-02-16 15:59:41.439 [AWT-EventQueue-0] Fuzzification - INFO - The file created is : 'src/main/resources/fcl/victim_general.fcl'
[INFO ] 2017-02-16 15:59:41.749 [AWT-EventQueue-0] Fuzzification - INFO - The file created is : 'src/main/resources/fcl/victim_general.fcl'
[INFO ] 2017-02-16 15:59:41.979 [AWT-EventQueue-0] Fuzzification - INFO - The file created is : 'src/main/resources/fcl/victim_general.fcl'
[INFO ] 2017-02-16 15:59:42.073 [AWT-EventQueue-0] Fuzzification - INFO - The file created is : 'src/main/resources/fcl/victim_general.fcl'
[INFO ] 2017-02-16 15:59:42.497 [AWT-EventQueue-0] Fuzzification - INFO - The file created is : 'src/main/resources/fcl/victim_general.fcl'
[INFO ] 2017-02-16 15:59:42.674 [AWT-EventQueue-0] Fuzzification - INFO - The file created is : 'src/main/resources/fcl/victim_general.fcl'
[INFO ] 2017-02-16 15:59:43.010 [AWT-EventQueue-0] Fuzzification - INFO - The file created is : 'src/main/resources/fcl/victim_general.fcl'
[INFO ] 2017-02-16 15:59:43.416 [AWT-EventQueue-0] Fuzzification - INFO - The file created is : 'src/main/resources/fcl/victim_general.fcl'
[INFO ] 2017-02-16 15:59:43.576 [AWT-EventQueue-0] Fuzzification - INFO - The file created is : 'src/main/resources/fcl/victim_general.fcl'
[INFO ] 2017-02-16 15:59:43.842 [AWT-EventQueue-0] Fuzzification - INFO - The file created is : 'src/main/resources/fcl/victim_general.fcl'
[INFO ] 2017-02-16 15:59:44.004 [AWT-EventQueue-0] Fuzzification - INFO - The file created is : 'src/main/resources/fcl/victim_general.fcl'
[INFO ] 2017-02-16 15:59:44.167 [AWT-EventQueue-0] Fuzzification - INFO - The file created is : 'src/main/resources/fcl/victim_general.fcl'
[INFO ] 2017-02-16 15:59:44.297 [AWT-EventQueue-0] Fuzzification - INFO - The file created is : 'src/main/resources/fcl/victim_general.fcl'
[INFO ] 2017-02-16 15:59:44.370 [AWT-EventQueue-0] Fuzzification - INFO - The file created is : 'src/main/resources/fcl/victim_general.fcl'
[INFO ] 2017-02-16 15:59:44.518 [AWT-EventQueue-0] Fuzzification - INFO - The file created is : 'src/main/resources/fcl/victim_general.fcl'
[INFO ] 2017-02-16 15:59:45.349 [AWT-EventQueue-0] Fuzzification - INFO - The file created is : 'src/main/resources/fcl/victim_general.fcl'
[INFO ] 2017-02-16 15:59:45.577 [AWT-EventQueue-0] Fuzzification - INFO - The file created is : 'src/main/resources/fcl/victim_general.fcl'
[INFO ] 2017-02-16 15:59:45.738 [AWT-EventQueue-0] Fuzzification - INFO - The file created is : 'src/main/resources/fcl/victim_general.fcl'
[INFO ] 2017-02-16 15:59:46.079 [AWT-EventQueue-0] Fuzzification - INFO - The file created is : 'src/main/resources/fcl/victim_general.fcl'
[INFO ] 2017-02-16 15:59:46.169 [AWT-EventQueue-0] Fuzzification - INFO - The file created is : 'src/main/resources/fcl/victim_general.fcl'
[INFO ] 2017-02-16 15:59:46.533 [AWT-EventQueue-0] Fuzzification - INFO - The file created is : 'src/main/resources/fcl/victim_general.fcl'
[INFO ] 2017-02-16 15:59:46.852 [AWT-EventQueue-0] Fuzzification - INFO - The file created is : 'src/main/resources/fcl/victim_general.fcl'
[INFO ] 2017-02-16 15:59:47.113 [AWT-EventQueue-0] Fuzzification - INFO - The file created is : 'src/main/resources/fcl/victim_general.fcl'
[INFO ] 2017-02-16 15:59:47.200 [AWT-EventQueue-0] Fuzzification - INFO - The file created is : 'src/main/resources/fcl/victim_general.fcl'
[INFO ] 2017-02-16 15:59:47.341 [AWT-EventQueue-0] Fuzzification - INFO - The file created is : 'src/main/resources/fcl/victim_general.fcl'
[INFO ] 2017-02-16 15:59:47.473 [AWT-EventQueue-0] Fuzzification - INFO - The file created is : 'src/main/resources/fcl/victim_general.fcl'
[INFO ] 2017-02-16 15:59:47.623 [AWT-EventQueue-0] Fuzzification - INFO - The file created is : 'src/main/resources/fcl/victim_general.fcl'
[INFO ] 2017-02-16 15:59:47.690 [AWT-EventQueue-0] Fuzzification - INFO - The file created is : 'src/main/resources/fcl/victim_general.fcl'
[INFO ] 2017-02-16 15:59:47.732 [AWT-EventQueue-0] Fuzzification - INFO - The file created is : 'src/main/resources/fcl/victim_general.fcl'
[INFO ] 2017-02-16 15:59:47.818 [AWT-EventQueue-0] Fuzzification - INFO - The file created is : 'src/main/resources/fcl/victim_general.fcl'
[INFO ] 2017-02-16 15:59:47.923 [AWT-EventQueue-0] Fuzzification - INFO - The file created is : 'src/main/resources/fcl/victim_general.fcl'
[INFO ] 2017-02-16 15:59:47.997 [AWT-EventQueue-0] Fuzzification - INFO - The file created is : 'src/main/resources/fcl/victim_general.fcl'
[INFO ] 2017-02-16 15:59:48.340 [AWT-EventQueue-0] Fuzzification - INFO - The file created is : 'src/main/resources/fcl/victim_general.fcl'
[INFO ] 2017-02-16 15:59:48.503 [AWT-EventQueue-0] Fuzzification - INFO - The file created is : 'src/main/resources/fcl/victim_general.fcl'
[INFO ] 2017-02-16 15:59:48.660 [AWT-EventQueue-0] Fuzzification - INFO - The file created is : 'src/main/resources/fcl/victim_general.fcl'
[INFO ] 2017-02-16 15:59:48.737 [AWT-EventQueue-0] Fuzzification - INFO - The file created is : 'src/main/resources/fcl/victim_general.fcl'
[INFO ] 2017-02-16 15:59:48.819 [AWT-EventQueue-0] Fuzzification - INFO - The file created is : 'src/main/resources/fcl/victim_general.fcl'
[INFO ] 2017-02-16 15:59:49.446 [AWT-EventQueue-0] Fuzzification - INFO - The file created is : 'src/main/resources/fcl/victim_general.fcl'
[INFO ] 2017-02-16 15:59:49.561 [AWT-EventQueue-0] Fuzzification - INFO - The file created is : 'src/main/resources/fcl/victim_general.fcl'
[INFO ] 2017-02-16 15:59:49.902 [AWT-EventQueue-0] Fuzzification - INFO - The file created is : 'src/main/resources/fcl/victim_general.fcl'
[INFO ] 2017-02-16 15:59:50.008 [AWT-EventQueue-0] Fuzzification - INFO - The file created is : 'src/main/resources/fcl/victim_general.fcl'
[INFO ] 2017-02-16 15:59:50.447 [AWT-EventQueue-0] Fuzzification - INFO - The file created is : 'src/main/resources/fcl/victim_general.fcl'
[INFO ] 2017-02-16 15:59:50.519 [AWT-EventQueue-0] Fuzzification - INFO - The file created is : 'src/main/resources/fcl/victim_general.fcl'
[INFO ] 2017-02-16 15:59:50.593 [AWT-EventQueue-0] Fuzzification - INFO - The file created is : 'src/main/resources/fcl/victim_general.fcl'
[INFO ] 2017-02-16 15:59:50.777 [AWT-EventQueue-0] Fuzzification - INFO - The file created is : 'src/main/resources/fcl/victim_general.fcl'
[INFO ] 2017-02-16 15:59:50.943 [AWT-EventQueue-0] Fuzzification - INFO - The file created is : 'src/main/resources/fcl/victim_general.fcl'
[INFO ] 2017-02-16 15:59:51.449 [AWT-EventQueue-0] Fuzzification - INFO - The file created is : 'src/main/resources/fcl/victim_general.fcl'
[INFO ] 2017-02-16 15:59:51.528 [AWT-EventQueue-0] Fuzzification - INFO - The file created is : 'src/main/resources/fcl/victim_general.fcl'
[INFO ] 2017-02-16 15:59:51.642 [AWT-EventQueue-0] Fuzzification - INFO - The file created is : 'src/main/resources/fcl/victim_general.fcl'
[INFO ] 2017-02-16 15:59:52.111 [AWT-EventQueue-0] Fuzzification - INFO - The file created is : 'src/main/resources/fcl/victim_general.fcl'
[INFO ] 2017-02-16 15:59:52.185 [AWT-EventQueue-0] Fuzzification - INFO - The file created is : 'src/main/resources/fcl/victim_general.fcl'
[INFO ] 2017-02-16 15:59:52.365 [AWT-EventQueue-0] Fuzzification - INFO - The file created is : 'src/main/resources/fcl/victim_general.fcl'
[INFO ] 2017-02-16 15:59:52.472 [AWT-EventQueue-0] Fuzzification - INFO - The file created is : 'src/main/resources/fcl/victim_general.fcl'
[INFO ] 2017-02-16 15:59:52.630 [AWT-EventQueue-0] Fuzzification - INFO - The file created is : 'src/main/resources/fcl/victim_general.fcl'
[INFO ] 2017-02-16 15:59:52.872 [AWT-EventQueue-0] Fuzzification - INFO - The file created is : 'src/main/resources/fcl/victim_general.fcl'
[INFO ] 2017-02-16 15:59:52.950 [AWT-EventQueue-0] Fuzzification - INFO - The file created is : 'src/main/resources/fcl/victim_general.fcl'
[INFO ] 2017-02-16 15:59:53.037 [AWT-EventQueue-0] Fuzzification - INFO - The file created is : 'src/main/resources/fcl/victim_general.fcl'
[INFO ] 2017-02-16 15:59:53.115 [AWT-EventQueue-0] Fuzzification - INFO - The file created is : 'src/main/resources/fcl/victim_general.fcl'
[INFO ] 2017-02-16 15:59:53.216 [AWT-EventQueue-0] Fuzzification - INFO - The file created is : 'src/main/resources/fcl/victim_general.fcl'
[INFO ] 2017-02-16 15:59:53.712 [AWT-EventQueue-0] Fuzzification - INFO - The file created is : 'src/main/resources/fcl/victim_general.fcl'
[INFO ] 2017-02-16 15:59:53.875 [AWT-EventQueue-0] Fuzzification - INFO - The file created is : 'src/main/resources/fcl/victim_general.fcl'
[INFO ] 2017-02-16 15:59:54.274 [AWT-EventQueue-0] Fuzzification - INFO - The file created is : 'src/main/resources/fcl/victim_general.fcl'
[INFO ] 2017-02-16 15:59:55.552 [AWT-EventQueue-0] Fuzzification - INFO - The file created is : 'src/main/resources/fcl/victim_general.fcl'
[INFO ] 2017-02-16 15:59:55.664 [AWT-EventQueue-0] Fuzzification - INFO - The file created is : 'src/main/resources/fcl/victim_general.fcl'
[INFO ] 2017-02-16 15:59:56.176 [AWT-EventQueue-0] Fuzzification - INFO - The file created is : 'src/main/resources/fcl/victim_general.fcl'
[INFO ] 2017-02-16 15:59:56.364 [AWT-EventQueue-0] Fuzzification - INFO - The file created is : 'src/main/resources/fcl/victim_general.fcl'
[INFO ] 2017-02-16 15:59:57.004 [AWT-EventQueue-0] Fuzzification - INFO - The file created is : 'src/main/resources/fcl/victim_general.fcl'
[INFO ] 2017-02-16 15:59:57.062 [AWT-EventQueue-0] Fuzzification - INFO - The file created is : 'src/main/resources/fcl/victim_general.fcl'
[INFO ] 2017-02-16 15:59:57.140 [AWT-EventQueue-0] Fuzzification - INFO - The file created is : 'src/main/resources/fcl/victim_general.fcl'
[INFO ] 2017-02-16 15:59:57.228 [AWT-EventQueue-0] Fuzzification - INFO - The file created is : 'src/main/resources/fcl/victim_general.fcl'
[INFO ] 2017-02-16 15:59:57.295 [AWT-EventQueue-0] Fuzzification - INFO - The file created is : 'src/main/resources/fcl/victim_general.fcl'
[INFO ] 2017-02-16 15:59:57.604 [AWT-EventQueue-0] Fuzzification - INFO - The file created is : 'src/main/resources/fcl/victim_general.fcl'
[INFO ] 2017-02-16 15:59:57.854 [AWT-EventQueue-0] Fuzzification - INFO - The file created is : 'src/main/resources/fcl/victim_general.fcl'
[INFO ] 2017-02-16 15:59:58.018 [AWT-EventQueue-0] Fuzzification - INFO - The file created is : 'src/main/resources/fcl/victim_general.fcl'
[INFO ] 2017-02-16 15:59:58.184 [AWT-EventQueue-0] Fuzzification - INFO - The file created is : 'src/main/resources/fcl/victim_general.fcl'
[INFO ] 2017-02-16 15:59:58.258 [AWT-EventQueue-0] Fuzzification - INFO - The file created is : 'src/main/resources/fcl/victim_general.fcl'
[INFO ] 2017-02-16 15:59:58.329 [AWT-EventQueue-0] Fuzzification - INFO - The file created is : 'src/main/resources/fcl/victim_general.fcl'
[INFO ] 2017-02-16 15:59:58.535 [AWT-EventQueue-0] Fuzzification - INFO - The file created is : 'src/main/resources/fcl/victim_general.fcl'
[INFO ] 2017-02-16 15:59:58.964 [AWT-EventQueue-0] Fuzzification - INFO - The file created is : 'src/main/resources/fcl/victim_general.fcl'
[INFO ] 2017-02-16 15:59:59.717 [AWT-EventQueue-0] Fuzzification - INFO - The file created is : 'src/main/resources/fcl/victim_general.fcl'
[INFO ] 2017-02-16 15:59:59.857 [AWT-EventQueue-0] Fuzzification - INFO - The file created is : 'src/main/resources/fcl/victim_general.fcl'
[INFO ] 2017-02-16 16:00:00.016 [AWT-EventQueue-0] Fuzzification - INFO - The file created is : 'src/main/resources/fcl/victim_general.fcl'
[INFO ] 2017-02-16 16:00:00.209 [AWT-EventQueue-0] Fuzzification - INFO - The file created is : 'src/main/resources/fcl/victim_general.fcl'
[INFO ] 2017-02-16 16:00:00.333 [AWT-EventQueue-0] Fuzzification - INFO - The file created is : 'src/main/resources/fcl/victim_general.fcl'
[INFO ] 2017-02-16 16:00:00.676 [AWT-EventQueue-0] Fuzzification - INFO - The file created is : 'src/main/resources/fcl/victim_general.fcl'
[INFO ] 2017-02-16 16:00:00.836 [AWT-EventQueue-0] Fuzzification - INFO - The file created is : 'src/main/resources/fcl/victim_general.fcl'
[INFO ] 2017-02-16 16:00:00.985 [AWT-EventQueue-0] Fuzzification - INFO - The file created is : 'src/main/resources/fcl/victim_general.fcl'
[INFO ] 2017-02-16 16:00:01.164 [AWT-EventQueue-0] Fuzzification - INFO - The file created is : 'src/main/resources/fcl/victim_general.fcl'
[INFO ] 2017-02-16 16:00:01.239 [AWT-EventQueue-0] Fuzzification - INFO - The file created is : 'src/main/resources/fcl/victim_general.fcl'
[INFO ] 2017-02-16 16:00:01.337 [AWT-EventQueue-0] Fuzzification - INFO - The file created is : 'src/main/resources/fcl/victim_general.fcl'
[INFO ] 2017-02-16 16:00:01.530 [AWT-EventQueue-0] Fuzzification - INFO - The file created is : 'src/main/resources/fcl/victim_general.fcl'
[INFO ] 2017-02-16 16:00:01.724 [AWT-EventQueue-0] Fuzzification - INFO - The file created is : 'src/main/resources/fcl/victim_general.fcl'
[INFO ] 2017-02-16 16:00:01.834 [AWT-EventQueue-0] Fuzzification - INFO - The file created is : 'src/main/resources/fcl/victim_general.fcl'
[INFO ] 2017-02-16 16:00:01.922 [AWT-EventQueue-0] Fuzzification - INFO - The file created is : 'src/main/resources/fcl/victim_general.fcl'
[INFO ] 2017-02-16 16:00:02.001 [AWT-EventQueue-0] Fuzzification - INFO - The file created is : 'src/main/resources/fcl/victim_general.fcl'
[INFO ] 2017-02-16 16:00:02.175 [AWT-EventQueue-0] Fuzzification - INFO - The file created is : 'src/main/resources/fcl/victim_general.fcl'
[INFO ] 2017-02-16 16:00:02.344 [AWT-EventQueue-0] Fuzzification - INFO - The file created is : 'src/main/resources/fcl/victim_general.fcl'
[INFO ] 2017-02-16 16:00:02.795 [AWT-EventQueue-0] Fuzzification - INFO - The file created is : 'src/main/resources/fcl/victim_general.fcl'
[INFO ] 2017-02-16 16:00:02.870 [AWT-EventQueue-0] Fuzzification - INFO - The file created is : 'src/main/resources/fcl/victim_general.fcl'
[INFO ] 2017-02-16 16:00:02.944 [AWT-EventQueue-0] Fuzzification - INFO - The file created is : 'src/main/resources/fcl/victim_general.fcl'
[INFO ] 2017-02-16 16:00:03.035 [AWT-EventQueue-0] Fuzzification - INFO - The file created is : 'src/main/resources/fcl/victim_general.fcl'
[INFO ] 2017-02-16 16:00:03.120 [AWT-EventQueue-0] Fuzzification - INFO - The file created is : 'src/main/resources/fcl/victim_general.fcl'
[INFO ] 2017-02-16 16:00:03.221 [AWT-EventQueue-0] Fuzzification - INFO - The file created is : 'src/main/resources/fcl/victim_general.fcl'
[INFO ] 2017-02-16 16:00:03.701 [AWT-EventQueue-0] Fuzzification - INFO - The file created is : 'src/main/resources/fcl/victim_general.fcl'
[INFO ] 2017-02-16 16:00:03.927 [AWT-EventQueue-0] Fuzzification - INFO - The file created is : 'src/main/resources/fcl/victim_general.fcl'
[INFO ] 2017-02-16 16:00:04.088 [AWT-EventQueue-0] Fuzzification - INFO - The file created is : 'src/main/resources/fcl/victim_general.fcl'
[INFO ] 2017-02-16 16:00:04.260 [AWT-EventQueue-0] Fuzzification - INFO - The file created is : 'src/main/resources/fcl/victim_general.fcl'
[INFO ] 2017-02-16 16:00:04.441 [AWT-EventQueue-0] Fuzzification - INFO - The file created is : 'src/main/resources/fcl/victim_general.fcl'
[INFO ] 2017-02-16 16:00:04.530 [AWT-EventQueue-0] Fuzzification - INFO - The file created is : 'src/main/resources/fcl/victim_general.fcl'
[INFO ] 2017-02-16 16:00:04.680 [AWT-EventQueue-0] Fuzzification - INFO - The file created is : 'src/main/resources/fcl/victim_general.fcl'
[INFO ] 2017-02-16 16:00:04.765 [AWT-EventQueue-0] Fuzzification - INFO - The file created is : 'src/main/resources/fcl/victim_general.fcl'
[INFO ] 2017-02-16 16:00:04.871 [AWT-EventQueue-0] Fuzzification - INFO - The file created is : 'src/main/resources/fcl/victim_general.fcl'
[INFO ] 2017-02-16 16:00:04.981 [AWT-EventQueue-0] Fuzzification - INFO - The file created is : 'src/main/resources/fcl/victim_general.fcl'
[INFO ] 2017-02-16 16:00:05.061 [AWT-EventQueue-0] Fuzzification - INFO - The file created is : 'src/main/resources/fcl/victim_general.fcl'
[INFO ] 2017-02-16 16:00:05.150 [AWT-EventQueue-0] Fuzzification - INFO - The file created is : 'src/main/resources/fcl/victim_general.fcl'
[INFO ] 2017-02-16 16:00:05.227 [AWT-EventQueue-0] Fuzzification - INFO - The file created is : 'src/main/resources/fcl/victim_general.fcl'
[INFO ] 2017-02-16 16:00:05.318 [AWT-EventQueue-0] Fuzzification - INFO - The file created is : 'src/main/resources/fcl/victim_general.fcl'
[INFO ] 2017-02-16 16:00:05.394 [AWT-EventQueue-0] Fuzzification - INFO - The file created is : 'src/main/resources/fcl/victim_general.fcl'
[INFO ] 2017-02-16 16:00:05.470 [AWT-EventQueue-0] Fuzzification - INFO - The file created is : 'src/main/resources/fcl/victim_general.fcl'
[INFO ] 2017-02-16 16:00:05.564 [AWT-EventQueue-0] Fuzzification - INFO - The file created is : 'src/main/resources/fcl/victim_general.fcl'
[INFO ] 2017-02-16 16:00:05.649 [AWT-EventQueue-0] Fuzzification - INFO - The file created is : 'src/main/resources/fcl/victim_general.fcl'
[INFO ] 2017-02-16 16:00:05.744 [AWT-EventQueue-0] Fuzzification - INFO - The file created is : 'src/main/resources/fcl/victim_general.fcl'
[INFO ] 2017-02-16 16:00:05.901 [AWT-EventQueue-0] Fuzzification - INFO - The file created is : 'src/main/resources/fcl/victim_general.fcl'
[INFO ] 2017-02-16 16:00:06.057 [AWT-EventQueue-0] Fuzzification - INFO - The file created is : 'src/main/resources/fcl/victim_general.fcl'
[INFO ] 2017-02-16 16:00:06.131 [AWT-EventQueue-0] Fuzzification - INFO - The file created is : 'src/main/resources/fcl/victim_general.fcl'
[INFO ] 2017-02-16 16:00:06.205 [AWT-EventQueue-0] Fuzzification - INFO - The file created is : 'src/main/resources/fcl/victim_general.fcl'
[INFO ] 2017-02-16 16:00:06.281 [AWT-EventQueue-0] Fuzzification - INFO - The file created is : 'src/main/resources/fcl/victim_general.fcl'
[INFO ] 2017-02-16 16:00:06.372 [AWT-EventQueue-0] Fuzzification - INFO - The file created is : 'src/main/resources/fcl/victim_general.fcl'
[INFO ] 2017-02-16 16:00:06.453 [AWT-EventQueue-0] Fuzzification - INFO - The file created is : 'src/main/resources/fcl/victim_general.fcl'
[INFO ] 2017-02-16 16:00:06.664 [AWT-EventQueue-0] Fuzzification - INFO - The file created is : 'src/main/resources/fcl/victim_general.fcl'
[INFO ] 2017-02-16 16:00:06.743 [AWT-EventQueue-0] Fuzzification - INFO - The file created is : 'src/main/resources/fcl/victim_general.fcl'
[INFO ] 2017-02-16 16:00:06.814 [AWT-EventQueue-0] Fuzzification - INFO - The file created is : 'src/main/resources/fcl/victim_general.fcl'
[INFO ] 2017-02-16 16:00:06.888 [AWT-EventQueue-0] Fuzzification - INFO - The file created is : 'src/main/resources/fcl/victim_general.fcl'
[INFO ] 2017-02-16 16:00:07.059 [AWT-EventQueue-0] Fuzzification - INFO - The file created is : 'src/main/resources/fcl/victim_general.fcl'
[INFO ] 2017-02-16 16:00:07.135 [AWT-EventQueue-0] Fuzzification - INFO - The file created is : 'src/main/resources/fcl/victim_general.fcl'
[INFO ] 2017-02-16 16:00:07.382 [AWT-EventQueue-0] Fuzzification - INFO - The file created is : 'src/main/resources/fcl/victim_general.fcl'
[INFO ] 2017-02-16 16:00:07.462 [AWT-EventQueue-0] Fuzzification - INFO - The file created is : 'src/main/resources/fcl/victim_general.fcl'
[INFO ] 2017-02-16 16:00:07.603 [AWT-EventQueue-0] Fuzzification - INFO - The file created is : 'src/main/resources/fcl/victim_general.fcl'
[INFO ] 2017-02-16 16:00:07.708 [AWT-EventQueue-0] Fuzzification - INFO - The file created is : 'src/main/resources/fcl/bully_general.fcl'
[INFO ] 2017-02-16 16:00:07.784 [AWT-EventQueue-0] Fuzzification - INFO - The file created is : 'src/main/resources/fcl/victim_general.fcl'
[INFO ] 2017-02-16 16:00:07.861 [AWT-EventQueue-0] Fuzzification - INFO - The file created is : 'src/main/resources/fcl/victim_general.fcl'
[INFO ] 2017-02-16 16:00:07.959 [AWT-EventQueue-0] Fuzzification - INFO - The file created is : 'src/main/resources/fcl/victim_general.fcl'
[INFO ] 2017-02-16 16:00:08.300 [AWT-EventQueue-0] Fuzzification - INFO - The file created is : 'src/main/resources/fcl/victim_general.fcl'
[INFO ] 2017-02-16 16:00:08.390 [AWT-EventQueue-0] Fuzzification - INFO - The file created is : 'src/main/resources/fcl/victim_general.fcl'
[INFO ] 2017-02-16 16:00:08.580 [AWT-EventQueue-0] Fuzzification - INFO - The file created is : 'src/main/resources/fcl/victim_general.fcl'
[INFO ] 2017-02-16 16:00:08.799 [AWT-EventQueue-0] Fuzzification - INFO - The file created is : 'src/main/resources/fcl/victim_general.fcl'
[INFO ] 2017-02-16 16:00:08.874 [AWT-EventQueue-0] Fuzzification - INFO - The file created is : 'src/main/resources/fcl/victim_general.fcl'
[INFO ] 2017-02-16 16:00:08.949 [AWT-EventQueue-0] Fuzzification - INFO - The file created is : 'src/main/resources/fcl/victim_general.fcl'
[INFO ] 2017-02-16 16:00:09.057 [AWT-EventQueue-0] Fuzzification - INFO - The file created is : 'src/main/resources/fcl/victim_general.fcl'
[INFO ] 2017-02-16 16:00:09.133 [AWT-EventQueue-0] Fuzzification - INFO - The file created is : 'src/main/resources/fcl/victim_general.fcl'
[INFO ] 2017-02-16 16:00:09.224 [AWT-EventQueue-0] Fuzzification - INFO - The file created is : 'src/main/resources/fcl/victim_general.fcl'
[INFO ] 2017-02-16 16:00:09.322 [AWT-EventQueue-0] Fuzzification - INFO - The file created is : 'src/main/resources/fcl/victim_general.fcl'
[INFO ] 2017-02-16 16:00:09.410 [AWT-EventQueue-0] Fuzzification - INFO - The file created is : 'src/main/resources/fcl/victim_general.fcl'
[INFO ] 2017-02-16 16:00:09.579 [AWT-EventQueue-0] Fuzzification - INFO - The file created is : 'src/main/resources/fcl/victim_general.fcl'
[INFO ] 2017-02-16 16:00:09.686 [AWT-EventQueue-0] Fuzzification - INFO - The file created is : 'src/main/resources/fcl/victim_general.fcl'
[INFO ] 2017-02-16 16:00:09.903 [AWT-EventQueue-0] Fuzzification - INFO - The file created is : 'src/main/resources/fcl/victim_general.fcl'
[INFO ] 2017-02-16 16:00:09.985 [AWT-EventQueue-0] Fuzzification - INFO - The file created is : 'src/main/resources/fcl/victim_general.fcl'
[INFO ] 2017-02-16 16:00:10.063 [AWT-EventQueue-0] Fuzzification - INFO - The file created is : 'src/main/resources/fcl/victim_general.fcl'
[INFO ] 2017-02-16 16:00:10.138 [AWT-EventQueue-0] Fuzzification - INFO - The file created is : 'src/main/resources/fcl/victim_general.fcl'
[INFO ] 2017-02-16 16:00:10.210 [AWT-EventQueue-0] Fuzzification - INFO - The file created is : 'src/main/resources/fcl/victim_general.fcl'
[INFO ] 2017-02-16 16:00:10.300 [AWT-EventQueue-0] Fuzzification - INFO - The file created is : 'src/main/resources/fcl/victim_general.fcl'
[INFO ] 2017-02-16 16:00:10.431 [AWT-EventQueue-0] Fuzzification - INFO - The file created is : 'src/main/resources/fcl/victim_general.fcl'
[INFO ] 2017-02-16 16:00:10.556 [AWT-EventQueue-0] Fuzzification - INFO - The file created is : 'src/main/resources/fcl/victim_general.fcl'
[INFO ] 2017-02-16 16:00:10.633 [AWT-EventQueue-0] Fuzzification - INFO - The file created is : 'src/main/resources/fcl/victim_general.fcl'
[INFO ] 2017-02-16 16:00:10.706 [AWT-EventQueue-0] Fuzzification - INFO - The file created is : 'src/main/resources/fcl/victim_general.fcl'
[INFO ] 2017-02-16 16:00:10.787 [AWT-EventQueue-0] Fuzzification - INFO - The file created is : 'src/main/resources/fcl/victim_general.fcl'
[INFO ] 2017-02-16 16:00:10.867 [AWT-EventQueue-0] Fuzzification - INFO - The file created is : 'src/main/resources/fcl/victim_general.fcl'
[INFO ] 2017-02-16 16:00:10.939 [AWT-EventQueue-0] Fuzzification - INFO - The file created is : 'src/main/resources/fcl/victim_general.fcl'
[INFO ] 2017-02-16 16:00:11.020 [AWT-EventQueue-0] Fuzzification - INFO - The file created is : 'src/main/resources/fcl/victim_general.fcl'
[INFO ] 2017-02-16 16:00:11.106 [AWT-EventQueue-0] Fuzzification - INFO - The file created is : 'src/main/resources/fcl/victim_general.fcl'
[INFO ] 2017-02-16 16:00:11.387 [AWT-EventQueue-0] Fuzzification - INFO - The file created is : 'src/main/resources/fcl/victim_general.fcl'
[INFO ] 2017-02-16 16:00:11.488 [AWT-EventQueue-0] Fuzzification - INFO - The file created is : 'src/main/resources/fcl/victim_general.fcl'
[INFO ] 2017-02-16 16:00:11.569 [AWT-EventQueue-0] Fuzzification - INFO - The file created is : 'src/main/resources/fcl/victim_general.fcl'
[INFO ] 2017-02-16 16:00:11.654 [AWT-EventQueue-0] Fuzzification - INFO - The file created is : 'src/main/resources/fcl/victim_general.fcl'
[INFO ] 2017-02-16 16:00:11.749 [AWT-EventQueue-0] Fuzzification - INFO - The file created is : 'src/main/resources/fcl/victim_general.fcl'
[INFO ] 2017-02-16 16:00:12.054 [AWT-EventQueue-0] Fuzzification - INFO - The file created is : 'src/main/resources/fcl/victim_general.fcl'
[INFO ] 2017-02-16 16:00:12.217 [AWT-EventQueue-0] Fuzzification - INFO - The file created is : 'src/main/resources/fcl/victim_general.fcl'
[INFO ] 2017-02-16 16:00:12.353 [AWT-EventQueue-0] Fuzzification - INFO - The file created is : 'src/main/resources/fcl/victim_general.fcl'
[INFO ] 2017-02-16 16:00:12.443 [AWT-EventQueue-0] Fuzzification - INFO - The file created is : 'src/main/resources/fcl/victim_general.fcl'
[INFO ] 2017-02-16 16:00:12.513 [AWT-EventQueue-0] Fuzzification - INFO - The file created is : 'src/main/resources/fcl/victim_general.fcl'
[INFO ] 2017-02-16 16:00:12.599 [AWT-EventQueue-0] Fuzzification - INFO - The file created is : 'src/main/resources/fcl/victim_cyberbullying.fcl'
[INFO ] 2017-02-16 16:00:12.749 [AWT-EventQueue-0] Fuzzification - INFO - The file created is : 'src/main/resources/fcl/victim_general.fcl'
[INFO ] 2017-02-16 16:00:12.855 [AWT-EventQueue-0] Fuzzification - INFO - The file created is : 'src/main/resources/fcl/victim_general.fcl'
[INFO ] 2017-02-16 16:00:12.967 [AWT-EventQueue-0] Fuzzification - INFO - The file created is : 'src/main/resources/fcl/victim_general.fcl'
[INFO ] 2017-02-16 16:00:13.086 [AWT-EventQueue-0] Fuzzification - INFO - The file created is : 'src/main/resources/fcl/victim_general.fcl'
[INFO ] 2017-02-16 16:00:13.233 [AWT-EventQueue-0] Fuzzification - INFO - The file created is : 'src/main/resources/fcl/victim_general.fcl'
[INFO ] 2017-02-16 16:00:13.374 [AWT-EventQueue-0] Fuzzification - INFO - The file created is : 'src/main/resources/fcl/victim_general.fcl'
[INFO ] 2017-02-16 16:00:13.537 [AWT-EventQueue-0] Fuzzification - INFO - The file created is : 'src/main/resources/fcl/victim_general.fcl'
[INFO ] 2017-02-16 16:00:13.742 [AWT-EventQueue-0] Fuzzification - INFO - The file created is : 'src/main/resources/fcl/victim_general.fcl'
[INFO ] 2017-02-16 16:00:13.948 [AWT-EventQueue-0] Fuzzification - INFO - The file created is : 'src/main/resources/fcl/victim_general.fcl'
[INFO ] 2017-02-16 16:00:14.189 [AWT-EventQueue-0] Fuzzification - INFO - The file created is : 'src/main/resources/fcl/victim_general.fcl'
[INFO ] 2017-02-16 16:00:14.308 [AWT-EventQueue-0] Fuzzification - INFO - The file created is : 'src/main/resources/fcl/victim_general.fcl'
[INFO ] 2017-02-16 16:00:14.443 [AWT-EventQueue-0] Fuzzification - INFO - The file created is : 'src/main/resources/fcl/victim_general.fcl'
[INFO ] 2017-02-16 16:00:14.609 [AWT-EventQueue-0] Fuzzification - INFO - The file created is : 'src/main/resources/fcl/victim_general.fcl'
[INFO ] 2017-02-16 16:00:14.716 [AWT-EventQueue-0] Fuzzification - INFO - The file created is : 'src/main/resources/fcl/victim_general.fcl'
[INFO ] 2017-02-16 16:00:14.847 [AWT-EventQueue-0] Fuzzification - INFO - The file created is : 'src/main/resources/fcl/victim_general.fcl'
[INFO ] 2017-02-16 16:00:15.092 [AWT-EventQueue-0] Fuzzification - INFO - The file created is : 'src/main/resources/fcl/victim_general.fcl'
[INFO ] 2017-02-16 16:00:15.472 [AWT-EventQueue-0] Fuzzification - INFO - The file created is : 'src/main/resources/fcl/victim_general.fcl'
[INFO ] 2017-02-16 16:00:15.744 [AWT-EventQueue-0] Fuzzification - INFO - The file created is : 'src/main/resources/fcl/bully_general.fcl'
[INFO ] 2017-02-16 16:00:15.851 [AWT-EventQueue-0] Fuzzification - INFO - The file created is : 'src/main/resources/fcl/victim_general.fcl'
[INFO ] 2017-02-16 16:00:16.152 [AWT-EventQueue-0] Fuzzification - INFO - The file created is : 'src/main/resources/fcl/victim_verbal.fcl'
[INFO ] 2017-02-16 16:00:16.408 [AWT-EventQueue-0] Fuzzification - INFO - The file created is : 'src/main/resources/fcl/victim_general.fcl'
[INFO ] 2017-02-16 16:00:16.534 [AWT-EventQueue-0] Fuzzification - INFO - The file created is : 'src/main/resources/fcl/victim_general.fcl'
[INFO ] 2017-02-16 16:00:16.789 [AWT-EventQueue-0] Fuzzification - INFO - The file created is : 'src/main/resources/fcl/victim_general.fcl'
[INFO ] 2017-02-16 16:00:17.331 [AWT-EventQueue-0] Fuzzification - INFO - The file created is : 'src/main/resources/fcl/victim_general.fcl'
[INFO ] 2017-02-16 16:00:17.411 [AWT-EventQueue-0] Fuzzification - INFO - The file created is : 'src/main/resources/fcl/victim_general.fcl'
[INFO ] 2017-02-16 16:00:17.574 [AWT-EventQueue-0] Fuzzification - INFO - The file created is : 'src/main/resources/fcl/victim_general.fcl'
[INFO ] 2017-02-16 16:00:17.802 [AWT-EventQueue-0] Fuzzification - INFO - The file created is : 'src/main/resources/fcl/victim_general.fcl'
[INFO ] 2017-02-16 16:00:17.971 [AWT-EventQueue-0] Fuzzification - INFO - The file created is : 'src/main/resources/fcl/victim_general.fcl'
[INFO ] 2017-02-16 16:00:18.057 [AWT-EventQueue-0] Fuzzification - INFO - The file created is : 'src/main/resources/fcl/victim_general.fcl'
[INFO ] 2017-02-16 16:00:18.244 [AWT-EventQueue-0] Fuzzification - INFO - The file created is : 'src/main/resources/fcl/victim_general.fcl'
[INFO ] 2017-02-16 16:00:18.340 [AWT-EventQueue-0] Fuzzification - INFO - The file created is : 'src/main/resources/fcl/victim_general.fcl'
[INFO ] 2017-02-16 16:00:18.419 [AWT-EventQueue-0] Fuzzification - INFO - The file created is : 'src/main/resources/fcl/victim_general.fcl'
[INFO ] 2017-02-16 16:00:18.605 [AWT-EventQueue-0] Fuzzification - INFO - The file created is : 'src/main/resources/fcl/victim_general.fcl'
[INFO ] 2017-02-16 16:00:18.845 [AWT-EventQueue-0] Fuzzification - INFO - The file created is : 'src/main/resources/fcl/victim_general.fcl'
[INFO ] 2017-02-16 16:00:19.135 [AWT-EventQueue-0] Fuzzification - INFO - The file created is : 'src/main/resources/fcl/victim_general.fcl'
[INFO ] 2017-02-16 16:00:19.216 [AWT-EventQueue-0] Fuzzification - INFO - The file created is : 'src/main/resources/fcl/victim_general.fcl'
[INFO ] 2017-02-16 16:00:19.654 [AWT-EventQueue-0] Fuzzification - INFO - The file created is : 'src/main/resources/fcl/victim_general.fcl'
[INFO ] 2017-02-16 16:00:19.738 [AWT-EventQueue-0] Fuzzification - INFO - The file created is : 'src/main/resources/fcl/victim_general.fcl'
[INFO ] 2017-02-16 16:00:19.829 [AWT-EventQueue-0] Fuzzification - INFO - The file created is : 'src/main/resources/fcl/victim_general.fcl'
[INFO ] 2017-02-16 16:00:19.908 [AWT-EventQueue-0] Fuzzification - INFO - The file created is : 'src/main/resources/fcl/victim_general.fcl'
[INFO ] 2017-02-16 16:00:19.997 [AWT-EventQueue-0] Fuzzification - INFO - The file created is : 'src/main/resources/fcl/victim_general.fcl'
[INFO ] 2017-02-16 16:00:20.380 [AWT-EventQueue-0] Fuzzification - INFO - The file created is : 'src/main/resources/fcl/victim_general.fcl'
[INFO ] 2017-02-16 16:00:20.472 [AWT-EventQueue-0] Fuzzification - INFO - The file created is : 'src/main/resources/fcl/victim_general.fcl'
[INFO ] 2017-02-16 16:00:20.641 [AWT-EventQueue-0] Fuzzification - INFO - The file created is : 'src/main/resources/fcl/victim_general.fcl'
[INFO ] 2017-02-16 16:00:20.804 [AWT-EventQueue-0] Fuzzification - INFO - The file created is : 'src/main/resources/fcl/victim_general.fcl'
[INFO ] 2017-02-16 16:00:21.037 [AWT-EventQueue-0] Fuzzification - INFO - The file created is : 'src/main/resources/fcl/victim_general.fcl'
[INFO ] 2017-02-16 16:00:21.107 [AWT-EventQueue-0] Fuzzification - INFO - The file created is : 'src/main/resources/fcl/victim_general.fcl'
[INFO ] 2017-02-16 16:00:21.259 [AWT-EventQueue-0] Fuzzification - INFO - The file created is : 'src/main/resources/fcl/victim_general.fcl'
[INFO ] 2017-02-16 16:00:21.569 [AWT-EventQueue-0] Fuzzification - INFO - The file created is : 'src/main/resources/fcl/victim_general.fcl'
[INFO ] 2017-02-16 16:00:21.670 [AWT-EventQueue-0] Fuzzification - INFO - The file created is : 'src/main/resources/fcl/victim_general.fcl'
[INFO ] 2017-02-16 16:00:21.886 [AWT-EventQueue-0] Fuzzification - INFO - The file created is : 'src/main/resources/fcl/victim_general.fcl'
[INFO ] 2017-02-16 16:00:21.964 [AWT-EventQueue-0] Fuzzification - INFO - The file created is : 'src/main/resources/fcl/victim_general.fcl'
[INFO ] 2017-02-16 16:00:22.076 [AWT-EventQueue-0] Fuzzification - INFO - The file created is : 'src/main/resources/fcl/victim_general.fcl'
[INFO ] 2017-02-16 16:00:22.152 [AWT-EventQueue-0] Fuzzification - INFO - The file created is : 'src/main/resources/fcl/victim_general.fcl'
[INFO ] 2017-02-16 16:00:22.242 [AWT-EventQueue-0] Fuzzification - INFO - The file created is : 'src/main/resources/fcl/victim_general.fcl'
[INFO ] 2017-02-16 16:00:22.470 [AWT-EventQueue-0] Fuzzification - INFO - The file created is : 'src/main/resources/fcl/victim_general.fcl'
[INFO ] 2017-02-16 16:00:22.696 [AWT-EventQueue-0] Fuzzification - INFO - The file created is : 'src/main/resources/fcl/victim_general.fcl'
[INFO ] 2017-02-16 16:00:22.859 [AWT-EventQueue-0] Fuzzification - INFO - The file created is : 'src/main/resources/fcl/bully_general.fcl'
[INFO ] 2017-02-16 16:00:23.038 [AWT-EventQueue-0] Fuzzification - INFO - The file created is : 'src/main/resources/fcl/victim_general.fcl'
[INFO ] 2017-02-16 16:00:23.109 [AWT-EventQueue-0] Fuzzification - INFO - The file created is : 'src/main/resources/fcl/victim_general.fcl'
[INFO ] 2017-02-16 16:00:23.197 [AWT-EventQueue-0] Fuzzification - INFO - The file created is : 'src/main/resources/fcl/victim_general.fcl'
[INFO ] 2017-02-16 16:00:23.479 [AWT-EventQueue-0] Fuzzification - INFO - The file created is : 'src/main/resources/fcl/victim_general.fcl'
[INFO ] 2017-02-16 16:00:23.767 [AWT-EventQueue-0] Fuzzification - INFO - The file created is : 'src/main/resources/fcl/victim_general.fcl'
[INFO ] 2017-02-16 16:00:23.871 [AWT-EventQueue-0] Fuzzification - INFO - The file created is : 'src/main/resources/fcl/victim_general.fcl'
[INFO ] 2017-02-16 16:00:24.062 [AWT-EventQueue-0] Fuzzification - INFO - The file created is : 'src/main/resources/fcl/victim_general.fcl'
[INFO ] 2017-02-16 16:00:24.141 [AWT-EventQueue-0] Fuzzification - INFO - The file created is : 'src/main/resources/fcl/victim_general.fcl'
[INFO ] 2017-02-16 16:00:24.214 [AWT-EventQueue-0] Fuzzification - INFO - The file created is : 'src/main/resources/fcl/victim_general.fcl'
[INFO ] 2017-02-16 16:00:24.285 [AWT-EventQueue-0] Fuzzification - INFO - The file created is : 'src/main/resources/fcl/victim_general.fcl'
[INFO ] 2017-02-16 16:00:24.464 [AWT-EventQueue-0] Fuzzification - INFO - The file created is : 'src/main/resources/fcl/victim_general.fcl'
[INFO ] 2017-02-16 16:00:24.662 [AWT-EventQueue-0] Fuzzification - INFO - The file created is : 'src/main/resources/fcl/victim_general.fcl'
[INFO ] 2017-02-16 16:00:24.759 [AWT-EventQueue-0] Fuzzification - INFO - The file created is : 'src/main/resources/fcl/bully_general.fcl'
[INFO ] 2017-02-16 16:00:24.859 [AWT-EventQueue-0] Fuzzification - INFO - The file created is : 'src/main/resources/fcl/victim_general.fcl'
[INFO ] 2017-02-16 16:00:25.095 [AWT-EventQueue-0] Fuzzification - INFO - The file created is : 'src/main/resources/fcl/victim_general.fcl'
[INFO ] 2017-02-16 16:00:25.323 [AWT-EventQueue-0] Fuzzification - INFO - The file created is : 'src/main/resources/fcl/victim_general.fcl'
[INFO ] 2017-02-16 16:00:25.564 [AWT-EventQueue-0] Fuzzification - INFO - The file created is : 'src/main/resources/fcl/victim_general.fcl'
[INFO ] 2017-02-16 16:00:25.824 [AWT-EventQueue-0] Fuzzification - INFO - The file created is : 'src/main/resources/fcl/victim_general.fcl'
[INFO ] 2017-02-16 16:00:25.900 [AWT-EventQueue-0] Fuzzification - INFO - The file created is : 'src/main/resources/fcl/victim_general.fcl'
[INFO ] 2017-02-16 16:00:26.043 [AWT-EventQueue-0] Fuzzification - INFO - The file created is : 'src/main/resources/fcl/victim_general.fcl'
[INFO ] 2017-02-16 16:00:26.201 [AWT-EventQueue-0] Fuzzification - INFO - The file created is : 'src/main/resources/fcl/victim_general.fcl'
[INFO ] 2017-02-16 16:00:26.286 [AWT-EventQueue-0] Fuzzification - INFO - The file created is : 'src/main/resources/fcl/victim_general.fcl'
[INFO ] 2017-02-16 16:00:26.553 [AWT-EventQueue-0] Fuzzification - INFO - The file created is : 'src/main/resources/fcl/victim_general.fcl'
[INFO ] 2017-02-16 16:00:26.706 [AWT-EventQueue-0] Fuzzification - INFO - The file created is : 'src/main/resources/fcl/victim_general.fcl'
[INFO ] 2017-02-16 16:00:26.876 [AWT-EventQueue-0] Fuzzification - INFO - The file created is : 'src/main/resources/fcl/victim_general.fcl'
[INFO ] 2017-02-16 16:00:27.144 [AWT-EventQueue-0] Fuzzification - INFO - The file created is : 'src/main/resources/fcl/victim_general.fcl'
[INFO ] 2017-02-16 16:00:27.302 [AWT-EventQueue-0] Fuzzification - INFO - The file created is : 'src/main/resources/fcl/victim_general.fcl'
[INFO ] 2017-02-16 16:00:27.456 [AWT-EventQueue-0] Fuzzification - INFO - The file created is : 'src/main/resources/fcl/victim_general.fcl'
[INFO ] 2017-02-16 16:00:27.568 [AWT-EventQueue-0] Fuzzification - INFO - The file created is : 'src/main/resources/fcl/victim_general.fcl'
[INFO ] 2017-02-16 16:00:28.353 [AWT-EventQueue-0] Fuzzification - INFO - The file created is : 'src/main/resources/fcl/victim_general.fcl'
[INFO ] 2017-02-16 16:00:28.441 [AWT-EventQueue-0] Fuzzification - INFO - The file created is : 'src/main/resources/fcl/victim_general.fcl'
[INFO ] 2017-02-16 16:00:28.616 [AWT-EventQueue-0] Fuzzification - INFO - The file created is : 'src/main/resources/fcl/victim_general.fcl'
[INFO ] 2017-02-16 16:00:28.778 [AWT-EventQueue-0] Fuzzification - INFO - The file created is : 'src/main/resources/fcl/victim_general.fcl'
[INFO ] 2017-02-16 16:00:28.863 [AWT-EventQueue-0] Fuzzification - INFO - The file created is : 'src/main/resources/fcl/victim_general.fcl'
[INFO ] 2017-02-16 16:00:28.943 [AWT-EventQueue-0] Fuzzification - INFO - The file created is : 'src/main/resources/fcl/victim_general.fcl'
[INFO ] 2017-02-16 16:00:29.102 [AWT-EventQueue-0] Fuzzification - INFO - The file created is : 'src/main/resources/fcl/victim_general.fcl'
[INFO ] 2017-02-16 16:00:29.416 [AWT-EventQueue-0] Fuzzification - INFO - The file created is : 'src/main/resources/fcl/victim_general.fcl'
[INFO ] 2017-02-16 16:00:29.502 [AWT-EventQueue-0] Fuzzification - INFO - The file created is : 'src/main/resources/fcl/victim_general.fcl'
[INFO ] 2017-02-16 16:00:29.773 [AWT-EventQueue-0] Fuzzification - INFO - The file created is : 'src/main/resources/fcl/victim_general.fcl'
[INFO ] 2017-02-16 16:00:29.968 [AWT-EventQueue-0] Fuzzification - INFO - The file created is : 'src/main/resources/fcl/victim_general.fcl'
[INFO ] 2017-02-16 16:00:30.173 [AWT-EventQueue-0] Fuzzification - INFO - The file created is : 'src/main/resources/fcl/victim_general.fcl'
[INFO ] 2017-02-16 16:00:30.442 [AWT-EventQueue-0] Fuzzification - INFO - The file created is : 'src/main/resources/fcl/victim_general.fcl'
[INFO ] 2017-02-16 16:00:30.517 [AWT-EventQueue-0] Fuzzification - INFO - The file created is : 'src/main/resources/fcl/victim_general.fcl'
[INFO ] 2017-02-16 16:00:30.596 [AWT-EventQueue-0] Fuzzification - INFO - The file created is : 'src/main/resources/fcl/victim_general.fcl'
[INFO ] 2017-02-16 16:00:30.903 [AWT-EventQueue-0] Fuzzification - INFO - The file created is : 'src/main/resources/fcl/victim_general.fcl'
[INFO ] 2017-02-16 16:00:31.049 [AWT-EventQueue-0] Fuzzification - INFO - The file created is : 'src/main/resources/fcl/victim_general.fcl'
[INFO ] 2017-02-16 16:00:31.125 [AWT-EventQueue-0] Fuzzification - INFO - The file created is : 'src/main/resources/fcl/victim_general.fcl'
[INFO ] 2017-02-16 16:00:31.199 [AWT-EventQueue-0] Fuzzification - INFO - The file created is : 'src/main/resources/fcl/victim_general.fcl'
[INFO ] 2017-02-16 16:00:31.275 [AWT-EventQueue-0] Fuzzification - INFO - The file created is : 'src/main/resources/fcl/victim_general.fcl'
[INFO ] 2017-02-16 16:00:31.429 [AWT-EventQueue-0] Fuzzification - INFO - The file created is : 'src/main/resources/fcl/victim_general.fcl'
[INFO ] 2017-02-16 16:00:31.600 [AWT-EventQueue-0] Fuzzification - INFO - The file created is : 'src/main/resources/fcl/victim_general.fcl'
[INFO ] 2017-02-16 16:00:32.006 [AWT-EventQueue-0] Fuzzification - INFO - The file created is : 'src/main/resources/fcl/victim_general.fcl'
[INFO ] 2017-02-16 16:00:32.184 [AWT-EventQueue-0] Fuzzification - INFO - The file created is : 'src/main/resources/fcl/victim_general.fcl'
[INFO ] 2017-02-16 16:00:32.407 [AWT-EventQueue-0] Fuzzification - INFO - The file created is : 'src/main/resources/fcl/victim_general.fcl'
[INFO ] 2017-02-16 16:00:32.514 [AWT-EventQueue-0] Fuzzification - INFO - The file created is : 'src/main/resources/fcl/victim_general.fcl'
[INFO ] 2017-02-16 16:00:32.592 [AWT-EventQueue-0] Fuzzification - INFO - The file created is : 'src/main/resources/fcl/victim_general.fcl'
[INFO ] 2017-02-16 16:00:32.823 [AWT-EventQueue-0] Fuzzification - INFO - The file created is : 'src/main/resources/fcl/victim_general.fcl'
[INFO ] 2017-02-16 16:00:32.969 [AWT-EventQueue-0] Fuzzification - INFO - The file created is : 'src/main/resources/fcl/victim_verbal.fcl'
[INFO ] 2017-02-16 16:00:33.043 [AWT-EventQueue-0] Fuzzification - INFO - The file created is : 'src/main/resources/fcl/victim_general.fcl'
[INFO ] 2017-02-16 16:00:33.224 [AWT-EventQueue-0] Fuzzification - INFO - The file created is : 'src/main/resources/fcl/victim_general.fcl'
[INFO ] 2017-02-16 16:00:33.300 [AWT-EventQueue-0] Fuzzification - INFO - The file created is : 'src/main/resources/fcl/victim_general.fcl'
[INFO ] 2017-02-16 16:00:33.395 [AWT-EventQueue-0] Fuzzification - INFO - The file created is : 'src/main/resources/fcl/victim_general.fcl'
[INFO ] 2017-02-16 16:00:33.848 [AWT-EventQueue-0] ReadTweets - INFO - CSV File written successfully
[INFO ] 2017-02-16 16:26:21.555 [AWT-EventQueue-0] ReadTweets - pame--> File: E:\txtsBullyingTool\tweets2017_v2.txt.

[INFO ] 2017-02-16 16:27:12.100 [AWT-EventQueue-0] ReadTweets - INFO - CSV File written successfully
[INFO ] 2017-02-16 16:27:50.686 [AWT-EventQueue-0] Fuzzification - INFO - The file created is : 'src/main/resources/fcl/victim_general.fcl'
[INFO ] 2017-02-16 16:27:51.077 [AWT-EventQueue-0] Fuzzification - INFO - The file created is : 'src/main/resources/fcl/victim_general.fcl'
[INFO ] 2017-02-16 16:27:51.203 [AWT-EventQueue-0] Fuzzification - INFO - The file created is : 'src/main/resources/fcl/victim_general.fcl'
[INFO ] 2017-02-16 16:27:51.339 [AWT-EventQueue-0] Fuzzification - INFO - The file created is : 'src/main/resources/fcl/victim_general.fcl'
[INFO ] 2017-02-16 16:27:51.562 [AWT-EventQueue-0] Fuzzification - INFO - The file created is : 'src/main/resources/fcl/victim_general.fcl'
[INFO ] 2017-02-16 16:27:51.949 [AWT-EventQueue-0] Fuzzification - INFO - The file created is : 'src/main/resources/fcl/victim_general.fcl'
[INFO ] 2017-02-16 16:27:52.254 [AWT-EventQueue-0] Fuzzification - INFO - The file created is : 'src/main/resources/fcl/bully_general.fcl'
[INFO ] 2017-02-16 16:27:52.454 [AWT-EventQueue-0] Fuzzification - INFO - The file created is : 'src/main/resources/fcl/victim_general.fcl'
[INFO ] 2017-02-16 16:27:52.682 [AWT-EventQueue-0] ReadTweets - INFO - CSV File written successfully
[INFO ] 2017-02-16 16:28:25.634 [AWT-EventQueue-0] Fuzzification - INFO - The file created is : 'src/main/resources/fcl/victim_general.fcl'
[INFO ] 2017-02-16 16:30:29.534 [AWT-EventQueue-0] Fuzzification - INFO - The file created is : 'src/main/resources/fcl/victim_general.fcl'
[INFO ] 2017-02-16 16:31:22.436 [AWT-EventQueue-0] Fuzzification - INFO - The file created is : 'src/main/resources/fcl/victim_general.fcl'
[INFO ] 2017-02-16 16:31:33.018 [AWT-EventQueue-0] Fuzzification - INFO - The file created is : 'src/main/resources/fcl/victim_general.fcl'
