[INFO ] 2016-10-18 10:08:36.604 [main] Fuzzification - INFO - The file created is : 'src/main/resources/fcl/bully_verbal.fcl'
[INFO ] 2016-10-18 10:08:40.374 [main] Fuzzification - INFO - The file created is : 'src/main/resources/fcl/victim_cyberbullying.fcl'
[INFO ] 2016-10-18 10:08:52.234 [main] Fuzzification - INFO - The file created is : 'src/main/resources/fcl/victim_cyberbullying.fcl'
[INFO ] 2016-10-18 10:08:53.572 [main] Fuzzification - INFO - The file created is : 'src/main/resources/fcl/victim_verbal.fcl'
[INFO ] 2016-10-18 10:08:53.691 [main] Fuzzification - INFO - The file created is : 'src/main/resources/fcl/victim_verbal.fcl'
[INFO ] 2016-10-18 10:08:59.406 [main] Fuzzification - INFO - The file created is : 'src/main/resources/fcl/bully_verbal.fcl'
[INFO ] 2016-10-18 10:09:10.817 [main] Fuzzification - INFO - The file created is : 'src/main/resources/fcl/victim_cyberbullying.fcl'
[INFO ] 2016-10-18 10:09:12.710 [main] Fuzzification - INFO - The file created is : 'src/main/resources/fcl/victim_cyberbullying.fcl'
[INFO ] 2016-10-18 10:09:21.367 [main] Fuzzification - INFO - The file created is : 'src/main/resources/fcl/victim_cyberbullying.fcl'
[INFO ] 2016-10-18 10:09:21.403 [main] Fuzzification - INFO - The file created is : 'src/main/resources/fcl/victim_cyberbullying.fcl'
[INFO ] 2016-10-18 10:09:21.963 [main] Fuzzification - INFO - The file created is : 'src/main/resources/fcl/victim_cyberbullying.fcl'
[INFO ] 2016-10-18 10:09:33.324 [main] Fuzzification - INFO - The file created is : 'src/main/resources/fcl/victim_verbal.fcl'
[INFO ] 2016-10-18 10:09:33.467 [main] Fuzzification - INFO - The file created is : 'src/main/resources/fcl/victim_verbal.fcl'
[INFO ] 2016-10-18 10:09:33.646 [main] Fuzzification - INFO - The file created is : 'src/main/resources/fcl/victim_cyberbullying.fcl'
[INFO ] 2016-10-18 10:09:36.046 [main] Fuzzification - INFO - The file created is : 'src/main/resources/fcl/victim_verbal.fcl'
[INFO ] 2016-10-18 10:09:45.107 [main] Fuzzification - INFO - The file created is : 'src/main/resources/fcl/victim_cyberbullying.fcl'
[INFO ] 2016-10-18 10:09:45.159 [main] Fuzzification - INFO - The file created is : 'src/main/resources/fcl/victim_cyberbullying.fcl'
[INFO ] 2016-10-18 10:09:46.669 [main] Fuzzification - INFO - The file created is : 'src/main/resources/fcl/victim_verbal.fcl'
[INFO ] 2016-10-18 10:09:47.081 [main] Fuzzification - INFO - The file created is : 'src/main/resources/fcl/victim_cyberbullying.fcl'
[INFO ] 2016-10-18 10:09:49.286 [main] Fuzzification - INFO - The file created is : 'src/main/resources/fcl/victim_cyberbullying.fcl'
[INFO ] 2016-10-18 10:09:49.864 [main] Fuzzification - INFO - The file created is : 'src/main/resources/fcl/victim_cyberbullying.fcl'
[INFO ] 2016-10-18 10:09:53.139 [main] Fuzzification - INFO - The file created is : 'src/main/resources/fcl/victim_cyberbullying.fcl'
[INFO ] 2016-10-18 10:09:58.407 [main] Fuzzification - INFO - The file created is : 'src/main/resources/fcl/victim_verbal.fcl'
[INFO ] 2016-10-18 10:10:00.396 [main] Fuzzification - INFO - The file created is : 'src/main/resources/fcl/victim_cyberbullying.fcl'
[INFO ] 2016-10-18 10:10:03.367 [main] Fuzzification - INFO - The file created is : 'src/main/resources/fcl/victim_cyberbullying.fcl'
[INFO ] 2016-10-18 10:10:04.640 [main] Fuzzification - INFO - The file created is : 'src/main/resources/fcl/victim_cyberbullying.fcl'
[INFO ] 2016-10-18 10:10:04.962 [main] Fuzzification - INFO - The file created is : 'src/main/resources/fcl/victim_verbal.fcl'
[INFO ] 2016-10-18 10:10:05.110 [main] Fuzzification - INFO - The file created is : 'src/main/resources/fcl/victim_cyberbullying.fcl'
[INFO ] 2016-10-18 10:10:05.651 [main] Fuzzification - INFO - The file created is : 'src/main/resources/fcl/victim_cyberbullying.fcl'
[INFO ] 2016-10-18 10:10:06.623 [main] Fuzzification - INFO - The file created is : 'src/main/resources/fcl/victim_cyberbullying.fcl'
[INFO ] 2016-10-18 10:10:07.841 [main] Fuzzification - INFO - The file created is : 'src/main/resources/fcl/victim_cyberbullying.fcl'
[INFO ] 2016-10-18 10:10:09.936 [main] Fuzzification - INFO - The file created is : 'src/main/resources/fcl/victim_cyberbullying.fcl'
[INFO ] 2016-10-18 10:10:10.717 [main] Fuzzification - INFO - The file created is : 'src/main/resources/fcl/victim_physical.fcl'
[INFO ] 2016-10-18 10:10:11.104 [main] Fuzzification - INFO - The file created is : 'src/main/resources/fcl/victim_physical.fcl'
[INFO ] 2016-10-18 10:10:11.127 [main] Fuzzification - INFO - The file created is : 'src/main/resources/fcl/victim_cyberbullying.fcl'
[INFO ] 2016-10-18 10:10:15.306 [main] Fuzzification - INFO - The file created is : 'src/main/resources/fcl/victim_verbal.fcl'
[INFO ] 2016-10-18 10:10:17.397 [main] Fuzzification - INFO - The file created is : 'src/main/resources/fcl/victim_verbal.fcl'
[INFO ] 2016-10-18 10:10:18.506 [main] Fuzzification - INFO - The file created is : 'src/main/resources/fcl/victim_verbal.fcl'
[INFO ] 2016-10-18 10:10:19.554 [main] Fuzzification - INFO - The file created is : 'src/main/resources/fcl/victim_cyberbullying.fcl'
[INFO ] 2016-10-18 10:10:21.954 [main] Fuzzification - INFO - The file created is : 'src/main/resources/fcl/victim_cyberbullying.fcl'
[INFO ] 2016-10-18 10:10:26.605 [main] Fuzzification - INFO - The file created is : 'src/main/resources/fcl/victim_cyberbullying.fcl'
[INFO ] 2016-10-18 10:10:28.941 [main] Fuzzification - INFO - The file created is : 'src/main/resources/fcl/victim_cyberbullying.fcl'
[INFO ] 2016-10-18 10:10:33.401 [main] Fuzzification - INFO - The file created is : 'src/main/resources/fcl/victim_cyberbullying.fcl'
[INFO ] 2016-10-18 10:10:34.888 [main] Fuzzification - INFO - The file created is : 'src/main/resources/fcl/victim_verbal.fcl'
[INFO ] 2016-10-18 10:10:36.714 [main] Fuzzification - INFO - The file created is : 'src/main/resources/fcl/bully_cyberbullying.fcl'
[INFO ] 2016-10-18 10:10:37.498 [main] Fuzzification - INFO - The file created is : 'src/main/resources/fcl/victim_verbal.fcl'
[INFO ] 2016-10-18 10:10:40.870 [main] Fuzzification - INFO - The file created is : 'src/main/resources/fcl/victim_cyberbullying.fcl'
[INFO ] 2016-10-18 10:10:41.123 [main] Fuzzification - INFO - The file created is : 'src/main/resources/fcl/victim_cyberbullying.fcl'
[INFO ] 2016-10-18 10:10:42.609 [main] Fuzzification - INFO - The file created is : 'src/main/resources/fcl/victim_verbal.fcl'
[INFO ] 2016-10-18 10:10:44.113 [main] Fuzzification - INFO - The file created is : 'src/main/resources/fcl/victim_cyberbullying.fcl'
[INFO ] 2016-10-18 10:10:56.120 [main] Fuzzification - INFO - The file created is : 'src/main/resources/fcl/victim_verbal.fcl'
[INFO ] 2016-10-18 10:10:56.803 [main] Fuzzification - INFO - The file created is : 'src/main/resources/fcl/victim_cyberbullying.fcl'
[INFO ] 2016-10-18 10:10:58.957 [main] Fuzzification - INFO - The file created is : 'src/main/resources/fcl/victim_verbal.fcl'
[INFO ] 2016-10-18 10:10:59.891 [main] Fuzzification - INFO - The file created is : 'src/main/resources/fcl/victim_cyberbullying.fcl'
[INFO ] 2016-10-18 10:11:00.565 [main] Fuzzification - INFO - The file created is : 'src/main/resources/fcl/victim_verbal.fcl'
[INFO ] 2016-10-18 10:11:02.052 [main] Fuzzification - INFO - The file created is : 'src/main/resources/fcl/bully_verbal.fcl'
[INFO ] 2016-10-18 10:11:03.621 [main] Fuzzification - INFO - The file created is : 'src/main/resources/fcl/victim_cyberbullying.fcl'
[INFO ] 2016-10-18 10:11:03.647 [main] Fuzzification - INFO - The file created is : 'src/main/resources/fcl/bully_physical.fcl'
[INFO ] 2016-10-18 10:11:04.502 [main] Fuzzification - INFO - The file created is : 'src/main/resources/fcl/victim_cyberbullying.fcl'
[INFO ] 2016-10-18 10:11:05.008 [main] Fuzzification - INFO - The file created is : 'src/main/resources/fcl/bully_cyberbullying.fcl'
[INFO ] 2016-10-18 10:11:06.678 [main] Fuzzification - INFO - The file created is : 'src/main/resources/fcl/victim_verbal.fcl'
[INFO ] 2016-10-18 10:11:06.977 [main] Fuzzification - INFO - The file created is : 'src/main/resources/fcl/victim_cyberbullying.fcl'
[INFO ] 2016-10-18 10:11:07.695 [main] Fuzzification - INFO - The file created is : 'src/main/resources/fcl/victim_cyberbullying.fcl'
[INFO ] 2016-10-18 10:11:08.632 [main] Fuzzification - INFO - The file created is : 'src/main/resources/fcl/victim_cyberbullying.fcl'
[INFO ] 2016-10-18 10:11:09.095 [main] Fuzzification - INFO - The file created is : 'src/main/resources/fcl/bully_cyberbullying.fcl'
[INFO ] 2016-10-18 10:11:09.406 [main] Fuzzification - INFO - The file created is : 'src/main/resources/fcl/victim_cyberbullying.fcl'
[INFO ] 2016-10-18 10:11:09.775 [main] Fuzzification - INFO - The file created is : 'src/main/resources/fcl/bully_cyberbullying.fcl'
[INFO ] 2016-10-18 10:11:10.726 [main] Fuzzification - INFO - The file created is : 'src/main/resources/fcl/bully_physical.fcl'
[INFO ] 2016-10-18 10:11:11.891 [main] Fuzzification - INFO - The file created is : 'src/main/resources/fcl/victim_cyberbullying.fcl'
[INFO ] 2016-10-18 10:11:12.363 [main] Fuzzification - INFO - The file created is : 'src/main/resources/fcl/bully_cyberbullying.fcl'
[INFO ] 2016-10-18 10:11:13.339 [main] Fuzzification - INFO - The file created is : 'src/main/resources/fcl/bully_cyberbullying.fcl'
[INFO ] 2016-10-18 10:11:15.495 [main] Fuzzification - INFO - The file created is : 'src/main/resources/fcl/victim_cyberbullying.fcl'
[INFO ] 2016-10-18 10:11:15.927 [main] Fuzzification - INFO - The file created is : 'src/main/resources/fcl/victim_cyberbullying.fcl'
[INFO ] 2016-10-18 10:11:15.954 [main] Fuzzification - INFO - The file created is : 'src/main/resources/fcl/bully_physical.fcl'
[INFO ] 2016-10-18 10:11:16.189 [main] Fuzzification - INFO - The file created is : 'src/main/resources/fcl/victim_physical.fcl'
[INFO ] 2016-10-18 10:11:17.489 [main] Fuzzification - INFO - The file created is : 'src/main/resources/fcl/victim_cyberbullying.fcl'
[INFO ] 2016-10-18 10:11:17.586 [main] Fuzzification - INFO - The file created is : 'src/main/resources/fcl/victim_cyberbullying.fcl'
[INFO ] 2016-10-18 10:11:17.708 [main] Fuzzification - INFO - The file created is : 'src/main/resources/fcl/victim_verbal.fcl'
[INFO ] 2016-10-18 10:11:18.422 [main] Fuzzification - INFO - The file created is : 'src/main/resources/fcl/victim_physical.fcl'
[INFO ] 2016-10-18 10:11:18.846 [main] Fuzzification - INFO - The file created is : 'src/main/resources/fcl/bully_verbal.fcl'
[INFO ] 2016-10-18 10:11:18.954 [main] Fuzzification - INFO - The file created is : 'src/main/resources/fcl/victim_cyberbullying.fcl'
[INFO ] 2016-10-18 10:11:19.839 [main] Fuzzification - INFO - The file created is : 'src/main/resources/fcl/victim_cyberbullying.fcl'
[INFO ] 2016-10-18 10:11:19.918 [main] Fuzzification - INFO - The file created is : 'src/main/resources/fcl/victim_cyberbullying.fcl'
[INFO ] 2016-10-18 10:11:20.078 [main] Fuzzification - INFO - The file created is : 'src/main/resources/fcl/victim_physical.fcl'
[INFO ] 2016-10-18 10:11:20.574 [main] Fuzzification - INFO - The file created is : 'src/main/resources/fcl/victim_cyberbullying.fcl'
[INFO ] 2016-10-18 10:11:21.976 [main] Fuzzification - INFO - The file created is : 'src/main/resources/fcl/victim_cyberbullying.fcl'
[INFO ] 2016-10-18 10:11:22.730 [main] Fuzzification - INFO - The file created is : 'src/main/resources/fcl/bully_cyberbullying.fcl'
[INFO ] 2016-10-18 10:11:22.922 [main] Fuzzification - INFO - The file created is : 'src/main/resources/fcl/victim_cyberbullying.fcl'
[INFO ] 2016-10-18 10:11:24.344 [main] Fuzzification - INFO - The file created is : 'src/main/resources/fcl/victim_verbal.fcl'
[INFO ] 2016-10-18 10:11:25.438 [main] Fuzzification - INFO - The file created is : 'src/main/resources/fcl/victim_cyberbullying.fcl'
[INFO ] 2016-10-18 10:11:25.993 [main] Fuzzification - INFO - The file created is : 'src/main/resources/fcl/victim_cyberbullying.fcl'
[INFO ] 2016-10-18 10:11:26.462 [main] Fuzzification - INFO - The file created is : 'src/main/resources/fcl/victim_physical.fcl'
[INFO ] 2016-10-18 10:11:26.966 [main] Fuzzification - INFO - The file created is : 'src/main/resources/fcl/victim_physical.fcl'
[INFO ] 2016-10-18 10:11:27.419 [main] Fuzzification - INFO - The file created is : 'src/main/resources/fcl/bully_cyberbullying.fcl'
[INFO ] 2016-10-18 10:11:27.551 [main] Fuzzification - INFO - The file created is : 'src/main/resources/fcl/victim_verbal.fcl'
[INFO ] 2016-10-18 10:11:29.117 [main] Fuzzification - INFO - The file created is : 'src/main/resources/fcl/victim_cyberbullying.fcl'
[INFO ] 2016-10-18 10:11:29.347 [main] Fuzzification - INFO - The file created is : 'src/main/resources/fcl/bully_physical.fcl'
[INFO ] 2016-10-18 10:11:29.676 [main] Fuzzification - INFO - The file created is : 'src/main/resources/fcl/victim_cyberbullying.fcl'
[INFO ] 2016-10-18 10:11:30.436 [main] Fuzzification - INFO - The file created is : 'src/main/resources/fcl/victim_physical.fcl'
[INFO ] 2016-10-18 10:11:30.662 [main] Fuzzification - INFO - The file created is : 'src/main/resources/fcl/bully_verbal.fcl'
[INFO ] 2016-10-18 10:11:33.060 [main] Fuzzification - INFO - The file created is : 'src/main/resources/fcl/bully_verbal.fcl'
[INFO ] 2016-10-18 10:11:35.295 [main] Fuzzification - INFO - The file created is : 'src/main/resources/fcl/victim_verbal.fcl'
[INFO ] 2016-10-18 10:11:35.956 [main] Fuzzification - INFO - The file created is : 'src/main/resources/fcl/victim_cyberbullying.fcl'
[INFO ] 2016-10-18 10:11:36.776 [main] Fuzzification - INFO - The file created is : 'src/main/resources/fcl/victim_verbal.fcl'
[INFO ] 2016-10-18 10:11:37.521 [main] Fuzzification - INFO - The file created is : 'src/main/resources/fcl/victim_cyberbullying.fcl'
[INFO ] 2016-10-18 10:11:38.894 [main] Fuzzification - INFO - The file created is : 'src/main/resources/fcl/victim_verbal.fcl'
[INFO ] 2016-10-18 10:11:39.533 [main] Fuzzification - INFO - The file created is : 'src/main/resources/fcl/bully_cyberbullying.fcl'
[INFO ] 2016-10-18 10:11:39.767 [main] Fuzzification - INFO - The file created is : 'src/main/resources/fcl/victim_cyberbullying.fcl'
[INFO ] 2016-10-18 10:11:40.003 [main] Fuzzification - INFO - The file created is : 'src/main/resources/fcl/bully_cyberbullying.fcl'
[INFO ] 2016-10-18 10:11:40.139 [main] Fuzzification - INFO - The file created is : 'src/main/resources/fcl/victim_verbal.fcl'
[INFO ] 2016-10-18 10:11:40.431 [main] Fuzzification - INFO - The file created is : 'src/main/resources/fcl/victim_cyberbullying.fcl'
[INFO ] 2016-10-18 10:11:41.593 [main] Fuzzification - INFO - The file created is : 'src/main/resources/fcl/victim_cyberbullying.fcl'
[INFO ] 2016-10-18 10:11:41.942 [main] Fuzzification - INFO - The file created is : 'src/main/resources/fcl/victim_physical.fcl'
[INFO ] 2016-10-18 10:11:42.296 [main] Fuzzification - INFO - The file created is : 'src/main/resources/fcl/victim_cyberbullying.fcl'
[INFO ] 2016-10-18 10:11:42.553 [main] Fuzzification - INFO - The file created is : 'src/main/resources/fcl/victim_cyberbullying.fcl'
[INFO ] 2016-10-18 10:11:43.001 [main] Fuzzification - INFO - The file created is : 'src/main/resources/fcl/victim_cyberbullying.fcl'
[INFO ] 2016-10-18 10:11:44.116 [main] Fuzzification - INFO - The file created is : 'src/main/resources/fcl/victim_verbal.fcl'
[INFO ] 2016-10-18 10:11:44.420 [main] Fuzzification - INFO - The file created is : 'src/main/resources/fcl/victim_verbal.fcl'
[INFO ] 2016-10-18 10:11:45.482 [main] Fuzzification - INFO - The file created is : 'src/main/resources/fcl/victim_verbal.fcl'
[INFO ] 2016-10-18 10:11:45.945 [main] Fuzzification - INFO - The file created is : 'src/main/resources/fcl/bully_cyberbullying.fcl'
[INFO ] 2016-10-18 10:11:46.600 [main] ReadTweets - INFO - CSV File written successfully
[INFO ] 2016-10-18 10:38:03.875 [main] Fuzzification - INFO - The file created is : 'src/main/resources/fcl/bully_verbal.fcl'
[INFO ] 2016-10-18 10:38:07.748 [main] Fuzzification - INFO - The file created is : 'src/main/resources/fcl/victim_cyberbullying.fcl'
[INFO ] 2016-10-18 10:38:20.698 [main] Fuzzification - INFO - The file created is : 'src/main/resources/fcl/victim_cyberbullying.fcl'
[INFO ] 2016-10-18 10:38:22.540 [main] Fuzzification - INFO - The file created is : 'src/main/resources/fcl/victim_verbal.fcl'
[INFO ] 2016-10-18 10:38:22.569 [main] Fuzzification - INFO - The file created is : 'src/main/resources/fcl/victim_verbal.fcl'
[INFO ] 2016-10-18 10:38:28.856 [main] Fuzzification - INFO - The file created is : 'src/main/resources/fcl/bully_verbal.fcl'
[INFO ] 2016-10-18 10:38:42.124 [main] Fuzzification - INFO - The file created is : 'src/main/resources/fcl/victim_cyberbullying.fcl'
[INFO ] 2016-10-18 10:38:44.241 [main] Fuzzification - INFO - The file created is : 'src/main/resources/fcl/victim_cyberbullying.fcl'
[INFO ] 2016-10-18 10:38:47.709 [main] Fuzzification - INFO - The file created is : 'src/main/resources/fcl/victim_cyberbullying.fcl'
[INFO ] 2016-10-18 10:38:54.330 [main] Fuzzification - INFO - The file created is : 'src/main/resources/fcl/victim_cyberbullying.fcl'
[INFO ] 2016-10-18 10:38:54.357 [main] Fuzzification - INFO - The file created is : 'src/main/resources/fcl/victim_cyberbullying.fcl'
[INFO ] 2016-10-18 10:38:55.079 [main] Fuzzification - INFO - The file created is : 'src/main/resources/fcl/victim_cyberbullying.fcl'
[INFO ] 2016-10-18 10:39:06.684 [main] Fuzzification - INFO - The file created is : 'src/main/resources/fcl/victim_verbal.fcl'
[INFO ] 2016-10-18 10:39:06.945 [main] Fuzzification - INFO - The file created is : 'src/main/resources/fcl/victim_verbal.fcl'
[INFO ] 2016-10-18 10:39:07.157 [main] Fuzzification - INFO - The file created is : 'src/main/resources/fcl/victim_cyberbullying.fcl'
[INFO ] 2016-10-18 10:39:09.994 [main] Fuzzification - INFO - The file created is : 'src/main/resources/fcl/victim_verbal.fcl'
[INFO ] 2016-10-18 10:39:10.821 [main] Fuzzification - INFO - The file created is : 'src/main/resources/fcl/victim_verbal.fcl'
[INFO ] 2016-10-18 10:39:20.667 [main] Fuzzification - INFO - The file created is : 'src/main/resources/fcl/victim_cyberbullying.fcl'
[INFO ] 2016-10-18 10:39:20.719 [main] Fuzzification - INFO - The file created is : 'src/main/resources/fcl/victim_cyberbullying.fcl'
[INFO ] 2016-10-18 10:39:20.880 [main] Fuzzification - INFO - The file created is : 'src/main/resources/fcl/victim_verbal.fcl'
[INFO ] 2016-10-18 10:39:21.521 [main] Fuzzification - INFO - The file created is : 'src/main/resources/fcl/victim_verbal.fcl'
[INFO ] 2016-10-18 10:39:22.689 [main] Fuzzification - INFO - The file created is : 'src/main/resources/fcl/victim_verbal.fcl'
[INFO ] 2016-10-18 10:39:23.228 [main] Fuzzification - INFO - The file created is : 'src/main/resources/fcl/victim_cyberbullying.fcl'
[INFO ] 2016-10-18 10:39:25.650 [main] Fuzzification - INFO - The file created is : 'src/main/resources/fcl/victim_cyberbullying.fcl'
[INFO ] 2016-10-18 10:39:26.299 [main] Fuzzification - INFO - The file created is : 'src/main/resources/fcl/victim_cyberbullying.fcl'
[INFO ] 2016-10-18 10:39:30.670 [main] Fuzzification - INFO - The file created is : 'src/main/resources/fcl/victim_cyberbullying.fcl'
[INFO ] 2016-10-18 10:39:34.890 [main] Fuzzification - INFO - The file created is : 'src/main/resources/fcl/victim_cyberbullying.fcl'
[INFO ] 2016-10-18 10:39:36.858 [main] Fuzzification - INFO - The file created is : 'src/main/resources/fcl/victim_verbal.fcl'
[INFO ] 2016-10-18 10:39:39.069 [main] Fuzzification - INFO - The file created is : 'src/main/resources/fcl/victim_cyberbullying.fcl'
[INFO ] 2016-10-18 10:39:42.348 [main] Fuzzification - INFO - The file created is : 'src/main/resources/fcl/victim_cyberbullying.fcl'
[INFO ] 2016-10-18 10:39:43.812 [main] Fuzzification - INFO - The file created is : 'src/main/resources/fcl/victim_cyberbullying.fcl'
[INFO ] 2016-10-18 10:39:44.185 [main] Fuzzification - INFO - The file created is : 'src/main/resources/fcl/victim_verbal.fcl'
[INFO ] 2016-10-18 10:39:44.338 [main] Fuzzification - INFO - The file created is : 'src/main/resources/fcl/victim_cyberbullying.fcl'
[INFO ] 2016-10-18 10:39:44.875 [main] Fuzzification - INFO - The file created is : 'src/main/resources/fcl/victim_cyberbullying.fcl'
[INFO ] 2016-10-18 10:39:45.849 [main] Fuzzification - INFO - The file created is : 'src/main/resources/fcl/victim_cyberbullying.fcl'
[INFO ] 2016-10-18 10:39:45.878 [main] Fuzzification - INFO - The file created is : 'src/main/resources/fcl/victim_cyberbullying.fcl'
[INFO ] 2016-10-18 10:39:47.326 [main] Fuzzification - INFO - The file created is : 'src/main/resources/fcl/victim_cyberbullying.fcl'
[INFO ] 2016-10-18 10:39:50.042 [main] Fuzzification - INFO - The file created is : 'src/main/resources/fcl/victim_cyberbullying.fcl'
[INFO ] 2016-10-18 10:39:51.018 [main] Fuzzification - INFO - The file created is : 'src/main/resources/fcl/victim_physical.fcl'
[INFO ] 2016-10-18 10:39:51.401 [main] Fuzzification - INFO - The file created is : 'src/main/resources/fcl/victim_physical.fcl'
[INFO ] 2016-10-18 10:39:51.433 [main] Fuzzification - INFO - The file created is : 'src/main/resources/fcl/victim_cyberbullying.fcl'
[INFO ] 2016-10-18 10:39:56.201 [main] Fuzzification - INFO - The file created is : 'src/main/resources/fcl/victim_verbal.fcl'
[INFO ] 2016-10-18 10:39:58.719 [main] Fuzzification - INFO - The file created is : 'src/main/resources/fcl/victim_verbal.fcl'
[INFO ] 2016-10-18 10:40:00.029 [main] Fuzzification - INFO - The file created is : 'src/main/resources/fcl/victim_verbal.fcl'
[INFO ] 2016-10-18 10:40:01.225 [main] Fuzzification - INFO - The file created is : 'src/main/resources/fcl/victim_cyberbullying.fcl'
[INFO ] 2016-10-18 10:40:04.270 [main] Fuzzification - INFO - The file created is : 'src/main/resources/fcl/victim_cyberbullying.fcl'
[INFO ] 2016-10-18 10:40:10.274 [main] Fuzzification - INFO - The file created is : 'src/main/resources/fcl/victim_cyberbullying.fcl'
[INFO ] 2016-10-18 10:40:13.806 [main] Fuzzification - INFO - The file created is : 'src/main/resources/fcl/victim_cyberbullying.fcl'
[INFO ] 2016-10-18 10:40:19.608 [main] Fuzzification - INFO - The file created is : 'src/main/resources/fcl/victim_cyberbullying.fcl'
[INFO ] 2016-10-18 10:40:21.310 [main] Fuzzification - INFO - The file created is : 'src/main/resources/fcl/victim_verbal.fcl'
[INFO ] 2016-10-18 10:40:23.391 [main] Fuzzification - INFO - The file created is : 'src/main/resources/fcl/bully_cyberbullying.fcl'
[INFO ] 2016-10-18 10:40:24.176 [main] Fuzzification - INFO - The file created is : 'src/main/resources/fcl/victim_verbal.fcl'
[INFO ] 2016-10-18 10:40:27.927 [main] Fuzzification - INFO - The file created is : 'src/main/resources/fcl/victim_cyberbullying.fcl'
[INFO ] 2016-10-18 10:40:28.207 [main] Fuzzification - INFO - The file created is : 'src/main/resources/fcl/victim_cyberbullying.fcl'
[INFO ] 2016-10-18 10:40:30.237 [main] Fuzzification - INFO - The file created is : 'src/main/resources/fcl/victim_verbal.fcl'
[INFO ] 2016-10-18 10:40:32.724 [main] Fuzzification - INFO - The file created is : 'src/main/resources/fcl/bully_verbal.fcl'
[INFO ] 2016-10-18 10:40:34.619 [main] Fuzzification - INFO - The file created is : 'src/main/resources/fcl/victim_cyberbullying.fcl'
[INFO ] 2016-10-18 10:40:34.650 [main] Fuzzification - INFO - The file created is : 'src/main/resources/fcl/bully_physical.fcl'
[INFO ] 2016-10-18 10:40:35.543 [main] Fuzzification - INFO - The file created is : 'src/main/resources/fcl/victim_cyberbullying.fcl'
[INFO ] 2016-10-18 10:40:36.023 [main] Fuzzification - INFO - The file created is : 'src/main/resources/fcl/bully_cyberbullying.fcl'
[INFO ] 2016-10-18 10:40:37.562 [main] Fuzzification - INFO - The file created is : 'src/main/resources/fcl/victim_verbal.fcl'
[INFO ] 2016-10-18 10:40:37.853 [main] Fuzzification - INFO - The file created is : 'src/main/resources/fcl/victim_cyberbullying.fcl'
[INFO ] 2016-10-18 10:40:38.465 [main] Fuzzification - INFO - The file created is : 'src/main/resources/fcl/victim_cyberbullying.fcl'
[INFO ] 2016-10-18 10:40:39.455 [main] Fuzzification - INFO - The file created is : 'src/main/resources/fcl/victim_cyberbullying.fcl'
[INFO ] 2016-10-18 10:40:39.937 [main] Fuzzification - INFO - The file created is : 'src/main/resources/fcl/bully_cyberbullying.fcl'
[INFO ] 2016-10-18 10:40:40.252 [main] Fuzzification - INFO - The file created is : 'src/main/resources/fcl/victim_cyberbullying.fcl'
[INFO ] 2016-10-18 10:40:40.568 [main] Fuzzification - INFO - The file created is : 'src/main/resources/fcl/bully_cyberbullying.fcl'
[INFO ] 2016-10-18 10:40:41.448 [main] Fuzzification - INFO - The file created is : 'src/main/resources/fcl/bully_physical.fcl'
[INFO ] 2016-10-18 10:40:42.761 [main] Fuzzification - INFO - The file created is : 'src/main/resources/fcl/victim_cyberbullying.fcl'
[INFO ] 2016-10-18 10:40:43.209 [main] Fuzzification - INFO - The file created is : 'src/main/resources/fcl/bully_cyberbullying.fcl'
[INFO ] 2016-10-18 10:40:44.178 [main] Fuzzification - INFO - The file created is : 'src/main/resources/fcl/bully_cyberbullying.fcl'
[INFO ] 2016-10-18 10:40:46.395 [main] Fuzzification - INFO - The file created is : 'src/main/resources/fcl/victim_cyberbullying.fcl'
[INFO ] 2016-10-18 10:40:46.832 [main] Fuzzification - INFO - The file created is : 'src/main/resources/fcl/victim_cyberbullying.fcl'
[INFO ] 2016-10-18 10:40:46.860 [main] Fuzzification - INFO - The file created is : 'src/main/resources/fcl/bully_physical.fcl'
[INFO ] 2016-10-18 10:40:47.146 [main] Fuzzification - INFO - The file created is : 'src/main/resources/fcl/victim_physical.fcl'
[INFO ] 2016-10-18 10:40:48.392 [main] Fuzzification - INFO - The file created is : 'src/main/resources/fcl/victim_cyberbullying.fcl'
[INFO ] 2016-10-18 10:40:48.489 [main] Fuzzification - INFO - The file created is : 'src/main/resources/fcl/victim_cyberbullying.fcl'
[INFO ] 2016-10-18 10:40:48.611 [main] Fuzzification - INFO - The file created is : 'src/main/resources/fcl/victim_verbal.fcl'
[INFO ] 2016-10-18 10:40:49.311 [main] Fuzzification - INFO - The file created is : 'src/main/resources/fcl/victim_physical.fcl'
[INFO ] 2016-10-18 10:40:49.740 [main] Fuzzification - INFO - The file created is : 'src/main/resources/fcl/bully_verbal.fcl'
[INFO ] 2016-10-18 10:40:49.864 [main] Fuzzification - INFO - The file created is : 'src/main/resources/fcl/victim_cyberbullying.fcl'
[INFO ] 2016-10-18 10:40:50.753 [main] Fuzzification - INFO - The file created is : 'src/main/resources/fcl/victim_cyberbullying.fcl'
[INFO ] 2016-10-18 10:40:50.831 [main] Fuzzification - INFO - The file created is : 'src/main/resources/fcl/victim_cyberbullying.fcl'
[INFO ] 2016-10-18 10:40:50.991 [main] Fuzzification - INFO - The file created is : 'src/main/resources/fcl/victim_physical.fcl'
[INFO ] 2016-10-18 10:40:51.476 [main] Fuzzification - INFO - The file created is : 'src/main/resources/fcl/victim_cyberbullying.fcl'
[INFO ] 2016-10-18 10:40:52.888 [main] Fuzzification - INFO - The file created is : 'src/main/resources/fcl/victim_cyberbullying.fcl'
[INFO ] 2016-10-18 10:40:53.635 [main] Fuzzification - INFO - The file created is : 'src/main/resources/fcl/bully_cyberbullying.fcl'
[INFO ] 2016-10-18 10:40:53.849 [main] Fuzzification - INFO - The file created is : 'src/main/resources/fcl/victim_cyberbullying.fcl'
[INFO ] 2016-10-18 10:40:55.646 [main] Fuzzification - INFO - The file created is : 'src/main/resources/fcl/victim_verbal.fcl'
[INFO ] 2016-10-18 10:40:56.800 [main] Fuzzification - INFO - The file created is : 'src/main/resources/fcl/victim_cyberbullying.fcl'
[INFO ] 2016-10-18 10:40:57.431 [main] Fuzzification - INFO - The file created is : 'src/main/resources/fcl/victim_cyberbullying.fcl'
[INFO ] 2016-10-18 10:40:57.878 [main] Fuzzification - INFO - The file created is : 'src/main/resources/fcl/victim_physical.fcl'
[INFO ] 2016-10-18 10:40:58.286 [main] Fuzzification - INFO - The file created is : 'src/main/resources/fcl/victim_physical.fcl'
[INFO ] 2016-10-18 10:40:58.744 [main] Fuzzification - INFO - The file created is : 'src/main/resources/fcl/bully_cyberbullying.fcl'
[INFO ] 2016-10-18 10:40:58.872 [main] Fuzzification - INFO - The file created is : 'src/main/resources/fcl/victim_verbal.fcl'
[INFO ] 2016-10-18 10:41:00.505 [main] Fuzzification - INFO - The file created is : 'src/main/resources/fcl/victim_cyberbullying.fcl'
[INFO ] 2016-10-18 10:41:00.736 [main] Fuzzification - INFO - The file created is : 'src/main/resources/fcl/bully_physical.fcl'
[INFO ] 2016-10-18 10:41:01.043 [main] Fuzzification - INFO - The file created is : 'src/main/resources/fcl/victim_cyberbullying.fcl'
[INFO ] 2016-10-18 10:41:01.808 [main] Fuzzification - INFO - The file created is : 'src/main/resources/fcl/victim_physical.fcl'
[INFO ] 2016-10-18 10:41:02.037 [main] Fuzzification - INFO - The file created is : 'src/main/resources/fcl/bully_verbal.fcl'
[INFO ] 2016-10-18 10:41:04.836 [main] Fuzzification - INFO - The file created is : 'src/main/resources/fcl/bully_verbal.fcl'
[INFO ] 2016-10-18 10:41:07.697 [main] Fuzzification - INFO - The file created is : 'src/main/resources/fcl/victim_verbal.fcl'
[INFO ] 2016-10-18 10:41:08.471 [main] Fuzzification - INFO - The file created is : 'src/main/resources/fcl/victim_cyberbullying.fcl'
[INFO ] 2016-10-18 10:41:09.466 [main] Fuzzification - INFO - The file created is : 'src/main/resources/fcl/victim_verbal.fcl'
[INFO ] 2016-10-18 10:41:10.619 [main] Fuzzification - INFO - The file created is : 'src/main/resources/fcl/victim_cyberbullying.fcl'
[INFO ] 2016-10-18 10:41:13.023 [main] Fuzzification - INFO - The file created is : 'src/main/resources/fcl/victim_verbal.fcl'
[INFO ] 2016-10-18 10:41:13.877 [main] Fuzzification - INFO - The file created is : 'src/main/resources/fcl/bully_cyberbullying.fcl'
[INFO ] 2016-10-18 10:41:14.291 [main] Fuzzification - INFO - The file created is : 'src/main/resources/fcl/victim_cyberbullying.fcl'
[INFO ] 2016-10-18 10:41:14.600 [main] Fuzzification - INFO - The file created is : 'src/main/resources/fcl/bully_cyberbullying.fcl'
[INFO ] 2016-10-18 10:41:14.889 [main] Fuzzification - INFO - The file created is : 'src/main/resources/fcl/victim_verbal.fcl'
[INFO ] 2016-10-18 10:41:15.328 [main] Fuzzification - INFO - The file created is : 'src/main/resources/fcl/victim_cyberbullying.fcl'
[INFO ] 2016-10-18 10:41:16.919 [main] Fuzzification - INFO - The file created is : 'src/main/resources/fcl/victim_cyberbullying.fcl'
[INFO ] 2016-10-18 10:41:17.635 [main] Fuzzification - INFO - The file created is : 'src/main/resources/fcl/victim_physical.fcl'
[INFO ] 2016-10-18 10:41:18.381 [main] Fuzzification - INFO - The file created is : 'src/main/resources/fcl/victim_cyberbullying.fcl'
[INFO ] 2016-10-18 10:41:18.906 [main] Fuzzification - INFO - The file created is : 'src/main/resources/fcl/victim_cyberbullying.fcl'
[INFO ] 2016-10-18 10:41:19.572 [main] Fuzzification - INFO - The file created is : 'src/main/resources/fcl/victim_cyberbullying.fcl'
[INFO ] 2016-10-18 10:41:21.182 [main] Fuzzification - INFO - The file created is : 'src/main/resources/fcl/victim_verbal.fcl'
[INFO ] 2016-10-18 10:41:21.412 [main] Fuzzification - INFO - The file created is : 'src/main/resources/fcl/victim_verbal.fcl'
[INFO ] 2016-10-18 10:41:22.554 [main] Fuzzification - INFO - The file created is : 'src/main/resources/fcl/victim_verbal.fcl'
[INFO ] 2016-10-18 10:41:23.193 [main] Fuzzification - INFO - The file created is : 'src/main/resources/fcl/bully_cyberbullying.fcl'
[INFO ] 2016-10-18 10:41:23.677 [main] ReadTweets - INFO - CSV File written successfully
