[INFO ] 2017-02-05 13:42:04.037 [main] ReadTweets - INFO - CSV File written successfully
[INFO ] 2017-02-05 13:42:37.414 [main] Fuzzification - INFO - The file created is : 'src/main/resources/fcl/victim_general.fcl'
[INFO ] 2017-02-05 13:42:38.307 [main] ReadTweets - INFO - CSV File written successfully
[INFO ] 2017-02-05 14:16:12.252 [main] ReadTweets - INFO - CSV File written successfully
[INFO ] 2017-02-05 14:16:32.557 [main] Fuzzification - INFO - The file created is : 'src/main/resources/fcl/victim_general.fcl'
[INFO ] 2017-02-05 14:16:33.292 [main] ReadTweets - INFO - CSV File written successfully
[INFO ] 2017-02-05 14:28:22.405 [main] ReadTweets - INFO - CSV File written successfully
[INFO ] 2017-02-05 18:55:00.456 [main] ReadTweets - INFO - CSV File written successfully
[INFO ] 2017-02-05 19:35:03.498 [main] Fuzzification - INFO - The file created is : 'src/main/resources/fcl/victim_general.fcl'
[INFO ] 2017-02-05 19:35:05.132 [main] ReadTweets - INFO - CSV File written successfully
[INFO ] 2017-02-05 20:13:47.870 [main] Fuzzification - INFO - The file created is : 'src/main/resources/fcl/victim_general.fcl'
[INFO ] 2017-02-05 20:13:48.990 [main] Fuzzification - INFO - The file created is : 'src/main/resources/fcl/victim_general.fcl'
[INFO ] 2017-02-05 20:13:49.078 [main] Fuzzification - INFO - The file created is : 'src/main/resources/fcl/victim_general.fcl'
[INFO ] 2017-02-05 20:13:49.275 [main] Fuzzification - INFO - The file created is : 'src/main/resources/fcl/victim_general.fcl'
[INFO ] 2017-02-05 20:13:49.449 [main] Fuzzification - INFO - The file created is : 'src/main/resources/fcl/victim_general.fcl'
[INFO ] 2017-02-05 20:13:49.767 [main] Fuzzification - INFO - The file created is : 'src/main/resources/fcl/victim_general.fcl'
[INFO ] 2017-02-05 20:13:50.122 [main] Fuzzification - INFO - The file created is : 'src/main/resources/fcl/victim_general.fcl'
[INFO ] 2017-02-05 20:13:50.228 [main] Fuzzification - INFO - The file created is : 'src/main/resources/fcl/victim_general.fcl'
[INFO ] 2017-02-05 20:13:50.412 [main] Fuzzification - INFO - The file created is : 'src/main/resources/fcl/victim_general.fcl'
[INFO ] 2017-02-05 20:13:50.726 [main] Fuzzification - INFO - The file created is : 'src/main/resources/fcl/victim_general.fcl'
[INFO ] 2017-02-05 20:13:51.122 [main] Fuzzification - INFO - The file created is : 'src/main/resources/fcl/victim_general.fcl'
[INFO ] 2017-02-05 20:13:51.746 [main] Fuzzification - INFO - The file created is : 'src/main/resources/fcl/victim_general.fcl'
[INFO ] 2017-02-05 20:13:52.131 [main] Fuzzification - INFO - The file created is : 'src/main/resources/fcl/victim_general.fcl'
[INFO ] 2017-02-05 20:13:52.233 [main] Fuzzification - INFO - The file created is : 'src/main/resources/fcl/victim_general.fcl'
[INFO ] 2017-02-05 20:13:52.509 [main] Fuzzification - INFO - The file created is : 'src/main/resources/fcl/victim_general.fcl'
[INFO ] 2017-02-05 20:13:53.322 [main] Fuzzification - INFO - The file created is : 'src/main/resources/fcl/victim_general.fcl'
[INFO ] 2017-02-05 20:13:53.512 [main] Fuzzification - INFO - The file created is : 'src/main/resources/fcl/victim_general.fcl'
[INFO ] 2017-02-05 20:13:53.609 [main] Fuzzification - INFO - The file created is : 'src/main/resources/fcl/victim_general.fcl'
[INFO ] 2017-02-05 20:13:53.735 [main] Fuzzification - INFO - The file created is : 'src/main/resources/fcl/victim_general.fcl'
[INFO ] 2017-02-05 20:13:54.013 [main] Fuzzification - INFO - The file created is : 'src/main/resources/fcl/victim_general.fcl'
[INFO ] 2017-02-05 20:13:54.409 [main] Fuzzification - INFO - The file created is : 'src/main/resources/fcl/victim_general.fcl'
[INFO ] 2017-02-05 20:13:54.492 [main] Fuzzification - INFO - The file created is : 'src/main/resources/fcl/victim_verbal.fcl'
[INFO ] 2017-02-05 20:13:54.578 [main] Fuzzification - INFO - The file created is : 'src/main/resources/fcl/victim_general.fcl'
[INFO ] 2017-02-05 20:13:54.705 [main] Fuzzification - INFO - The file created is : 'src/main/resources/fcl/victim_general.fcl'
[INFO ] 2017-02-05 20:13:54.915 [main] Fuzzification - INFO - The file created is : 'src/main/resources/fcl/victim_general.fcl'
[INFO ] 2017-02-05 20:13:55.037 [main] Fuzzification - INFO - The file created is : 'src/main/resources/fcl/victim_general.fcl'
[INFO ] 2017-02-05 20:13:55.289 [main] Fuzzification - INFO - The file created is : 'src/main/resources/fcl/victim_general.fcl'
[INFO ] 2017-02-05 20:13:55.499 [main] Fuzzification - INFO - The file created is : 'src/main/resources/fcl/victim_general.fcl'
[INFO ] 2017-02-05 20:13:55.591 [main] Fuzzification - INFO - The file created is : 'src/main/resources/fcl/victim_general.fcl'
[INFO ] 2017-02-05 20:13:56.003 [main] Fuzzification - INFO - The file created is : 'src/main/resources/fcl/victim_general.fcl'
[INFO ] 2017-02-05 20:13:56.668 [main] Fuzzification - INFO - The file created is : 'src/main/resources/fcl/victim_general.fcl'
[INFO ] 2017-02-05 20:13:56.785 [main] Fuzzification - INFO - The file created is : 'src/main/resources/fcl/victim_general.fcl'
[INFO ] 2017-02-05 20:13:56.884 [main] Fuzzification - INFO - The file created is : 'src/main/resources/fcl/victim_general.fcl'
[INFO ] 2017-02-05 20:13:56.968 [main] Fuzzification - INFO - The file created is : 'src/main/resources/fcl/victim_general.fcl'
[INFO ] 2017-02-05 20:13:57.075 [main] Fuzzification - INFO - The file created is : 'src/main/resources/fcl/victim_general.fcl'
[INFO ] 2017-02-05 20:13:57.343 [main] Fuzzification - INFO - The file created is : 'src/main/resources/fcl/victim_general.fcl'
[INFO ] 2017-02-05 20:13:57.876 [main] Fuzzification - INFO - The file created is : 'src/main/resources/fcl/victim_general.fcl'
[INFO ] 2017-02-05 20:13:57.959 [main] Fuzzification - INFO - The file created is : 'src/main/resources/fcl/victim_general.fcl'
[INFO ] 2017-02-05 20:13:58.141 [main] Fuzzification - INFO - The file created is : 'src/main/resources/fcl/victim_general.fcl'
[INFO ] 2017-02-05 20:13:58.368 [main] Fuzzification - INFO - The file created is : 'src/main/resources/fcl/victim_general.fcl'
[INFO ] 2017-02-05 20:13:58.472 [main] Fuzzification - INFO - The file created is : 'src/main/resources/fcl/victim_general.fcl'
[INFO ] 2017-02-05 20:13:58.751 [main] Fuzzification - INFO - The file created is : 'src/main/resources/fcl/victim_general.fcl'
[INFO ] 2017-02-05 20:13:58.842 [main] Fuzzification - INFO - The file created is : 'src/main/resources/fcl/victim_general.fcl'
[INFO ] 2017-02-05 20:13:59.246 [main] Fuzzification - INFO - The file created is : 'src/main/resources/fcl/victim_general.fcl'
[INFO ] 2017-02-05 20:13:59.479 [main] Fuzzification - INFO - The file created is : 'src/main/resources/fcl/victim_general.fcl'
[INFO ] 2017-02-05 20:13:59.954 [main] Fuzzification - INFO - The file created is : 'src/main/resources/fcl/victim_general.fcl'
[INFO ] 2017-02-05 20:14:00.395 [main] Fuzzification - INFO - The file created is : 'src/main/resources/fcl/victim_general.fcl'
[INFO ] 2017-02-05 20:14:00.602 [main] Fuzzification - INFO - The file created is : 'src/main/resources/fcl/victim_general.fcl'
[INFO ] 2017-02-05 20:14:00.702 [main] Fuzzification - INFO - The file created is : 'src/main/resources/fcl/victim_general.fcl'
[INFO ] 2017-02-05 20:14:00.782 [main] Fuzzification - INFO - The file created is : 'src/main/resources/fcl/victim_general.fcl'
[INFO ] 2017-02-05 20:14:00.862 [main] Fuzzification - INFO - The file created is : 'src/main/resources/fcl/victim_general.fcl'
[INFO ] 2017-02-05 20:14:00.955 [main] Fuzzification - INFO - The file created is : 'src/main/resources/fcl/victim_general.fcl'
[INFO ] 2017-02-05 20:14:01.048 [main] Fuzzification - INFO - The file created is : 'src/main/resources/fcl/victim_general.fcl'
[INFO ] 2017-02-05 20:14:01.134 [main] Fuzzification - INFO - The file created is : 'src/main/resources/fcl/victim_general.fcl'
[INFO ] 2017-02-05 20:14:01.213 [main] Fuzzification - INFO - The file created is : 'src/main/resources/fcl/victim_general.fcl'
[INFO ] 2017-02-05 20:14:01.306 [main] Fuzzification - INFO - The file created is : 'src/main/resources/fcl/victim_general.fcl'
[INFO ] 2017-02-05 20:14:01.387 [main] Fuzzification - INFO - The file created is : 'src/main/resources/fcl/victim_general.fcl'
[INFO ] 2017-02-05 20:14:01.460 [main] Fuzzification - INFO - The file created is : 'src/main/resources/fcl/victim_general.fcl'
[INFO ] 2017-02-05 20:14:01.563 [main] Fuzzification - INFO - The file created is : 'src/main/resources/fcl/victim_general.fcl'
[INFO ] 2017-02-05 20:14:01.681 [main] Fuzzification - INFO - The file created is : 'src/main/resources/fcl/victim_general.fcl'
[INFO ] 2017-02-05 20:14:02.004 [main] Fuzzification - INFO - The file created is : 'src/main/resources/fcl/victim_general.fcl'
[INFO ] 2017-02-05 20:14:02.098 [main] Fuzzification - INFO - The file created is : 'src/main/resources/fcl/victim_general.fcl'
[INFO ] 2017-02-05 20:14:02.410 [main] Fuzzification - INFO - The file created is : 'src/main/resources/fcl/victim_general.fcl'
[INFO ] 2017-02-05 20:14:02.672 [main] Fuzzification - INFO - The file created is : 'src/main/resources/fcl/victim_verbal.fcl'
[INFO ] 2017-02-05 20:14:03.114 [main] Fuzzification - INFO - The file created is : 'src/main/resources/fcl/victim_general.fcl'
[INFO ] 2017-02-05 20:14:03.190 [main] Fuzzification - INFO - The file created is : 'src/main/resources/fcl/victim_general.fcl'
[INFO ] 2017-02-05 20:14:03.415 [main] Fuzzification - INFO - The file created is : 'src/main/resources/fcl/victim_general.fcl'
[INFO ] 2017-02-05 20:14:03.493 [main] Fuzzification - INFO - The file created is : 'src/main/resources/fcl/victim_general.fcl'
[INFO ] 2017-02-05 20:14:03.685 [main] Fuzzification - INFO - The file created is : 'src/main/resources/fcl/victim_general.fcl'
[INFO ] 2017-02-05 20:14:03.761 [main] Fuzzification - INFO - The file created is : 'src/main/resources/fcl/victim_general.fcl'
[INFO ] 2017-02-05 20:14:04.108 [main] Fuzzification - INFO - The file created is : 'src/main/resources/fcl/victim_general.fcl'
[INFO ] 2017-02-05 20:14:04.275 [main] Fuzzification - INFO - The file created is : 'src/main/resources/fcl/victim_general.fcl'
[INFO ] 2017-02-05 20:14:04.463 [main] Fuzzification - INFO - The file created is : 'src/main/resources/fcl/victim_general.fcl'
[INFO ] 2017-02-05 20:14:04.884 [main] Fuzzification - INFO - The file created is : 'src/main/resources/fcl/victim_general.fcl'
[INFO ] 2017-02-05 20:14:04.979 [main] Fuzzification - INFO - The file created is : 'src/main/resources/fcl/victim_general.fcl'
[INFO ] 2017-02-05 20:14:05.062 [main] Fuzzification - INFO - The file created is : 'src/main/resources/fcl/victim_general.fcl'
[INFO ] 2017-02-05 20:14:05.293 [main] Fuzzification - INFO - The file created is : 'src/main/resources/fcl/victim_general.fcl'
[INFO ] 2017-02-05 20:14:05.383 [main] Fuzzification - INFO - The file created is : 'src/main/resources/fcl/victim_general.fcl'
[INFO ] 2017-02-05 20:14:05.478 [main] Fuzzification - INFO - The file created is : 'src/main/resources/fcl/victim_general.fcl'
[INFO ] 2017-02-05 20:14:05.558 [main] Fuzzification - INFO - The file created is : 'src/main/resources/fcl/victim_general.fcl'
[INFO ] 2017-02-05 20:14:05.642 [main] Fuzzification - INFO - The file created is : 'src/main/resources/fcl/victim_general.fcl'
[INFO ] 2017-02-05 20:14:05.718 [main] Fuzzification - INFO - The file created is : 'src/main/resources/fcl/victim_general.fcl'
[INFO ] 2017-02-05 20:14:06.006 [main] Fuzzification - INFO - The file created is : 'src/main/resources/fcl/victim_general.fcl'
[INFO ] 2017-02-05 20:14:06.087 [main] Fuzzification - INFO - The file created is : 'src/main/resources/fcl/victim_general.fcl'
[INFO ] 2017-02-05 20:14:06.214 [main] Fuzzification - INFO - The file created is : 'src/main/resources/fcl/victim_general.fcl'
[INFO ] 2017-02-05 20:14:06.464 [main] Fuzzification - INFO - The file created is : 'src/main/resources/fcl/victim_general.fcl'
[INFO ] 2017-02-05 20:14:06.604 [main] Fuzzification - INFO - The file created is : 'src/main/resources/fcl/victim_general.fcl'
[INFO ] 2017-02-05 20:14:06.698 [main] Fuzzification - INFO - The file created is : 'src/main/resources/fcl/victim_general.fcl'
[INFO ] 2017-02-05 20:14:07.202 [main] Fuzzification - INFO - The file created is : 'src/main/resources/fcl/victim_general.fcl'
[INFO ] 2017-02-05 20:14:07.513 [main] Fuzzification - INFO - The file created is : 'src/main/resources/fcl/victim_general.fcl'
[INFO ] 2017-02-05 20:14:07.600 [main] Fuzzification - INFO - The file created is : 'src/main/resources/fcl/victim_general.fcl'
[INFO ] 2017-02-05 20:14:07.709 [main] Fuzzification - INFO - The file created is : 'src/main/resources/fcl/victim_general.fcl'
[INFO ] 2017-02-05 20:14:07.805 [main] Fuzzification - INFO - The file created is : 'src/main/resources/fcl/victim_general.fcl'
[INFO ] 2017-02-05 20:14:08.151 [main] Fuzzification - INFO - The file created is : 'src/main/resources/fcl/victim_general.fcl'
[INFO ] 2017-02-05 20:14:08.245 [main] Fuzzification - INFO - The file created is : 'src/main/resources/fcl/victim_general.fcl'
[INFO ] 2017-02-05 20:14:08.396 [main] Fuzzification - INFO - The file created is : 'src/main/resources/fcl/victim_general.fcl'
[INFO ] 2017-02-05 20:14:08.473 [main] Fuzzification - INFO - The file created is : 'src/main/resources/fcl/victim_general.fcl'
[INFO ] 2017-02-05 20:14:08.606 [main] Fuzzification - INFO - The file created is : 'src/main/resources/fcl/victim_general.fcl'
[INFO ] 2017-02-05 20:14:08.887 [main] Fuzzification - INFO - The file created is : 'src/main/resources/fcl/victim_general.fcl'
[INFO ] 2017-02-05 20:14:08.982 [main] Fuzzification - INFO - The file created is : 'src/main/resources/fcl/victim_general.fcl'
[INFO ] 2017-02-05 20:14:09.166 [main] Fuzzification - INFO - The file created is : 'src/main/resources/fcl/victim_general.fcl'
[INFO ] 2017-02-05 20:14:09.333 [main] Fuzzification - INFO - The file created is : 'src/main/resources/fcl/victim_general.fcl'
[INFO ] 2017-02-05 20:14:09.550 [main] Fuzzification - INFO - The file created is : 'src/main/resources/fcl/victim_general.fcl'
[INFO ] 2017-02-05 20:14:09.769 [main] Fuzzification - INFO - The file created is : 'src/main/resources/fcl/victim_general.fcl'
[INFO ] 2017-02-05 20:14:09.859 [main] Fuzzification - INFO - The file created is : 'src/main/resources/fcl/victim_general.fcl'
[INFO ] 2017-02-05 20:14:10.020 [main] Fuzzification - INFO - The file created is : 'src/main/resources/fcl/victim_general.fcl'
[INFO ] 2017-02-05 20:14:10.146 [main] Fuzzification - INFO - The file created is : 'src/main/resources/fcl/victim_general.fcl'
[INFO ] 2017-02-05 20:14:10.219 [main] Fuzzification - INFO - The file created is : 'src/main/resources/fcl/victim_general.fcl'
[INFO ] 2017-02-05 20:14:10.398 [main] Fuzzification - INFO - The file created is : 'src/main/resources/fcl/victim_general.fcl'
[INFO ] 2017-02-05 20:14:10.548 [main] Fuzzification - INFO - The file created is : 'src/main/resources/fcl/victim_general.fcl'
[INFO ] 2017-02-05 20:14:10.619 [main] Fuzzification - INFO - The file created is : 'src/main/resources/fcl/victim_general.fcl'
[INFO ] 2017-02-05 20:14:10.738 [main] Fuzzification - INFO - The file created is : 'src/main/resources/fcl/victim_general.fcl'
[INFO ] 2017-02-05 20:14:10.873 [main] Fuzzification - INFO - The file created is : 'src/main/resources/fcl/victim_general.fcl'
[INFO ] 2017-02-05 20:14:10.972 [main] Fuzzification - INFO - The file created is : 'src/main/resources/fcl/victim_general.fcl'
[INFO ] 2017-02-05 20:14:11.052 [main] Fuzzification - INFO - The file created is : 'src/main/resources/fcl/victim_general.fcl'
[INFO ] 2017-02-05 20:14:11.169 [main] Fuzzification - INFO - The file created is : 'src/main/resources/fcl/victim_general.fcl'
[INFO ] 2017-02-05 20:14:11.338 [main] Fuzzification - INFO - The file created is : 'src/main/resources/fcl/victim_general.fcl'
[INFO ] 2017-02-05 20:14:11.573 [main] Fuzzification - INFO - The file created is : 'src/main/resources/fcl/bully_general.fcl'
[INFO ] 2017-02-05 20:14:11.647 [main] Fuzzification - INFO - The file created is : 'src/main/resources/fcl/victim_general.fcl'
[INFO ] 2017-02-05 20:14:11.853 [main] Fuzzification - INFO - The file created is : 'src/main/resources/fcl/victim_general.fcl'
[INFO ] 2017-02-05 20:14:12.451 [main] Fuzzification - INFO - The file created is : 'src/main/resources/fcl/victim_general.fcl'
[INFO ] 2017-02-05 20:14:12.590 [main] Fuzzification - INFO - The file created is : 'src/main/resources/fcl/victim_cyberbullying.fcl'
[INFO ] 2017-02-05 20:14:12.992 [main] Fuzzification - INFO - The file created is : 'src/main/resources/fcl/victim_general.fcl'
[INFO ] 2017-02-05 20:14:13.136 [main] Fuzzification - INFO - The file created is : 'src/main/resources/fcl/victim_general.fcl'
[INFO ] 2017-02-05 20:14:13.230 [main] Fuzzification - INFO - The file created is : 'src/main/resources/fcl/victim_general.fcl'
[INFO ] 2017-02-05 20:14:13.327 [main] Fuzzification - INFO - The file created is : 'src/main/resources/fcl/victim_general.fcl'
[INFO ] 2017-02-05 20:14:13.441 [main] Fuzzification - INFO - The file created is : 'src/main/resources/fcl/victim_general.fcl'
[INFO ] 2017-02-05 20:14:13.622 [main] Fuzzification - INFO - The file created is : 'src/main/resources/fcl/victim_general.fcl'
[INFO ] 2017-02-05 20:14:13.766 [main] Fuzzification - INFO - The file created is : 'src/main/resources/fcl/victim_general.fcl'
[INFO ] 2017-02-05 20:14:14.329 [main] Fuzzification - INFO - The file created is : 'src/main/resources/fcl/victim_verbal.fcl'
[INFO ] 2017-02-05 20:14:14.479 [main] Fuzzification - INFO - The file created is : 'src/main/resources/fcl/victim_general.fcl'
[INFO ] 2017-02-05 20:14:14.677 [main] Fuzzification - INFO - The file created is : 'src/main/resources/fcl/victim_cyberbullying.fcl'
[INFO ] 2017-02-05 20:14:14.752 [main] Fuzzification - INFO - The file created is : 'src/main/resources/fcl/victim_general.fcl'
[INFO ] 2017-02-05 20:14:14.901 [main] Fuzzification - INFO - The file created is : 'src/main/resources/fcl/victim_general.fcl'
[INFO ] 2017-02-05 20:14:15.566 [main] Fuzzification - INFO - The file created is : 'src/main/resources/fcl/victim_general.fcl'
[INFO ] 2017-02-05 20:14:15.753 [main] ReadTweets - INFO - CSV File written successfully
