[INFO ] 2016-10-03 09:42:51.050 [main] Fuzzification - INFO - The file created is : 'src/main/resources/fcl/bully_verbal.fcl'
[INFO ] 2016-10-03 09:42:54.918 [main] Fuzzification - INFO - The file created is : 'src/main/resources/fcl/victim_cyberbullying.fcl'
[INFO ] 2016-10-03 09:43:06.111 [main] Fuzzification - INFO - The file created is : 'src/main/resources/fcl/victim_cyberbullying.fcl'
[INFO ] 2016-10-03 09:43:07.258 [main] Fuzzification - INFO - The file created is : 'src/main/resources/fcl/victim_verbal.fcl'
[INFO ] 2016-10-03 09:43:13.072 [main] Fuzzification - INFO - The file created is : 'src/main/resources/fcl/bully_verbal.fcl'
[INFO ] 2016-10-03 09:43:23.190 [main] Fuzzification - INFO - The file created is : 'src/main/resources/fcl/victim_cyberbullying.fcl'
[INFO ] 2016-10-03 09:43:24.784 [main] Fuzzification - INFO - The file created is : 'src/main/resources/fcl/victim_cyberbullying.fcl'
[INFO ] 2016-10-03 09:43:31.895 [main] Fuzzification - INFO - The file created is : 'src/main/resources/fcl/victim_cyberbullying.fcl'
[INFO ] 2016-10-03 09:43:31.936 [main] Fuzzification - INFO - The file created is : 'src/main/resources/fcl/victim_cyberbullying.fcl'
[INFO ] 2016-10-03 09:43:32.249 [main] Fuzzification - INFO - The file created is : 'src/main/resources/fcl/victim_cyberbullying.fcl'
[INFO ] 2016-10-03 09:43:40.993 [main] Fuzzification - INFO - The file created is : 'src/main/resources/fcl/victim_verbal.fcl'
[INFO ] 2016-10-03 09:43:41.189 [main] Fuzzification - INFO - The file created is : 'src/main/resources/fcl/victim_verbal.fcl'
[INFO ] 2016-10-03 09:43:41.378 [main] Fuzzification - INFO - The file created is : 'src/main/resources/fcl/victim_cyberbullying.fcl'
[INFO ] 2016-10-03 09:43:44.444 [main] Fuzzification - INFO - The file created is : 'src/main/resources/fcl/victim_verbal.fcl'
[INFO ] 2016-10-03 09:43:53.824 [main] Fuzzification - INFO - The file created is : 'src/main/resources/fcl/victim_cyberbullying.fcl'
[INFO ] 2016-10-03 09:43:55.259 [main] Fuzzification - INFO - The file created is : 'src/main/resources/fcl/victim_verbal.fcl'
[INFO ] 2016-10-03 09:43:55.633 [main] Fuzzification - INFO - The file created is : 'src/main/resources/fcl/victim_cyberbullying.fcl'
[INFO ] 2016-10-03 09:43:57.714 [main] Fuzzification - INFO - The file created is : 'src/main/resources/fcl/victim_cyberbullying.fcl'
[INFO ] 2016-10-03 09:43:58.221 [main] Fuzzification - INFO - The file created is : 'src/main/resources/fcl/victim_cyberbullying.fcl'
[INFO ] 2016-10-03 09:44:05.913 [main] Fuzzification - INFO - The file created is : 'src/main/resources/fcl/victim_verbal.fcl'
[INFO ] 2016-10-03 09:44:07.518 [main] Fuzzification - INFO - The file created is : 'src/main/resources/fcl/victim_cyberbullying.fcl'
[INFO ] 2016-10-03 09:44:10.231 [main] Fuzzification - INFO - The file created is : 'src/main/resources/fcl/victim_cyberbullying.fcl'
[INFO ] 2016-10-03 09:44:11.244 [main] Fuzzification - INFO - The file created is : 'src/main/resources/fcl/victim_cyberbullying.fcl'
[INFO ] 2016-10-03 09:44:11.554 [main] Fuzzification - INFO - The file created is : 'src/main/resources/fcl/victim_verbal.fcl'
[INFO ] 2016-10-03 09:44:11.698 [main] Fuzzification - INFO - The file created is : 'src/main/resources/fcl/victim_cyberbullying.fcl'
[INFO ] 2016-10-03 09:44:12.197 [main] Fuzzification - INFO - The file created is : 'src/main/resources/fcl/victim_cyberbullying.fcl'
[INFO ] 2016-10-03 09:44:13.163 [main] Fuzzification - INFO - The file created is : 'src/main/resources/fcl/victim_cyberbullying.fcl'
[INFO ] 2016-10-03 09:44:14.335 [main] Fuzzification - INFO - The file created is : 'src/main/resources/fcl/victim_cyberbullying.fcl'
[INFO ] 2016-10-03 09:44:16.249 [main] Fuzzification - INFO - The file created is : 'src/main/resources/fcl/victim_cyberbullying.fcl'
[INFO ] 2016-10-03 09:44:16.900 [main] Fuzzification - INFO - The file created is : 'src/main/resources/fcl/victim_physical.fcl'
[INFO ] 2016-10-03 09:44:17.241 [main] Fuzzification - INFO - The file created is : 'src/main/resources/fcl/victim_cyberbullying.fcl'
[INFO ] 2016-10-03 09:44:21.243 [main] Fuzzification - INFO - The file created is : 'src/main/resources/fcl/victim_verbal.fcl'
[INFO ] 2016-10-03 09:44:23.035 [main] Fuzzification - INFO - The file created is : 'src/main/resources/fcl/victim_verbal.fcl'
[INFO ] 2016-10-03 09:44:24.043 [main] Fuzzification - INFO - The file created is : 'src/main/resources/fcl/victim_verbal.fcl'
[INFO ] 2016-10-03 09:44:25.017 [main] Fuzzification - INFO - The file created is : 'src/main/resources/fcl/victim_cyberbullying.fcl'
[INFO ] 2016-10-03 09:44:27.141 [main] Fuzzification - INFO - The file created is : 'src/main/resources/fcl/victim_cyberbullying.fcl'
[INFO ] 2016-10-03 09:44:33.763 [main] Fuzzification - INFO - The file created is : 'src/main/resources/fcl/victim_cyberbullying.fcl'
[INFO ] 2016-10-03 09:44:37.824 [main] Fuzzification - INFO - The file created is : 'src/main/resources/fcl/victim_cyberbullying.fcl'
[INFO ] 2016-10-03 09:44:40.753 [main] Fuzzification - INFO - The file created is : 'src/main/resources/fcl/bully_cyberbullying.fcl'
[INFO ] 2016-10-03 09:44:41.422 [main] Fuzzification - INFO - The file created is : 'src/main/resources/fcl/victim_verbal.fcl'
[INFO ] 2016-10-03 09:44:44.336 [main] Fuzzification - INFO - The file created is : 'src/main/resources/fcl/victim_cyberbullying.fcl'
[INFO ] 2016-10-03 09:44:44.558 [main] Fuzzification - INFO - The file created is : 'src/main/resources/fcl/victim_cyberbullying.fcl'
[INFO ] 2016-10-03 09:44:45.921 [main] Fuzzification - INFO - The file created is : 'src/main/resources/fcl/victim_verbal.fcl'
[INFO ] 2016-10-03 09:44:48.290 [main] Fuzzification - INFO - The file created is : 'src/main/resources/fcl/victim_cyberbullying.fcl'
[INFO ] 2016-10-03 09:44:48.562 [main] Fuzzification - INFO - The file created is : 'src/main/resources/fcl/victim_cyberbullying.fcl'
[INFO ] 2016-10-03 09:44:54.032 [main] Fuzzification - INFO - The file created is : 'src/main/resources/fcl/bully_verbal.fcl'
[INFO ] 2016-10-03 09:44:55.641 [main] Fuzzification - INFO - The file created is : 'src/main/resources/fcl/victim_cyberbullying.fcl'
[INFO ] 2016-10-03 09:44:55.669 [main] Fuzzification - INFO - The file created is : 'src/main/resources/fcl/bully_physical.fcl'
[INFO ] 2016-10-03 09:44:56.591 [main] Fuzzification - INFO - The file created is : 'src/main/resources/fcl/victim_cyberbullying.fcl'
[INFO ] 2016-10-03 09:44:57.100 [main] Fuzzification - INFO - The file created is : 'src/main/resources/fcl/bully_cyberbullying.fcl'
[INFO ] 2016-10-03 09:44:58.690 [main] Fuzzification - INFO - The file created is : 'src/main/resources/fcl/victim_verbal.fcl'
[INFO ] 2016-10-03 09:44:58.988 [main] Fuzzification - INFO - The file created is : 'src/main/resources/fcl/victim_cyberbullying.fcl'
[INFO ] 2016-10-03 09:44:59.607 [main] Fuzzification - INFO - The file created is : 'src/main/resources/fcl/victim_cyberbullying.fcl'
[INFO ] 2016-10-03 09:45:00.562 [main] Fuzzification - INFO - The file created is : 'src/main/resources/fcl/victim_cyberbullying.fcl'
[INFO ] 2016-10-03 09:45:01.034 [main] Fuzzification - INFO - The file created is : 'src/main/resources/fcl/bully_cyberbullying.fcl'
[INFO ] 2016-10-03 09:45:01.351 [main] Fuzzification - INFO - The file created is : 'src/main/resources/fcl/victim_cyberbullying.fcl'
[INFO ] 2016-10-03 09:45:01.682 [main] Fuzzification - INFO - The file created is : 'src/main/resources/fcl/bully_cyberbullying.fcl'
[INFO ] 2016-10-03 09:45:02.653 [main] Fuzzification - INFO - The file created is : 'src/main/resources/fcl/bully_physical.fcl'
[INFO ] 2016-10-03 09:45:03.818 [main] Fuzzification - INFO - The file created is : 'src/main/resources/fcl/victim_cyberbullying.fcl'
[INFO ] 2016-10-03 09:45:04.278 [main] Fuzzification - INFO - The file created is : 'src/main/resources/fcl/bully_cyberbullying.fcl'
[INFO ] 2016-10-03 09:45:05.274 [main] Fuzzification - INFO - The file created is : 'src/main/resources/fcl/bully_cyberbullying.fcl'
[INFO ] 2016-10-03 09:45:07.534 [main] Fuzzification - INFO - The file created is : 'src/main/resources/fcl/victim_cyberbullying.fcl'
[INFO ] 2016-10-03 09:45:08.106 [main] Fuzzification - INFO - The file created is : 'src/main/resources/fcl/victim_cyberbullying.fcl'
[INFO ] 2016-10-03 09:45:08.142 [main] Fuzzification - INFO - The file created is : 'src/main/resources/fcl/bully_physical.fcl'
[INFO ] 2016-10-03 09:45:08.426 [main] Fuzzification - INFO - The file created is : 'src/main/resources/fcl/victim_physical.fcl'
[INFO ] 2016-10-03 09:45:09.791 [main] Fuzzification - INFO - The file created is : 'src/main/resources/fcl/victim_cyberbullying.fcl'
[INFO ] 2016-10-03 09:45:09.917 [main] Fuzzification - INFO - The file created is : 'src/main/resources/fcl/victim_cyberbullying.fcl'
[INFO ] 2016-10-03 09:45:10.058 [main] Fuzzification - INFO - The file created is : 'src/main/resources/fcl/victim_verbal.fcl'
[INFO ] 2016-10-03 09:45:10.816 [main] Fuzzification - INFO - The file created is : 'src/main/resources/fcl/victim_physical.fcl'
[INFO ] 2016-10-03 09:45:11.238 [main] Fuzzification - INFO - The file created is : 'src/main/resources/fcl/bully_verbal.fcl'
[INFO ] 2016-10-03 09:45:11.349 [main] Fuzzification - INFO - The file created is : 'src/main/resources/fcl/victim_cyberbullying.fcl'
[INFO ] 2016-10-03 09:45:12.386 [main] Fuzzification - INFO - The file created is : 'src/main/resources/fcl/victim_cyberbullying.fcl'
[INFO ] 2016-10-03 09:45:12.468 [main] Fuzzification - INFO - The file created is : 'src/main/resources/fcl/victim_cyberbullying.fcl'
[INFO ] 2016-10-03 09:45:12.639 [main] Fuzzification - INFO - The file created is : 'src/main/resources/fcl/victim_physical.fcl'
[INFO ] 2016-10-03 09:45:13.164 [main] Fuzzification - INFO - The file created is : 'src/main/resources/fcl/victim_cyberbullying.fcl'
[INFO ] 2016-10-03 09:45:14.517 [main] Fuzzification - INFO - The file created is : 'src/main/resources/fcl/victim_cyberbullying.fcl'
[INFO ] 2016-10-03 09:45:15.342 [main] Fuzzification - INFO - The file created is : 'src/main/resources/fcl/bully_cyberbullying.fcl'
[INFO ] 2016-10-03 09:45:15.547 [main] Fuzzification - INFO - The file created is : 'src/main/resources/fcl/victim_cyberbullying.fcl'
[INFO ] 2016-10-03 09:45:17.071 [main] Fuzzification - INFO - The file created is : 'src/main/resources/fcl/victim_verbal.fcl'
[INFO ] 2016-10-03 09:45:18.577 [main] Fuzzification - INFO - The file created is : 'src/main/resources/fcl/victim_cyberbullying.fcl'
[INFO ] 2016-10-03 09:45:19.155 [main] Fuzzification - INFO - The file created is : 'src/main/resources/fcl/victim_cyberbullying.fcl'
[INFO ] 2016-10-03 09:45:19.604 [main] Fuzzification - INFO - The file created is : 'src/main/resources/fcl/victim_physical.fcl'
[INFO ] 2016-10-03 09:45:20.058 [main] Fuzzification - INFO - The file created is : 'src/main/resources/fcl/victim_physical.fcl'
[INFO ] 2016-10-03 09:45:20.577 [main] Fuzzification - INFO - The file created is : 'src/main/resources/fcl/bully_cyberbullying.fcl'
[INFO ] 2016-10-03 09:45:20.706 [main] Fuzzification - INFO - The file created is : 'src/main/resources/fcl/victim_verbal.fcl'
[INFO ] 2016-10-03 09:45:22.482 [main] Fuzzification - INFO - The file created is : 'src/main/resources/fcl/victim_cyberbullying.fcl'
[INFO ] 2016-10-03 09:45:22.746 [main] Fuzzification - INFO - The file created is : 'src/main/resources/fcl/bully_physical.fcl'
[INFO ] 2016-10-03 09:45:23.100 [main] Fuzzification - INFO - The file created is : 'src/main/resources/fcl/victim_cyberbullying.fcl'
[INFO ] 2016-10-03 09:45:23.921 [main] Fuzzification - INFO - The file created is : 'src/main/resources/fcl/victim_physical.fcl'
[INFO ] 2016-10-03 09:45:24.154 [main] Fuzzification - INFO - The file created is : 'src/main/resources/fcl/bully_verbal.fcl'
[INFO ] 2016-10-03 09:45:26.624 [main] Fuzzification - INFO - The file created is : 'src/main/resources/fcl/bully_verbal.fcl'
[INFO ] 2016-10-03 09:45:29.017 [main] Fuzzification - INFO - The file created is : 'src/main/resources/fcl/victim_verbal.fcl'
[INFO ] 2016-10-03 09:45:29.822 [main] Fuzzification - INFO - The file created is : 'src/main/resources/fcl/victim_cyberbullying.fcl'
[INFO ] 2016-10-03 09:45:30.709 [main] Fuzzification - INFO - The file created is : 'src/main/resources/fcl/victim_verbal.fcl'
[INFO ] 2016-10-03 09:45:31.465 [main] Fuzzification - INFO - The file created is : 'src/main/resources/fcl/victim_cyberbullying.fcl'
[INFO ] 2016-10-03 09:45:32.967 [main] Fuzzification - INFO - The file created is : 'src/main/resources/fcl/victim_verbal.fcl'
[INFO ] 2016-10-03 09:45:33.626 [main] Fuzzification - INFO - The file created is : 'src/main/resources/fcl/bully_cyberbullying.fcl'
[INFO ] 2016-10-03 09:45:33.885 [main] Fuzzification - INFO - The file created is : 'src/main/resources/fcl/victim_cyberbullying.fcl'
[INFO ] 2016-10-03 09:45:34.073 [main] Fuzzification - INFO - The file created is : 'src/main/resources/fcl/bully_cyberbullying.fcl'
[INFO ] 2016-10-03 09:45:34.210 [main] Fuzzification - INFO - The file created is : 'src/main/resources/fcl/victim_verbal.fcl'
[INFO ] 2016-10-03 09:45:34.522 [main] Fuzzification - INFO - The file created is : 'src/main/resources/fcl/victim_cyberbullying.fcl'
[INFO ] 2016-10-03 09:45:35.759 [main] Fuzzification - INFO - The file created is : 'src/main/resources/fcl/victim_cyberbullying.fcl'
[INFO ] 2016-10-03 09:45:36.123 [main] Fuzzification - INFO - The file created is : 'src/main/resources/fcl/victim_physical.fcl'
[INFO ] 2016-10-03 09:45:36.462 [main] Fuzzification - INFO - The file created is : 'src/main/resources/fcl/victim_cyberbullying.fcl'
[INFO ] 2016-10-03 09:45:36.723 [main] Fuzzification - INFO - The file created is : 'src/main/resources/fcl/victim_cyberbullying.fcl'
[INFO ] 2016-10-03 09:45:37.156 [main] Fuzzification - INFO - The file created is : 'src/main/resources/fcl/victim_cyberbullying.fcl'
[INFO ] 2016-10-03 09:45:38.330 [main] Fuzzification - INFO - The file created is : 'src/main/resources/fcl/victim_verbal.fcl'
[INFO ] 2016-10-03 09:45:38.568 [main] Fuzzification - INFO - The file created is : 'src/main/resources/fcl/victim_verbal.fcl'
[INFO ] 2016-10-03 09:45:39.694 [main] Fuzzification - INFO - The file created is : 'src/main/resources/fcl/victim_verbal.fcl'
[INFO ] 2016-10-03 09:45:40.173 [main] Fuzzification - INFO - The file created is : 'src/main/resources/fcl/bully_cyberbullying.fcl'
[INFO ] 2016-10-03 09:45:40.811 [main] ReadTweets - INFO - CSV File written successfully
