[INFO ] 2016-11-08 10:09:21.278 [main] Fuzzification - INFO - The file created is : 'src/main/resources/fcl/bully_verbal.fcl'
[INFO ] 2016-11-08 10:09:23.465 [main] Fuzzification - INFO - The file created is : 'src/main/resources/fcl/victim_cyberbullying.fcl'
[INFO ] 2016-11-08 10:09:23.514 [main] Fuzzification - INFO - The file created is : 'src/main/resources/fcl/bully_physical.fcl'
[INFO ] 2016-11-08 10:09:24.572 [main] Fuzzification - INFO - The file created is : 'src/main/resources/fcl/victim_cyberbullying.fcl'
[INFO ] 2016-11-08 10:09:25.175 [main] Fuzzification - INFO - The file created is : 'src/main/resources/fcl/bully_cyberbullying.fcl'
[INFO ] 2016-11-08 10:09:26.976 [main] Fuzzification - INFO - The file created is : 'src/main/resources/fcl/victim_verbal.fcl'
[INFO ] 2016-11-08 10:09:27.302 [main] Fuzzification - INFO - The file created is : 'src/main/resources/fcl/victim_cyberbullying.fcl'
[INFO ] 2016-11-08 10:09:27.964 [main] Fuzzification - INFO - The file created is : 'src/main/resources/fcl/victim_cyberbullying.fcl'
[INFO ] 2016-11-08 10:09:28.977 [main] Fuzzification - INFO - The file created is : 'src/main/resources/fcl/victim_cyberbullying.fcl'
[INFO ] 2016-11-08 10:09:29.454 [main] Fuzzification - INFO - The file created is : 'src/main/resources/fcl/bully_cyberbullying.fcl'
[INFO ] 2016-11-08 10:09:29.798 [main] Fuzzification - INFO - The file created is : 'src/main/resources/fcl/victim_cyberbullying.fcl'
[INFO ] 2016-11-08 10:09:30.250 [main] Fuzzification - INFO - The file created is : 'src/main/resources/fcl/bully_cyberbullying.fcl'
[INFO ] 2016-11-08 10:09:31.444 [main] Fuzzification - INFO - The file created is : 'src/main/resources/fcl/bully_physical.fcl'
[INFO ] 2016-11-08 10:09:32.869 [main] Fuzzification - INFO - The file created is : 'src/main/resources/fcl/victim_cyberbullying.fcl'
[INFO ] 2016-11-08 10:09:33.376 [main] Fuzzification - INFO - The file created is : 'src/main/resources/fcl/bully_cyberbullying.fcl'
[INFO ] 2016-11-08 10:09:34.519 [main] Fuzzification - INFO - The file created is : 'src/main/resources/fcl/bully_cyberbullying.fcl'
[INFO ] 2016-11-08 10:09:36.783 [main] Fuzzification - INFO - The file created is : 'src/main/resources/fcl/victim_cyberbullying.fcl'
[INFO ] 2016-11-08 10:09:37.222 [main] Fuzzification - INFO - The file created is : 'src/main/resources/fcl/victim_cyberbullying.fcl'
[INFO ] 2016-11-08 10:09:37.250 [main] Fuzzification - INFO - The file created is : 'src/main/resources/fcl/bully_physical.fcl'
[INFO ] 2016-11-08 10:09:37.520 [main] Fuzzification - INFO - The file created is : 'src/main/resources/fcl/victim_physical.fcl'
[INFO ] 2016-11-08 10:09:38.936 [main] Fuzzification - INFO - The file created is : 'src/main/resources/fcl/victim_cyberbullying.fcl'
[INFO ] 2016-11-08 10:09:39.045 [main] Fuzzification - INFO - The file created is : 'src/main/resources/fcl/victim_cyberbullying.fcl'
[INFO ] 2016-11-08 10:09:39.183 [main] Fuzzification - INFO - The file created is : 'src/main/resources/fcl/victim_verbal.fcl'
[INFO ] 2016-11-08 10:09:39.973 [main] Fuzzification - INFO - The file created is : 'src/main/resources/fcl/victim_physical.fcl'
[INFO ] 2016-11-08 10:09:40.411 [main] Fuzzification - INFO - The file created is : 'src/main/resources/fcl/bully_verbal.fcl'
[INFO ] 2016-11-08 10:09:40.526 [main] Fuzzification - INFO - The file created is : 'src/main/resources/fcl/victim_cyberbullying.fcl'
[INFO ] 2016-11-08 10:09:41.647 [main] Fuzzification - INFO - The file created is : 'src/main/resources/fcl/victim_cyberbullying.fcl'
[INFO ] 2016-11-08 10:09:41.757 [main] Fuzzification - INFO - The file created is : 'src/main/resources/fcl/victim_cyberbullying.fcl'
[INFO ] 2016-11-08 10:09:41.968 [main] Fuzzification - INFO - The file created is : 'src/main/resources/fcl/victim_physical.fcl'
[INFO ] 2016-11-08 10:09:42.464 [main] Fuzzification - INFO - The file created is : 'src/main/resources/fcl/victim_cyberbullying.fcl'
[INFO ] 2016-11-08 10:09:43.842 [main] Fuzzification - INFO - The file created is : 'src/main/resources/fcl/victim_cyberbullying.fcl'
[INFO ] 2016-11-08 10:09:44.607 [main] Fuzzification - INFO - The file created is : 'src/main/resources/fcl/bully_cyberbullying.fcl'
[INFO ] 2016-11-08 10:09:44.850 [main] Fuzzification - INFO - The file created is : 'src/main/resources/fcl/victim_cyberbullying.fcl'
[INFO ] 2016-11-08 10:09:46.433 [main] Fuzzification - INFO - The file created is : 'src/main/resources/fcl/victim_verbal.fcl'
[INFO ] 2016-11-08 10:09:47.731 [main] Fuzzification - INFO - The file created is : 'src/main/resources/fcl/victim_cyberbullying.fcl'
[INFO ] 2016-11-08 10:09:48.322 [main] Fuzzification - INFO - The file created is : 'src/main/resources/fcl/victim_cyberbullying.fcl'
[INFO ] 2016-11-08 10:09:48.742 [main] Fuzzification - INFO - The file created is : 'src/main/resources/fcl/victim_physical.fcl'
[INFO ] 2016-11-08 10:09:49.155 [main] Fuzzification - INFO - The file created is : 'src/main/resources/fcl/victim_physical.fcl'
[INFO ] 2016-11-08 10:09:49.612 [main] Fuzzification - INFO - The file created is : 'src/main/resources/fcl/bully_cyberbullying.fcl'
[INFO ] 2016-11-08 10:09:49.785 [main] Fuzzification - INFO - The file created is : 'src/main/resources/fcl/victim_verbal.fcl'
[INFO ] 2016-11-08 10:09:51.782 [main] Fuzzification - INFO - The file created is : 'src/main/resources/fcl/victim_cyberbullying.fcl'
[INFO ] 2016-11-08 10:09:52.064 [main] Fuzzification - INFO - The file created is : 'src/main/resources/fcl/bully_physical.fcl'
[INFO ] 2016-11-08 10:09:52.402 [main] Fuzzification - INFO - The file created is : 'src/main/resources/fcl/victim_cyberbullying.fcl'
[INFO ] 2016-11-08 10:09:53.166 [main] Fuzzification - INFO - The file created is : 'src/main/resources/fcl/victim_physical.fcl'
[INFO ] 2016-11-08 10:09:53.395 [main] Fuzzification - INFO - The file created is : 'src/main/resources/fcl/bully_verbal.fcl'
[INFO ] 2016-11-08 10:09:55.845 [main] Fuzzification - INFO - The file created is : 'src/main/resources/fcl/bully_verbal.fcl'
[INFO ] 2016-11-08 10:09:58.231 [main] Fuzzification - INFO - The file created is : 'src/main/resources/fcl/victim_verbal.fcl'
[INFO ] 2016-11-08 10:09:59.101 [main] Fuzzification - INFO - The file created is : 'src/main/resources/fcl/victim_cyberbullying.fcl'
[INFO ] 2016-11-08 10:09:59.994 [main] Fuzzification - INFO - The file created is : 'src/main/resources/fcl/victim_verbal.fcl'
[INFO ] 2016-11-08 10:10:00.876 [main] Fuzzification - INFO - The file created is : 'src/main/resources/fcl/victim_cyberbullying.fcl'
[INFO ] 2016-11-08 10:10:02.475 [main] Fuzzification - INFO - The file created is : 'src/main/resources/fcl/victim_verbal.fcl'
[INFO ] 2016-11-08 10:10:03.142 [main] Fuzzification - INFO - The file created is : 'src/main/resources/fcl/bully_cyberbullying.fcl'
[INFO ] 2016-11-08 10:10:03.379 [main] Fuzzification - INFO - The file created is : 'src/main/resources/fcl/victim_cyberbullying.fcl'
[INFO ] 2016-11-08 10:10:03.563 [main] Fuzzification - INFO - The file created is : 'src/main/resources/fcl/bully_cyberbullying.fcl'
[INFO ] 2016-11-08 10:10:03.702 [main] Fuzzification - INFO - The file created is : 'src/main/resources/fcl/victim_verbal.fcl'
[INFO ] 2016-11-08 10:10:04.009 [main] Fuzzification - INFO - The file created is : 'src/main/resources/fcl/victim_cyberbullying.fcl'
[INFO ] 2016-11-08 10:10:05.379 [main] Fuzzification - INFO - The file created is : 'src/main/resources/fcl/victim_cyberbullying.fcl'
[INFO ] 2016-11-08 10:10:05.741 [main] Fuzzification - INFO - The file created is : 'src/main/resources/fcl/victim_physical.fcl'
[INFO ] 2016-11-08 10:10:06.091 [main] Fuzzification - INFO - The file created is : 'src/main/resources/fcl/victim_cyberbullying.fcl'
[INFO ] 2016-11-08 10:10:06.341 [main] Fuzzification - INFO - The file created is : 'src/main/resources/fcl/victim_cyberbullying.fcl'
[INFO ] 2016-11-08 10:10:06.934 [main] Fuzzification - INFO - The file created is : 'src/main/resources/fcl/victim_cyberbullying.fcl'
[INFO ] 2016-11-08 10:10:08.309 [main] Fuzzification - INFO - The file created is : 'src/main/resources/fcl/victim_verbal.fcl'
[INFO ] 2016-11-08 10:10:08.578 [main] Fuzzification - INFO - The file created is : 'src/main/resources/fcl/victim_verbal.fcl'
[INFO ] 2016-11-08 10:10:09.709 [main] Fuzzification - INFO - The file created is : 'src/main/resources/fcl/victim_verbal.fcl'
[INFO ] 2016-11-08 10:10:10.235 [main] Fuzzification - INFO - The file created is : 'src/main/resources/fcl/bully_cyberbullying.fcl'
[INFO ] 2016-11-08 10:10:16.544 [main] Fuzzification - INFO - The file created is : 'src/main/resources/fcl/victim_cyberbullying.fcl'
[INFO ] 2016-11-08 10:10:21.870 [main] Fuzzification - INFO - The file created is : 'src/main/resources/fcl/victim_cyberbullying.fcl'
[INFO ] 2016-11-08 10:10:23.997 [main] Fuzzification - INFO - The file created is : 'src/main/resources/fcl/victim_verbal.fcl'
[INFO ] 2016-11-08 10:10:31.256 [main] Fuzzification - INFO - The file created is : 'src/main/resources/fcl/bully_verbal.fcl'
[INFO ] 2016-11-08 10:10:47.428 [main] Fuzzification - INFO - The file created is : 'src/main/resources/fcl/victim_cyberbullying.fcl'
[INFO ] 2016-11-08 10:10:49.825 [main] Fuzzification - INFO - The file created is : 'src/main/resources/fcl/victim_cyberbullying.fcl'
[INFO ] 2016-11-08 10:10:54.004 [main] Fuzzification - INFO - The file created is : 'src/main/resources/fcl/victim_cyberbullying.fcl'
[INFO ] 2016-11-08 10:10:54.230 [main] Fuzzification - INFO - The file created is : 'src/main/resources/fcl/victim_verbal.fcl'
[INFO ] 2016-11-08 10:11:01.115 [main] Fuzzification - INFO - The file created is : 'src/main/resources/fcl/victim_cyberbullying.fcl'
[INFO ] 2016-11-08 10:11:01.144 [main] Fuzzification - INFO - The file created is : 'src/main/resources/fcl/victim_cyberbullying.fcl'
[INFO ] 2016-11-08 10:11:01.670 [main] Fuzzification - INFO - The file created is : 'src/main/resources/fcl/victim_cyberbullying.fcl'
[INFO ] 2016-11-08 10:11:08.458 [main] Fuzzification - INFO - The file created is : 'src/main/resources/fcl/victim_cyberbullying.fcl'
[INFO ] 2016-11-08 10:11:14.290 [main] Fuzzification - INFO - The file created is : 'src/main/resources/fcl/victim_verbal.fcl'
[INFO ] 2016-11-08 10:11:15.176 [main] Fuzzification - INFO - The file created is : 'src/main/resources/fcl/victim_verbal.fcl'
[INFO ] 2016-11-08 10:11:15.401 [main] Fuzzification - INFO - The file created is : 'src/main/resources/fcl/victim_verbal.fcl'
[INFO ] 2016-11-08 10:11:15.670 [main] Fuzzification - INFO - The file created is : 'src/main/resources/fcl/victim_cyberbullying.fcl'
[INFO ] 2016-11-08 10:11:15.879 [main] Fuzzification - INFO - The file created is : 'src/main/resources/fcl/victim_physical.fcl'
[INFO ] 2016-11-08 10:11:19.202 [main] Fuzzification - INFO - The file created is : 'src/main/resources/fcl/victim_verbal.fcl'
[INFO ] 2016-11-08 10:11:20.238 [main] Fuzzification - INFO - The file created is : 'src/main/resources/fcl/victim_verbal.fcl'
[INFO ] 2016-11-08 10:11:24.973 [main] Fuzzification - INFO - The file created is : 'src/main/resources/fcl/victim_verbal.fcl'
[INFO ] 2016-11-08 10:11:32.478 [main] Fuzzification - INFO - The file created is : 'src/main/resources/fcl/victim_cyberbullying.fcl'
[INFO ] 2016-11-08 10:11:32.617 [main] Fuzzification - INFO - The file created is : 'src/main/resources/fcl/victim_cyberbullying.fcl'
[INFO ] 2016-11-08 10:11:32.801 [main] Fuzzification - INFO - The file created is : 'src/main/resources/fcl/victim_verbal.fcl'
[INFO ] 2016-11-08 10:11:33.613 [main] Fuzzification - INFO - The file created is : 'src/main/resources/fcl/victim_verbal.fcl'
[INFO ] 2016-11-08 10:11:35.031 [main] Fuzzification - INFO - The file created is : 'src/main/resources/fcl/victim_verbal.fcl'
[INFO ] 2016-11-08 10:11:35.693 [main] Fuzzification - INFO - The file created is : 'src/main/resources/fcl/victim_cyberbullying.fcl'
[INFO ] 2016-11-08 10:11:38.727 [main] Fuzzification - INFO - The file created is : 'src/main/resources/fcl/victim_cyberbullying.fcl'
[INFO ] 2016-11-08 10:11:39.598 [main] Fuzzification - INFO - The file created is : 'src/main/resources/fcl/victim_cyberbullying.fcl'
[INFO ] 2016-11-08 10:11:44.352 [main] Fuzzification - INFO - The file created is : 'src/main/resources/fcl/victim_cyberbullying.fcl'
[INFO ] 2016-11-08 10:11:48.726 [main] Fuzzification - INFO - The file created is : 'src/main/resources/fcl/victim_cyberbullying.fcl'
[INFO ] 2016-11-08 10:11:51.382 [main] Fuzzification - INFO - The file created is : 'src/main/resources/fcl/victim_verbal.fcl'
[INFO ] 2016-11-08 10:11:54.952 [main] Fuzzification - INFO - The file created is : 'src/main/resources/fcl/victim_cyberbullying.fcl'
[INFO ] 2016-11-08 10:11:59.723 [main] Fuzzification - INFO - The file created is : 'src/main/resources/fcl/victim_cyberbullying.fcl'
[INFO ] 2016-11-08 10:12:01.544 [main] Fuzzification - INFO - The file created is : 'src/main/resources/fcl/victim_cyberbullying.fcl'
[INFO ] 2016-11-08 10:12:02.023 [main] Fuzzification - INFO - The file created is : 'src/main/resources/fcl/victim_verbal.fcl'
[INFO ] 2016-11-08 10:12:02.255 [main] Fuzzification - INFO - The file created is : 'src/main/resources/fcl/victim_cyberbullying.fcl'
[INFO ] 2016-11-08 10:12:02.992 [main] Fuzzification - INFO - The file created is : 'src/main/resources/fcl/victim_cyberbullying.fcl'
[INFO ] 2016-11-08 10:12:04.267 [main] Fuzzification - INFO - The file created is : 'src/main/resources/fcl/victim_cyberbullying.fcl'
[INFO ] 2016-11-08 10:12:04.291 [main] Fuzzification - INFO - The file created is : 'src/main/resources/fcl/victim_cyberbullying.fcl'
[INFO ] 2016-11-08 10:12:06.100 [main] Fuzzification - INFO - The file created is : 'src/main/resources/fcl/victim_cyberbullying.fcl'
[INFO ] 2016-11-08 10:12:09.106 [main] Fuzzification - INFO - The file created is : 'src/main/resources/fcl/victim_cyberbullying.fcl'
[INFO ] 2016-11-08 10:12:09.200 [main] Fuzzification - INFO - The file created is : 'src/main/resources/fcl/victim_verbal.fcl'
[INFO ] 2016-11-08 10:12:10.045 [main] Fuzzification - INFO - The file created is : 'src/main/resources/fcl/victim_physical.fcl'
[INFO ] 2016-11-08 10:12:10.527 [main] Fuzzification - INFO - The file created is : 'src/main/resources/fcl/victim_cyberbullying.fcl'
[INFO ] 2016-11-08 10:12:16.356 [main] Fuzzification - INFO - The file created is : 'src/main/resources/fcl/victim_verbal.fcl'
[INFO ] 2016-11-08 10:12:17.633 [main] Fuzzification - INFO - The file created is : 'src/main/resources/fcl/victim_cyberbullying.fcl'
[INFO ] 2016-11-08 10:12:19.446 [main] Fuzzification - INFO - The file created is : 'src/main/resources/fcl/victim_verbal.fcl'
[INFO ] 2016-11-08 10:12:21.254 [main] Fuzzification - INFO - The file created is : 'src/main/resources/fcl/victim_verbal.fcl'
[INFO ] 2016-11-08 10:12:22.731 [main] Fuzzification - INFO - The file created is : 'src/main/resources/fcl/victim_cyberbullying.fcl'
[INFO ] 2016-11-08 10:12:26.407 [main] Fuzzification - INFO - The file created is : 'src/main/resources/fcl/victim_cyberbullying.fcl'
[INFO ] 2016-11-08 10:12:33.257 [main] Fuzzification - INFO - The file created is : 'src/main/resources/fcl/victim_cyberbullying.fcl'
[INFO ] 2016-11-08 10:12:36.505 [main] Fuzzification - INFO - The file created is : 'src/main/resources/fcl/victim_cyberbullying.fcl'
[INFO ] 2016-11-08 10:12:43.535 [main] Fuzzification - INFO - The file created is : 'src/main/resources/fcl/victim_cyberbullying.fcl'
[INFO ] 2016-11-08 10:12:45.639 [main] Fuzzification - INFO - The file created is : 'src/main/resources/fcl/victim_verbal.fcl'
[INFO ] 2016-11-08 10:12:48.117 [main] Fuzzification - INFO - The file created is : 'src/main/resources/fcl/bully_cyberbullying.fcl'
[INFO ] 2016-11-08 10:12:49.131 [main] Fuzzification - INFO - The file created is : 'src/main/resources/fcl/victim_verbal.fcl'
[INFO ] 2016-11-08 10:12:53.655 [main] Fuzzification - INFO - The file created is : 'src/main/resources/fcl/victim_cyberbullying.fcl'
[INFO ] 2016-11-08 10:12:53.977 [main] Fuzzification - INFO - The file created is : 'src/main/resources/fcl/victim_cyberbullying.fcl'
[INFO ] 2016-11-08 10:12:56.020 [main] Fuzzification - INFO - The file created is : 'src/main/resources/fcl/victim_verbal.fcl'
[INFO ] 2016-11-08 10:12:58.059 [main] ReadTweets - INFO - CSV File written successfully
