[INFO ] 2016-10-10 10:18:38.463 [main] Fuzzification - INFO - The file created is : 'src/main/resources/fcl/bully_verbal.fcl'
[INFO ] 2016-10-10 10:18:42.432 [main] Fuzzification - INFO - The file created is : 'src/main/resources/fcl/victim_cyberbullying.fcl'
[INFO ] 2016-10-10 10:18:53.599 [main] Fuzzification - INFO - The file created is : 'src/main/resources/fcl/victim_cyberbullying.fcl'
[INFO ] 2016-10-10 10:18:55.009 [main] Fuzzification - INFO - The file created is : 'src/main/resources/fcl/victim_verbal.fcl'
[INFO ] 2016-10-10 10:18:55.205 [main] Fuzzification - INFO - The file created is : 'src/main/resources/fcl/victim_verbal.fcl'
[INFO ] 2016-10-10 10:19:00.931 [main] Fuzzification - INFO - The file created is : 'src/main/resources/fcl/bully_verbal.fcl'
[INFO ] 2016-10-10 10:19:13.194 [main] Fuzzification - INFO - The file created is : 'src/main/resources/fcl/victim_cyberbullying.fcl'
[INFO ] 2016-10-10 10:19:15.218 [main] Fuzzification - INFO - The file created is : 'src/main/resources/fcl/victim_cyberbullying.fcl'
[INFO ] 2016-10-10 10:19:23.523 [main] Fuzzification - INFO - The file created is : 'src/main/resources/fcl/victim_cyberbullying.fcl'
[INFO ] 2016-10-10 10:19:23.547 [main] Fuzzification - INFO - The file created is : 'src/main/resources/fcl/victim_cyberbullying.fcl'
[INFO ] 2016-10-10 10:19:23.968 [main] Fuzzification - INFO - The file created is : 'src/main/resources/fcl/victim_cyberbullying.fcl'
[INFO ] 2016-10-10 10:19:34.446 [main] Fuzzification - INFO - The file created is : 'src/main/resources/fcl/victim_verbal.fcl'
[INFO ] 2016-10-10 10:19:34.612 [main] Fuzzification - INFO - The file created is : 'src/main/resources/fcl/victim_verbal.fcl'
[INFO ] 2016-10-10 10:19:34.824 [main] Fuzzification - INFO - The file created is : 'src/main/resources/fcl/victim_cyberbullying.fcl'
[INFO ] 2016-10-10 10:19:37.747 [main] Fuzzification - INFO - The file created is : 'src/main/resources/fcl/victim_verbal.fcl'
[INFO ] 2016-10-10 10:19:47.216 [main] Fuzzification - INFO - The file created is : 'src/main/resources/fcl/victim_cyberbullying.fcl'
[INFO ] 2016-10-10 10:19:47.266 [main] Fuzzification - INFO - The file created is : 'src/main/resources/fcl/victim_cyberbullying.fcl'
[INFO ] 2016-10-10 10:19:48.781 [main] Fuzzification - INFO - The file created is : 'src/main/resources/fcl/victim_verbal.fcl'
[INFO ] 2016-10-10 10:19:49.163 [main] Fuzzification - INFO - The file created is : 'src/main/resources/fcl/victim_cyberbullying.fcl'
[INFO ] 2016-10-10 10:19:51.383 [main] Fuzzification - INFO - The file created is : 'src/main/resources/fcl/victim_cyberbullying.fcl'
[INFO ] 2016-10-10 10:19:51.960 [main] Fuzzification - INFO - The file created is : 'src/main/resources/fcl/victim_cyberbullying.fcl'
[INFO ] 2016-10-10 10:19:55.288 [main] Fuzzification - INFO - The file created is : 'src/main/resources/fcl/victim_cyberbullying.fcl'
[INFO ] 2016-10-10 10:20:00.447 [main] Fuzzification - INFO - The file created is : 'src/main/resources/fcl/victim_verbal.fcl'
[INFO ] 2016-10-10 10:20:02.376 [main] Fuzzification - INFO - The file created is : 'src/main/resources/fcl/victim_cyberbullying.fcl'
[INFO ] 2016-10-10 10:20:05.303 [main] Fuzzification - INFO - The file created is : 'src/main/resources/fcl/victim_cyberbullying.fcl'
[INFO ] 2016-10-10 10:20:06.480 [main] Fuzzification - INFO - The file created is : 'src/main/resources/fcl/victim_cyberbullying.fcl'
[INFO ] 2016-10-10 10:20:06.839 [main] Fuzzification - INFO - The file created is : 'src/main/resources/fcl/victim_verbal.fcl'
[INFO ] 2016-10-10 10:20:07.006 [main] Fuzzification - INFO - The file created is : 'src/main/resources/fcl/victim_cyberbullying.fcl'
[INFO ] 2016-10-10 10:20:07.558 [main] Fuzzification - INFO - The file created is : 'src/main/resources/fcl/victim_cyberbullying.fcl'
[INFO ] 2016-10-10 10:20:08.501 [main] Fuzzification - INFO - The file created is : 'src/main/resources/fcl/victim_cyberbullying.fcl'
[INFO ] 2016-10-10 10:20:09.745 [main] Fuzzification - INFO - The file created is : 'src/main/resources/fcl/victim_cyberbullying.fcl'
[INFO ] 2016-10-10 10:20:11.780 [main] Fuzzification - INFO - The file created is : 'src/main/resources/fcl/victim_cyberbullying.fcl'
[INFO ] 2016-10-10 10:20:12.528 [main] Fuzzification - INFO - The file created is : 'src/main/resources/fcl/victim_physical.fcl'
[INFO ] 2016-10-10 10:20:12.924 [main] Fuzzification - INFO - The file created is : 'src/main/resources/fcl/victim_physical.fcl'
[INFO ] 2016-10-10 10:20:12.948 [main] Fuzzification - INFO - The file created is : 'src/main/resources/fcl/victim_cyberbullying.fcl'
[INFO ] 2016-10-10 10:20:17.241 [main] Fuzzification - INFO - The file created is : 'src/main/resources/fcl/victim_verbal.fcl'
[INFO ] 2016-10-10 10:20:19.283 [main] Fuzzification - INFO - The file created is : 'src/main/resources/fcl/victim_verbal.fcl'
[INFO ] 2016-10-10 10:20:20.426 [main] Fuzzification - INFO - The file created is : 'src/main/resources/fcl/victim_verbal.fcl'
[INFO ] 2016-10-10 10:20:21.394 [main] Fuzzification - INFO - The file created is : 'src/main/resources/fcl/victim_cyberbullying.fcl'
[INFO ] 2016-10-10 10:20:23.936 [main] Fuzzification - INFO - The file created is : 'src/main/resources/fcl/victim_cyberbullying.fcl'
[INFO ] 2016-10-10 10:20:28.758 [main] Fuzzification - INFO - The file created is : 'src/main/resources/fcl/victim_cyberbullying.fcl'
[INFO ] 2016-10-10 10:20:31.243 [main] Fuzzification - INFO - The file created is : 'src/main/resources/fcl/victim_cyberbullying.fcl'
[INFO ] 2016-10-10 10:20:36.146 [main] Fuzzification - INFO - The file created is : 'src/main/resources/fcl/victim_cyberbullying.fcl'
[INFO ] 2016-10-10 10:20:37.608 [main] Fuzzification - INFO - The file created is : 'src/main/resources/fcl/victim_verbal.fcl'
[INFO ] 2016-10-10 10:20:39.494 [main] Fuzzification - INFO - The file created is : 'src/main/resources/fcl/bully_cyberbullying.fcl'
[INFO ] 2016-10-10 10:20:40.212 [main] Fuzzification - INFO - The file created is : 'src/main/resources/fcl/victim_verbal.fcl'
[INFO ] 2016-10-10 10:20:43.573 [main] Fuzzification - INFO - The file created is : 'src/main/resources/fcl/victim_cyberbullying.fcl'
[INFO ] 2016-10-10 10:20:43.819 [main] Fuzzification - INFO - The file created is : 'src/main/resources/fcl/victim_cyberbullying.fcl'
[INFO ] 2016-10-10 10:20:45.288 [main] Fuzzification - INFO - The file created is : 'src/main/resources/fcl/victim_verbal.fcl'
[INFO ] 2016-10-10 10:20:46.774 [main] Fuzzification - INFO - The file created is : 'src/main/resources/fcl/victim_cyberbullying.fcl'
[INFO ] 2016-10-10 10:20:50.120 [main] Fuzzification - INFO - The file created is : 'src/main/resources/fcl/bully_verbal.fcl'
[INFO ] 2016-10-10 10:20:51.653 [main] Fuzzification - INFO - The file created is : 'src/main/resources/fcl/victim_cyberbullying.fcl'
[INFO ] 2016-10-10 10:20:51.680 [main] Fuzzification - INFO - The file created is : 'src/main/resources/fcl/bully_physical.fcl'
[INFO ] 2016-10-10 10:20:52.539 [main] Fuzzification - INFO - The file created is : 'src/main/resources/fcl/victim_cyberbullying.fcl'
[INFO ] 2016-10-10 10:20:53.033 [main] Fuzzification - INFO - The file created is : 'src/main/resources/fcl/bully_cyberbullying.fcl'
[INFO ] 2016-10-10 10:20:54.692 [main] Fuzzification - INFO - The file created is : 'src/main/resources/fcl/victim_verbal.fcl'
[INFO ] 2016-10-10 10:20:54.991 [main] Fuzzification - INFO - The file created is : 'src/main/resources/fcl/victim_cyberbullying.fcl'
[INFO ] 2016-10-10 10:20:55.576 [main] Fuzzification - INFO - The file created is : 'src/main/resources/fcl/victim_cyberbullying.fcl'
[INFO ] 2016-10-10 10:20:56.482 [main] Fuzzification - INFO - The file created is : 'src/main/resources/fcl/victim_cyberbullying.fcl'
[INFO ] 2016-10-10 10:20:56.942 [main] Fuzzification - INFO - The file created is : 'src/main/resources/fcl/bully_cyberbullying.fcl'
[INFO ] 2016-10-10 10:20:57.283 [main] Fuzzification - INFO - The file created is : 'src/main/resources/fcl/victim_cyberbullying.fcl'
[INFO ] 2016-10-10 10:20:57.592 [main] Fuzzification - INFO - The file created is : 'src/main/resources/fcl/bully_cyberbullying.fcl'
[INFO ] 2016-10-10 10:20:58.572 [main] Fuzzification - INFO - The file created is : 'src/main/resources/fcl/bully_physical.fcl'
[INFO ] 2016-10-10 10:20:59.840 [main] Fuzzification - INFO - The file created is : 'src/main/resources/fcl/victim_cyberbullying.fcl'
[INFO ] 2016-10-10 10:21:00.297 [main] Fuzzification - INFO - The file created is : 'src/main/resources/fcl/bully_cyberbullying.fcl'
[INFO ] 2016-10-10 10:21:01.303 [main] Fuzzification - INFO - The file created is : 'src/main/resources/fcl/bully_cyberbullying.fcl'
[INFO ] 2016-10-10 10:21:03.438 [main] Fuzzification - INFO - The file created is : 'src/main/resources/fcl/victim_cyberbullying.fcl'
[INFO ] 2016-10-10 10:21:03.874 [main] Fuzzification - INFO - The file created is : 'src/main/resources/fcl/victim_cyberbullying.fcl'
[INFO ] 2016-10-10 10:21:03.902 [main] Fuzzification - INFO - The file created is : 'src/main/resources/fcl/bully_physical.fcl'
[INFO ] 2016-10-10 10:21:04.178 [main] Fuzzification - INFO - The file created is : 'src/main/resources/fcl/victim_physical.fcl'
[INFO ] 2016-10-10 10:21:05.525 [main] Fuzzification - INFO - The file created is : 'src/main/resources/fcl/victim_cyberbullying.fcl'
[INFO ] 2016-10-10 10:21:05.621 [main] Fuzzification - INFO - The file created is : 'src/main/resources/fcl/victim_cyberbullying.fcl'
[INFO ] 2016-10-10 10:21:05.744 [main] Fuzzification - INFO - The file created is : 'src/main/resources/fcl/victim_verbal.fcl'
[INFO ] 2016-10-10 10:21:06.490 [main] Fuzzification - INFO - The file created is : 'src/main/resources/fcl/victim_physical.fcl'
[INFO ] 2016-10-10 10:21:06.925 [main] Fuzzification - INFO - The file created is : 'src/main/resources/fcl/bully_verbal.fcl'
[INFO ] 2016-10-10 10:21:07.035 [main] Fuzzification - INFO - The file created is : 'src/main/resources/fcl/victim_cyberbullying.fcl'
[INFO ] 2016-10-10 10:21:07.916 [main] Fuzzification - INFO - The file created is : 'src/main/resources/fcl/victim_cyberbullying.fcl'
[INFO ] 2016-10-10 10:21:08.002 [main] Fuzzification - INFO - The file created is : 'src/main/resources/fcl/victim_cyberbullying.fcl'
[INFO ] 2016-10-10 10:21:08.165 [main] Fuzzification - INFO - The file created is : 'src/main/resources/fcl/victim_physical.fcl'
[INFO ] 2016-10-10 10:21:08.637 [main] Fuzzification - INFO - The file created is : 'src/main/resources/fcl/victim_cyberbullying.fcl'
[INFO ] 2016-10-10 10:21:10.002 [main] Fuzzification - INFO - The file created is : 'src/main/resources/fcl/victim_cyberbullying.fcl'
[INFO ] 2016-10-10 10:21:10.769 [main] Fuzzification - INFO - The file created is : 'src/main/resources/fcl/bully_cyberbullying.fcl'
[INFO ] 2016-10-10 10:21:10.969 [main] Fuzzification - INFO - The file created is : 'src/main/resources/fcl/victim_cyberbullying.fcl'
[INFO ] 2016-10-10 10:21:12.468 [main] Fuzzification - INFO - The file created is : 'src/main/resources/fcl/victim_verbal.fcl'
[INFO ] 2016-10-10 10:21:13.603 [main] Fuzzification - INFO - The file created is : 'src/main/resources/fcl/victim_cyberbullying.fcl'
[INFO ] 2016-10-10 10:21:14.166 [main] Fuzzification - INFO - The file created is : 'src/main/resources/fcl/victim_cyberbullying.fcl'
[INFO ] 2016-10-10 10:21:14.626 [main] Fuzzification - INFO - The file created is : 'src/main/resources/fcl/victim_physical.fcl'
[INFO ] 2016-10-10 10:21:15.054 [main] Fuzzification - INFO - The file created is : 'src/main/resources/fcl/victim_physical.fcl'
[INFO ] 2016-10-10 10:21:15.513 [main] Fuzzification - INFO - The file created is : 'src/main/resources/fcl/bully_cyberbullying.fcl'
[INFO ] 2016-10-10 10:21:15.642 [main] Fuzzification - INFO - The file created is : 'src/main/resources/fcl/victim_verbal.fcl'
[INFO ] 2016-10-10 10:21:17.290 [main] Fuzzification - INFO - The file created is : 'src/main/resources/fcl/victim_cyberbullying.fcl'
[INFO ] 2016-10-10 10:21:17.604 [main] Fuzzification - INFO - The file created is : 'src/main/resources/fcl/bully_physical.fcl'
[INFO ] 2016-10-10 10:21:17.925 [main] Fuzzification - INFO - The file created is : 'src/main/resources/fcl/victim_cyberbullying.fcl'
[INFO ] 2016-10-10 10:21:18.690 [main] Fuzzification - INFO - The file created is : 'src/main/resources/fcl/victim_physical.fcl'
[INFO ] 2016-10-10 10:21:18.920 [main] Fuzzification - INFO - The file created is : 'src/main/resources/fcl/bully_verbal.fcl'
[INFO ] 2016-10-10 10:21:21.302 [main] Fuzzification - INFO - The file created is : 'src/main/resources/fcl/bully_verbal.fcl'
[INFO ] 2016-10-10 10:21:23.413 [main] Fuzzification - INFO - The file created is : 'src/main/resources/fcl/victim_verbal.fcl'
[INFO ] 2016-10-10 10:21:24.086 [main] Fuzzification - INFO - The file created is : 'src/main/resources/fcl/victim_cyberbullying.fcl'
[INFO ] 2016-10-10 10:21:25.030 [main] Fuzzification - INFO - The file created is : 'src/main/resources/fcl/victim_verbal.fcl'
[INFO ] 2016-10-10 10:21:25.743 [main] Fuzzification - INFO - The file created is : 'src/main/resources/fcl/victim_cyberbullying.fcl'
[INFO ] 2016-10-10 10:21:27.156 [main] Fuzzification - INFO - The file created is : 'src/main/resources/fcl/victim_verbal.fcl'
[INFO ] 2016-10-10 10:21:27.774 [main] Fuzzification - INFO - The file created is : 'src/main/resources/fcl/bully_cyberbullying.fcl'
[INFO ] 2016-10-10 10:21:28.025 [main] Fuzzification - INFO - The file created is : 'src/main/resources/fcl/victim_cyberbullying.fcl'
[INFO ] 2016-10-10 10:21:28.212 [main] Fuzzification - INFO - The file created is : 'src/main/resources/fcl/bully_cyberbullying.fcl'
[INFO ] 2016-10-10 10:21:28.359 [main] Fuzzification - INFO - The file created is : 'src/main/resources/fcl/victim_verbal.fcl'
[INFO ] 2016-10-10 10:21:28.656 [main] Fuzzification - INFO - The file created is : 'src/main/resources/fcl/victim_cyberbullying.fcl'
[INFO ] 2016-10-10 10:21:29.819 [main] Fuzzification - INFO - The file created is : 'src/main/resources/fcl/victim_cyberbullying.fcl'
[INFO ] 2016-10-10 10:21:30.235 [main] Fuzzification - INFO - The file created is : 'src/main/resources/fcl/victim_physical.fcl'
[INFO ] 2016-10-10 10:21:30.561 [main] Fuzzification - INFO - The file created is : 'src/main/resources/fcl/victim_cyberbullying.fcl'
[INFO ] 2016-10-10 10:21:30.812 [main] Fuzzification - INFO - The file created is : 'src/main/resources/fcl/victim_cyberbullying.fcl'
[INFO ] 2016-10-10 10:21:31.233 [main] Fuzzification - INFO - The file created is : 'src/main/resources/fcl/victim_cyberbullying.fcl'
[INFO ] 2016-10-10 10:21:32.335 [main] Fuzzification - INFO - The file created is : 'src/main/resources/fcl/victim_verbal.fcl'
[INFO ] 2016-10-10 10:21:32.556 [main] Fuzzification - INFO - The file created is : 'src/main/resources/fcl/victim_verbal.fcl'
[INFO ] 2016-10-10 10:21:33.651 [main] Fuzzification - INFO - The file created is : 'src/main/resources/fcl/victim_verbal.fcl'
[INFO ] 2016-10-10 10:21:34.136 [main] Fuzzification - INFO - The file created is : 'src/main/resources/fcl/bully_cyberbullying.fcl'
[INFO ] 2016-10-10 10:21:34.782 [main] ReadTweets - INFO - CSV File written successfully
